test: (g=0): rw=randread, bs=4096B-4096B,4096B-4096B,4096B-4096B, ioengine=spdk, iodepth=1
fio-2.18
Starting 1 thread
Starting DPDK 17.05.0 initialization...
[ DPDK EAL parameters: fio -c 0x1 -m 512 --file-prefix=spdk_pid2212 ]
EAL: Probing VFIO support...
EAL: WARNING: Master core has no memory on local socket!
EAL: PCI device 0000:83:00.0 on NUMA socket 1
EAL:   probe driver: 8086:953 spdk_nvme
EAL: PCI device 0000:84:00.0 on NUMA socket 1
EAL:   probe driver: 8086:953 spdk_nvme
EAL: PCI device 0000:85:00.0 on NUMA socket 1
EAL:   probe driver: 8086:953 spdk_nvme
EAL: PCI device 0000:86:00.0 on NUMA socket 1
EAL:   probe driver: 8086:953 spdk_nvme
EAL: PCI device 0000:87:00.0 on NUMA socket 1
EAL:   probe driver: 8086:953 spdk_nvme
EAL: PCI device 0000:88:00.0 on NUMA socket 1
EAL:   probe driver: 8086:953 spdk_nvme
EAL: PCI device 0000:89:00.0 on NUMA socket 1
EAL:   probe driver: 8086:953 spdk_nvme
EAL: PCI device 0000:8a:00.0 on NUMA socket 1
EAL:   probe driver: 8086:953 spdk_nvme

test: (groupid=0, jobs=1): err= 0: pid=2301: Wed Jul 12 14:22:59 2017
   read: IOPS=16.6k, BW=64.5MiB/s (67.6MB/s)(37.8GiB/600001msec)
    slat (usec): min=0, max=16, avg= 0.02, stdev= 0.15
    clat (usec): min=23, max=3380, avg=60.12, stdev=64.57
     lat (usec): min=23, max=3380, avg=60.14, stdev=64.57
    clat percentiles (usec):
     |  1.00th=[   34],  5.00th=[   34], 10.00th=[   34], 20.00th=[   35],
     | 30.00th=[   35], 40.00th=[   35], 50.00th=[   37], 60.00th=[   73],
     | 70.00th=[   79], 80.00th=[   84], 90.00th=[   95], 95.00th=[   96],
     | 99.00th=[   98], 99.50th=[  107], 99.90th=[  612], 99.95th=[ 1800],
     | 99.99th=[ 2768]
    lat (usec) : 50=50.99%, 100=48.30%, 250=0.53%, 500=0.07%, 750=0.02%
    lat (usec) : 1000=0.02%
    lat (msec) : 2=0.03%, 4=0.04%
  cpu          : usr=99.86%, sys=0.00%, ctx=159, majf=0, minf=68876
  IO depths    : 1=100.0%, 2=0.0%, 4=0.0%, 8=0.0%, 16=0.0%, 32=0.0%, >=64=0.0%
     submit    : 0=0.0%, 4=100.0%, 8=0.0%, 16=0.0%, 32=0.0%, 64=0.0%, >=64=0.0%
     complete  : 0=0.0%, 4=100.0%, 8=0.0%, 16=0.0%, 32=0.0%, 64=0.0%, >=64=0.0%
     issued rwt: total=9902425,0,0, short=0,0,0, dropped=0,0,0
     latency   : target=0, window=0, percentile=100.00%, depth=1

Run status group 0 (all jobs):
   READ: bw=64.5MiB/s (67.6MB/s), 64.5MiB/s-64.5MiB/s (67.6MB/s-67.6MB/s), io=37.8GiB (40.6GB), run=600001-600001msec
