job0: (g=0): rw=randwrite, bs=4096B-4096B,4096B-4096B,4096B-4096B, ioengine=libaio, iodepth=1
job1: (g=0): rw=randwrite, bs=4096B-4096B,4096B-4096B,4096B-4096B, ioengine=libaio, iodepth=1
job2: (g=0): rw=randwrite, bs=4096B-4096B,4096B-4096B,4096B-4096B, ioengine=libaio, iodepth=1
job3: (g=0): rw=randwrite, bs=4096B-4096B,4096B-4096B,4096B-4096B, ioengine=libaio, iodepth=1
job4: (g=0): rw=randwrite, bs=4096B-4096B,4096B-4096B,4096B-4096B, ioengine=libaio, iodepth=1
job5: (g=0): rw=randwrite, bs=4096B-4096B,4096B-4096B,4096B-4096B, ioengine=libaio, iodepth=1
job6: (g=0): rw=randwrite, bs=4096B-4096B,4096B-4096B,4096B-4096B, ioengine=libaio, iodepth=1
job7: (g=0): rw=randwrite, bs=4096B-4096B,4096B-4096B,4096B-4096B, ioengine=libaio, iodepth=1
fio-2.18
Starting 8 threads

job0: (groupid=0, jobs=1): err= 0: pid=37527: Wed Jul 12 11:23:07 2017
  write: IOPS=62.3k, BW=243MiB/s (255MB/s)(143GiB/600001msec)
    slat (usec): min=1, max=44, avg= 3.15, stdev= 0.96
    clat (usec): min=0, max=8623, avg=12.07, stdev=12.09
     lat (usec): min=10, max=8626, avg=15.27, stdev=12.15
    clat percentiles (usec):
     |  1.00th=[   10],  5.00th=[   10], 10.00th=[   10], 20.00th=[   11],
     | 30.00th=[   11], 40.00th=[   11], 50.00th=[   12], 60.00th=[   12],
     | 70.00th=[   12], 80.00th=[   13], 90.00th=[   14], 95.00th=[   15],
     | 99.00th=[   21], 99.50th=[   23], 99.90th=[   34], 99.95th=[   43],
     | 99.99th=[   53]
    lat (usec) : 2=0.01%, 4=0.01%, 10=0.11%, 20=98.57%, 50=1.29%
    lat (usec) : 100=0.01%, 250=0.01%, 500=0.01%, 750=0.01%, 1000=0.01%
    lat (msec) : 2=0.01%, 4=0.01%, 10=0.01%
  cpu          : usr=10.14%, sys=36.60%, ctx=37367959, majf=0, minf=5078
  IO depths    : 1=100.0%, 2=0.0%, 4=0.0%, 8=0.0%, 16=0.0%, 32=0.0%, >=64=0.0%
     submit    : 0=0.0%, 4=100.0%, 8=0.0%, 16=0.0%, 32=0.0%, 64=0.0%, >=64=0.0%
     complete  : 0=0.0%, 4=100.0%, 8=0.0%, 16=0.0%, 32=0.0%, 64=0.0%, >=64=0.0%
     issued rwt: total=0,37372225,0, short=0,0,0, dropped=0,0,0
     latency   : target=0, window=0, percentile=100.00%, depth=1
job1: (groupid=0, jobs=1): err= 0: pid=37536: Wed Jul 12 11:23:07 2017
  write: IOPS=63.8k, BW=249MiB/s (261MB/s)(146GiB/600001msec)
    slat (usec): min=1, max=101, avg= 3.22, stdev= 1.13
    clat (usec): min=0, max=8437, avg=11.86, stdev=12.39
     lat (usec): min=10, max=8440, avg=15.12, stdev=12.51
    clat percentiles (usec):
     |  1.00th=[   10],  5.00th=[   10], 10.00th=[   10], 20.00th=[   10],
     | 30.00th=[   11], 40.00th=[   11], 50.00th=[   11], 60.00th=[   11],
     | 70.00th=[   12], 80.00th=[   12], 90.00th=[   14], 95.00th=[   16],
     | 99.00th=[   23], 99.50th=[   29], 99.90th=[   55], 99.95th=[   57],
     | 99.99th=[   64]
    lat (usec) : 2=0.01%, 4=0.01%, 10=0.39%, 20=97.76%, 50=1.69%
    lat (usec) : 100=0.15%, 250=0.01%, 500=0.01%, 750=0.01%, 1000=0.01%
    lat (msec) : 2=0.01%, 4=0.01%, 10=0.01%
  cpu          : usr=6.91%, sys=39.63%, ctx=38267322, majf=0, minf=8484
  IO depths    : 1=100.0%, 2=0.0%, 4=0.0%, 8=0.0%, 16=0.0%, 32=0.0%, >=64=0.0%
     submit    : 0=0.0%, 4=100.0%, 8=0.0%, 16=0.0%, 32=0.0%, 64=0.0%, >=64=0.0%
     complete  : 0=0.0%, 4=100.0%, 8=0.0%, 16=0.0%, 32=0.0%, 64=0.0%, >=64=0.0%
     issued rwt: total=0,38276157,0, short=0,0,0, dropped=0,0,0
     latency   : target=0, window=0, percentile=100.00%, depth=1
job2: (groupid=0, jobs=1): err= 0: pid=37537: Wed Jul 12 11:23:07 2017
  write: IOPS=66.4k, BW=259MiB/s (272MB/s)(152GiB/600001msec)
    slat (usec): min=1, max=166, avg= 2.72, stdev= 0.78
    clat (usec): min=0, max=8801, avg=11.70, stdev=12.76
     lat (usec): min=10, max=8804, avg=14.46, stdev=12.78
    clat percentiles (usec):
     |  1.00th=[   10],  5.00th=[   10], 10.00th=[   10], 20.00th=[   10],
     | 30.00th=[   11], 40.00th=[   11], 50.00th=[   11], 60.00th=[   11],
     | 70.00th=[   12], 80.00th=[   12], 90.00th=[   13], 95.00th=[   16],
     | 99.00th=[   21], 99.50th=[   24], 99.90th=[   39], 99.95th=[   44],
     | 99.99th=[   52]
    lat (usec) : 2=0.01%, 4=0.01%, 10=0.09%, 20=98.42%, 50=1.47%
    lat (usec) : 100=0.01%, 250=0.01%, 500=0.01%, 750=0.01%, 1000=0.01%
    lat (msec) : 2=0.01%, 4=0.01%, 10=0.01%
  cpu          : usr=8.07%, sys=35.11%, ctx=39821467, majf=0, minf=5093
  IO depths    : 1=100.0%, 2=0.0%, 4=0.0%, 8=0.0%, 16=0.0%, 32=0.0%, >=64=0.0%
     submit    : 0=0.0%, 4=100.0%, 8=0.0%, 16=0.0%, 32=0.0%, 64=0.0%, >=64=0.0%
     complete  : 0=0.0%, 4=100.0%, 8=0.0%, 16=0.0%, 32=0.0%, 64=0.0%, >=64=0.0%
     issued rwt: total=0,39824774,0, short=0,0,0, dropped=0,0,0
     latency   : target=0, window=0, percentile=100.00%, depth=1
job3: (groupid=0, jobs=1): err= 0: pid=37538: Wed Jul 12 11:23:07 2017
  write: IOPS=66.9k, BW=258MiB/s (270MB/s)(151GiB/600001msec)
    slat (usec): min=1, max=57, avg= 2.52, stdev= 1.03
    clat (usec): min=0, max=8707, avg=12.07, stdev=12.71
     lat (usec): min=8, max=8708, avg=14.63, stdev=12.77
    clat percentiles (usec):
     |  1.00th=[    9],  5.00th=[   10], 10.00th=[   10], 20.00th=[   11],
     | 30.00th=[   11], 40.00th=[   11], 50.00th=[   12], 60.00th=[   12],
     | 70.00th=[   12], 80.00th=[   13], 90.00th=[   14], 95.00th=[   16],
     | 99.00th=[   23], 99.50th=[   26], 99.90th=[   41], 99.95th=[   46],
     | 99.99th=[   55]
    lat (usec) : 2=0.01%, 4=0.01%, 10=4.15%, 20=93.88%, 50=1.94%
    lat (usec) : 100=0.03%, 250=0.01%, 500=0.01%, 750=0.01%, 1000=0.01%
    lat (msec) : 2=0.01%, 4=0.01%, 10=0.01%
  cpu          : usr=8.60%, sys=33.27%, ctx=39601796, majf=0, minf=6915
  IO depths    : 1=100.0%, 2=0.0%, 4=0.0%, 8=0.0%, 16=0.0%, 32=0.0%, >=64=0.0%
     submit    : 0=0.0%, 4=100.0%, 8=0.0%, 16=0.0%, 32=0.0%, 64=0.0%, >=64=0.0%
     complete  : 0=0.0%, 4=100.0%, 8=0.0%, 16=0.0%, 32=0.0%, 64=0.0%, >=64=0.0%
     issued rwt: total=0,39606007,0, short=0,0,0, dropped=0,0,0
     latency   : target=0, window=0, percentile=100.00%, depth=1
job4: (groupid=0, jobs=1): err= 0: pid=37539: Wed Jul 12 11:23:07 2017
  write: IOPS=69.9k, BW=273MiB/s (286MB/s)(160GiB/600001msec)
    slat (usec): min=1, max=397, avg= 2.52, stdev= 0.87
    clat (usec): min=0, max=8667, avg=11.28, stdev=12.54
     lat (usec): min=8, max=8671, avg=13.84, stdev=12.59
    clat percentiles (usec):
     |  1.00th=[    8],  5.00th=[    9], 10.00th=[    9], 20.00th=[   10],
     | 30.00th=[   10], 40.00th=[   11], 50.00th=[   11], 60.00th=[   11],
     | 70.00th=[   11], 80.00th=[   12], 90.00th=[   13], 95.00th=[   15],
     | 99.00th=[   21], 99.50th=[   24], 99.90th=[   36], 99.95th=[   44],
     | 99.99th=[   55]
    lat (usec) : 2=0.01%, 4=0.01%, 10=10.41%, 20=88.28%, 50=1.29%
    lat (usec) : 100=0.02%, 250=0.01%, 500=0.01%, 750=0.01%
    lat (msec) : 2=0.01%, 10=0.01%
  cpu          : usr=7.51%, sys=34.19%, ctx=41925136, majf=0, minf=8490
  IO depths    : 1=100.0%, 2=0.0%, 4=0.0%, 8=0.0%, 16=0.0%, 32=0.0%, >=64=0.0%
     submit    : 0=0.0%, 4=100.0%, 8=0.0%, 16=0.0%, 32=0.0%, 64=0.0%, >=64=0.0%
     complete  : 0=0.0%, 4=100.0%, 8=0.0%, 16=0.0%, 32=0.0%, 64=0.0%, >=64=0.0%
     issued rwt: total=0,41928630,0, short=0,0,0, dropped=0,0,0
     latency   : target=0, window=0, percentile=100.00%, depth=1
job5: (groupid=0, jobs=1): err= 0: pid=37540: Wed Jul 12 11:23:07 2017
  write: IOPS=68.5k, BW=267MiB/s (280MB/s)(157GiB/600001msec)
    slat (usec): min=1, max=271, avg= 2.66, stdev= 0.74
    clat (usec): min=0, max=8808, avg=11.12, stdev=12.75
     lat (usec): min=10, max=8811, avg=13.82, stdev=12.77
    clat percentiles (usec):
     |  1.00th=[   10],  5.00th=[   10], 10.00th=[   10], 20.00th=[   10],
     | 30.00th=[   10], 40.00th=[   10], 50.00th=[   11], 60.00th=[   11],
     | 70.00th=[   11], 80.00th=[   11], 90.00th=[   12], 95.00th=[   14],
     | 99.00th=[   20], 99.50th=[   24], 99.90th=[   33], 99.95th=[   42],
     | 99.99th=[   52]
    lat (usec) : 2=0.01%, 4=0.01%, 10=0.07%, 20=98.87%, 50=1.05%
    lat (usec) : 100=0.01%, 250=0.01%, 500=0.01%, 750=0.01%, 1000=0.01%
    lat (msec) : 2=0.01%, 10=0.01%
  cpu          : usr=10.93%, sys=32.49%, ctx=41048129, majf=0, minf=5047
  IO depths    : 1=100.0%, 2=0.0%, 4=0.0%, 8=0.0%, 16=0.0%, 32=0.0%, >=64=0.0%
     submit    : 0=0.0%, 4=100.0%, 8=0.0%, 16=0.0%, 32=0.0%, 64=0.0%, >=64=0.0%
     complete  : 0=0.0%, 4=100.0%, 8=0.0%, 16=0.0%, 32=0.0%, 64=0.0%, >=64=0.0%
     issued rwt: total=0,41049534,0, short=0,0,0, dropped=0,0,0
     latency   : target=0, window=0, percentile=100.00%, depth=1
job6: (groupid=0, jobs=1): err= 0: pid=37541: Wed Jul 12 11:23:07 2017
  write: IOPS=83.1k, BW=328MiB/s (344MB/s)(192GiB/600001msec)
    slat (usec): min=1, max=268, avg= 1.76, stdev= 0.68
    clat (usec): min=0, max=8743, avg= 9.66, stdev=12.45
     lat (usec): min=8, max=8744, avg=11.45, stdev=12.46
    clat percentiles (usec):
     |  1.00th=[    8],  5.00th=[    8], 10.00th=[    8], 20.00th=[    9],
     | 30.00th=[    9], 40.00th=[    9], 50.00th=[    9], 60.00th=[    9],
     | 70.00th=[    9], 80.00th=[   10], 90.00th=[   10], 95.00th=[   13],
     | 99.00th=[   20], 99.50th=[   24], 99.90th=[   38], 99.95th=[   43],
     | 99.99th=[   51]
    lat (usec) : 2=0.01%, 4=0.01%, 10=77.87%, 20=20.85%, 50=1.26%
    lat (usec) : 100=0.01%, 250=0.01%, 500=0.01%, 750=0.01%, 1000=0.01%
    lat (msec) : 2=0.01%, 4=0.01%, 10=0.01%
  cpu          : usr=16.71%, sys=20.49%, ctx=50342563, majf=0, minf=8505
  IO depths    : 1=100.0%, 2=0.0%, 4=0.0%, 8=0.0%, 16=0.0%, 32=0.0%, >=64=0.0%
     submit    : 0=0.0%, 4=100.0%, 8=0.0%, 16=0.0%, 32=0.0%, 64=0.0%, >=64=0.0%
     complete  : 0=0.0%, 4=100.0%, 8=0.0%, 16=0.0%, 32=0.0%, 64=0.0%, >=64=0.0%
     issued rwt: total=0,50348371,0, short=0,0,0, dropped=0,0,0
     latency   : target=0, window=0, percentile=100.00%, depth=1
job7: (groupid=0, jobs=1): err= 0: pid=37542: Wed Jul 12 11:23:07 2017
  write: IOPS=67.3k, BW=262MiB/s (275MB/s)(153GiB/600000msec)
    slat (usec): min=1, max=414, avg= 2.82, stdev= 0.91
    clat (usec): min=0, max=7655, avg=11.53, stdev=11.90
     lat (usec): min=9, max=7658, avg=14.38, stdev=11.94
    clat percentiles (usec):
     |  1.00th=[   10],  5.00th=[   10], 10.00th=[   10], 20.00th=[   10],
     | 30.00th=[   11], 40.00th=[   11], 50.00th=[   11], 60.00th=[   11],
     | 70.00th=[   12], 80.00th=[   12], 90.00th=[   13], 95.00th=[   15],
     | 99.00th=[   20], 99.50th=[   23], 99.90th=[   30], 99.95th=[   44],
     | 99.99th=[   61]
    lat (usec) : 2=0.01%, 4=0.01%, 10=0.16%, 20=98.77%, 50=1.04%
    lat (usec) : 100=0.02%, 250=0.01%, 500=0.01%, 750=0.01%, 1000=0.01%
    lat (msec) : 2=0.01%, 10=0.01%
  cpu          : usr=7.33%, sys=36.97%, ctx=40210265, majf=0, minf=10244
  IO depths    : 1=100.0%, 2=0.0%, 4=0.0%, 8=0.0%, 16=0.0%, 32=0.0%, >=64=0.0%
     submit    : 0=0.0%, 4=100.0%, 8=0.0%, 16=0.0%, 32=0.0%, 64=0.0%, >=64=0.0%
     complete  : 0=0.0%, 4=100.0%, 8=0.0%, 16=0.0%, 32=0.0%, 64=0.0%, >=64=0.0%
     issued rwt: total=0,40214354,0, short=0,0,0, dropped=0,0,0
     latency   : target=0, window=0, percentile=100.00%, depth=1

Run status group 0 (all jobs):
  WRITE: bw=2139MiB/s (2243MB/s), 243MiB/s-328MiB/s (255MB/s-344MB/s), io=1254GiB (1346GB), run=600000-600001msec

Disk stats (read/write):
  nvme0n1: ios=60/37363264, merge=0/0, ticks=2/372735, in_queue=365687, util=60.95%
  nvme1n1: ios=60/38266332, merge=0/0, ticks=5/379730, in_queue=371014, util=61.84%
  nvme2n1: ios=0/39814355, merge=0/0, ticks=0/388879, in_queue=381256, util=63.56%
  nvme3n1: ios=0/39595939, merge=0/0, ticks=0/391697, in_queue=384901, util=64.17%
  nvme4n1: ios=0/41917954, merge=0/0, ticks=0/396095, in_queue=388733, util=64.81%
  nvme5n1: ios=0/41039113, merge=0/0, ticks=0/378832, in_queue=372137, util=62.04%
  nvme6n1: ios=0/50335337, merge=0/0, ticks=0/404010, in_queue=401495, util=66.94%
  nvme7n1: ios=0/40204956, merge=0/0, ticks=0/385056, in_queue=377240, util=62.90%
