job0: (g=0): rw=randread, bs=4096B-4096B,4096B-4096B,4096B-4096B, ioengine=libaio, iodepth=1
job1: (g=0): rw=randread, bs=4096B-4096B,4096B-4096B,4096B-4096B, ioengine=libaio, iodepth=1
job2: (g=0): rw=randread, bs=4096B-4096B,4096B-4096B,4096B-4096B, ioengine=libaio, iodepth=1
job3: (g=0): rw=randread, bs=4096B-4096B,4096B-4096B,4096B-4096B, ioengine=libaio, iodepth=1
job4: (g=0): rw=randread, bs=4096B-4096B,4096B-4096B,4096B-4096B, ioengine=libaio, iodepth=1
job5: (g=0): rw=randread, bs=4096B-4096B,4096B-4096B,4096B-4096B, ioengine=libaio, iodepth=1
job6: (g=0): rw=randread, bs=4096B-4096B,4096B-4096B,4096B-4096B, ioengine=libaio, iodepth=1
job7: (g=0): rw=randread, bs=4096B-4096B,4096B-4096B,4096B-4096B, ioengine=libaio, iodepth=1
fio-2.18
Starting 8 threads

job0: (groupid=0, jobs=1): err= 0: pid=37167: Wed Jul 12 11:07:56 2017
   read: IOPS=14.3k, BW=55.7MiB/s (58.4MB/s)(16.4GiB/300001msec)
    slat (usec): min=2, max=65, avg= 5.41, stdev= 2.22
    clat (usec): min=10, max=3404, avg=62.94, stdev=33.02
     lat (usec): min=40, max=3408, avg=68.44, stdev=33.16
    clat percentiles (usec):
     |  1.00th=[   40],  5.00th=[   41], 10.00th=[   41], 20.00th=[   42],
     | 30.00th=[   43], 40.00th=[   44], 50.00th=[   57], 60.00th=[   63],
     | 70.00th=[   69], 80.00th=[   86], 90.00th=[  102], 95.00th=[  113],
     | 99.00th=[  129], 99.50th=[  137], 99.90th=[  201], 99.95th=[  258],
     | 99.99th=[  780]
    lat (usec) : 20=0.01%, 50=47.29%, 100=41.32%, 250=11.33%, 500=0.04%
    lat (usec) : 750=0.01%, 1000=0.01%
    lat (msec) : 2=0.01%, 4=0.01%
  cpu          : usr=5.09%, sys=14.89%, ctx=4271677, majf=0, minf=3542
  IO depths    : 1=100.0%, 2=0.0%, 4=0.0%, 8=0.0%, 16=0.0%, 32=0.0%, >=64=0.0%
     submit    : 0=0.0%, 4=100.0%, 8=0.0%, 16=0.0%, 32=0.0%, 64=0.0%, >=64=0.0%
     complete  : 0=0.0%, 4=100.0%, 8=0.0%, 16=0.0%, 32=0.0%, 64=0.0%, >=64=0.0%
     issued rwt: total=4271653,0,0, short=0,0,0, dropped=0,0,0
     latency   : target=0, window=0, percentile=100.00%, depth=1
job1: (groupid=0, jobs=1): err= 0: pid=37168: Wed Jul 12 11:07:56 2017
   read: IOPS=16.7k, BW=65.3MiB/s (68.4MB/s)(19.2GiB/300001msec)
    slat (usec): min=1, max=72, avg= 4.05, stdev= 2.31
    clat (usec): min=1, max=3350, avg=54.72, stdev=30.27
     lat (usec): min=39, max=3354, avg=58.84, stdev=30.52
    clat percentiles (usec):
     |  1.00th=[   38],  5.00th=[   39], 10.00th=[   40], 20.00th=[   40],
     | 30.00th=[   41], 40.00th=[   41], 50.00th=[   42], 60.00th=[   43],
     | 70.00th=[   51], 80.00th=[   80], 90.00th=[   90], 95.00th=[   98],
     | 99.00th=[  107], 99.50th=[  120], 99.90th=[  183], 99.95th=[  245],
     | 99.99th=[  620]
    lat (usec) : 2=0.01%, 20=0.01%, 50=69.44%, 100=26.06%, 250=4.45%
    lat (usec) : 500=0.03%, 750=0.01%, 1000=0.01%
    lat (msec) : 2=0.01%, 4=0.01%
  cpu          : usr=3.43%, sys=13.71%, ctx=5008581, majf=0, minf=5791
  IO depths    : 1=100.0%, 2=0.0%, 4=0.0%, 8=0.0%, 16=0.0%, 32=0.0%, >=64=0.0%
     submit    : 0=0.0%, 4=100.0%, 8=0.0%, 16=0.0%, 32=0.0%, 64=0.0%, >=64=0.0%
     complete  : 0=0.0%, 4=100.0%, 8=0.0%, 16=0.0%, 32=0.0%, 64=0.0%, >=64=0.0%
     issued rwt: total=5008566,0,0, short=0,0,0, dropped=0,0,0
     latency   : target=0, window=0, percentile=100.00%, depth=1
job2: (groupid=0, jobs=1): err= 0: pid=37169: Wed Jul 12 11:07:56 2017
   read: IOPS=16.7k, BW=64.1MiB/s (68.2MB/s)(19.4GiB/300001msec)
    slat (usec): min=1, max=67, avg= 4.32, stdev= 1.86
    clat (usec): min=6, max=3200, avg=54.47, stdev=30.72
     lat (usec): min=40, max=3204, avg=58.86, stdev=30.79
    clat percentiles (usec):
     |  1.00th=[   39],  5.00th=[   40], 10.00th=[   40], 20.00th=[   41],
     | 30.00th=[   41], 40.00th=[   42], 50.00th=[   42], 60.00th=[   43],
     | 70.00th=[   48], 80.00th=[   79], 90.00th=[   90], 95.00th=[   98],
     | 99.00th=[  105], 99.50th=[  109], 99.90th=[  195], 99.95th=[  258],
     | 99.99th=[  796]
    lat (usec) : 10=0.01%, 20=0.01%, 50=70.81%, 100=24.94%, 250=4.19%
    lat (usec) : 500=0.04%, 750=0.01%, 1000=0.01%
    lat (msec) : 2=0.01%, 4=0.01%
  cpu          : usr=4.17%, sys=13.95%, ctx=4989268, majf=0, minf=3551
  IO depths    : 1=100.0%, 2=0.0%, 4=0.0%, 8=0.0%, 16=0.0%, 32=0.0%, >=64=0.0%
     submit    : 0=0.0%, 4=100.0%, 8=0.0%, 16=0.0%, 32=0.0%, 64=0.0%, >=64=0.0%
     complete  : 0=0.0%, 4=100.0%, 8=0.0%, 16=0.0%, 32=0.0%, 64=0.0%, >=64=0.0%
     issued rwt: total=4989255,0,0, short=0,0,0, dropped=0,0,0
     latency   : target=0, window=0, percentile=100.00%, depth=1
job3: (groupid=0, jobs=1): err= 0: pid=37170: Wed Jul 12 11:07:56 2017
   read: IOPS=17.1k, BW=66.9MiB/s (70.3MB/s)(19.6GiB/300001msec)
    slat (usec): min=1, max=62, avg= 4.03, stdev= 2.28
    clat (usec): min=1, max=3205, avg=53.61, stdev=30.51
     lat (usec): min=37, max=3209, avg=57.69, stdev=30.62
    clat percentiles (usec):
     |  1.00th=[   37],  5.00th=[   38], 10.00th=[   39], 20.00th=[   39],
     | 30.00th=[   40], 40.00th=[   40], 50.00th=[   41], 60.00th=[   42],
     | 70.00th=[   49], 80.00th=[   78], 90.00th=[   89], 95.00th=[   97],
     | 99.00th=[  105], 99.50th=[  112], 99.90th=[  197], 99.95th=[  247],
     | 99.99th=[  772]
    lat (usec) : 2=0.01%, 10=0.01%, 20=0.01%, 50=70.12%, 100=26.01%
    lat (usec) : 250=3.83%, 500=0.03%, 750=0.01%, 1000=0.01%
    lat (msec) : 2=0.01%, 4=0.01%
  cpu          : usr=2.67%, sys=13.86%, ctx=5129079, majf=0, minf=3572
  IO depths    : 1=100.0%, 2=0.0%, 4=0.0%, 8=0.0%, 16=0.0%, 32=0.0%, >=64=0.0%
     submit    : 0=0.0%, 4=100.0%, 8=0.0%, 16=0.0%, 32=0.0%, 64=0.0%, >=64=0.0%
     complete  : 0=0.0%, 4=100.0%, 8=0.0%, 16=0.0%, 32=0.0%, 64=0.0%, >=64=0.0%
     issued rwt: total=5129069,0,0, short=0,0,0, dropped=0,0,0
     latency   : target=0, window=0, percentile=100.00%, depth=1
job4: (groupid=0, jobs=1): err= 0: pid=37171: Wed Jul 12 11:07:56 2017
   read: IOPS=17.7k, BW=69.5MiB/s (72.4MB/s)(20.3GiB/300001msec)
    slat (usec): min=1, max=173, avg= 3.47, stdev= 2.13
    clat (usec): min=0, max=5468, avg=52.29, stdev=30.68
     lat (usec): min=36, max=5473, avg=55.82, stdev=30.77
    clat percentiles (usec):
     |  1.00th=[   36],  5.00th=[   37], 10.00th=[   38], 20.00th=[   38],
     | 30.00th=[   39], 40.00th=[   39], 50.00th=[   40], 60.00th=[   41],
     | 70.00th=[   46], 80.00th=[   77], 90.00th=[   88], 95.00th=[   96],
     | 99.00th=[  103], 99.50th=[  110], 99.90th=[  195], 99.95th=[  247],
     | 99.99th=[  772]
    lat (usec) : 2=0.01%, 4=0.01%, 20=0.01%, 50=70.78%, 100=26.29%
    lat (usec) : 250=2.88%, 500=0.03%, 750=0.01%, 1000=0.01%
    lat (msec) : 2=0.01%, 4=0.01%, 10=0.01%
  cpu          : usr=2.90%, sys=11.91%, ctx=5302310, majf=0, minf=3546
  IO depths    : 1=100.0%, 2=0.0%, 4=0.0%, 8=0.0%, 16=0.0%, 32=0.0%, >=64=0.0%
     submit    : 0=0.0%, 4=100.0%, 8=0.0%, 16=0.0%, 32=0.0%, 64=0.0%, >=64=0.0%
     complete  : 0=0.0%, 4=100.0%, 8=0.0%, 16=0.0%, 32=0.0%, 64=0.0%, >=64=0.0%
     issued rwt: total=5302308,0,0, short=0,0,0, dropped=0,0,0
     latency   : target=0, window=0, percentile=100.00%, depth=1
job5: (groupid=0, jobs=1): err= 0: pid=37172: Wed Jul 12 11:07:56 2017
   read: IOPS=16.1k, BW=66.2MiB/s (69.4MB/s)(19.4GiB/300001msec)
    slat (usec): min=1, max=269, avg= 3.90, stdev= 1.87
    clat (usec): min=2, max=3251, avg=53.95, stdev=30.75
     lat (usec): min=39, max=3253, avg=57.91, stdev=30.83
    clat percentiles (usec):
     |  1.00th=[   38],  5.00th=[   38], 10.00th=[   39], 20.00th=[   40],
     | 30.00th=[   41], 40.00th=[   41], 50.00th=[   42], 60.00th=[   43],
     | 70.00th=[   47], 80.00th=[   78], 90.00th=[   89], 95.00th=[   98],
     | 99.00th=[  105], 99.50th=[  109], 99.90th=[  201], 99.95th=[  258],
     | 99.99th=[  820]
    lat (usec) : 4=0.01%, 10=0.01%, 20=0.01%, 50=71.01%, 100=25.02%
    lat (usec) : 250=3.91%, 500=0.04%, 750=0.01%, 1000=0.01%
    lat (msec) : 2=0.01%, 4=0.01%
  cpu          : usr=3.72%, sys=13.20%, ctx=5082120, majf=0, minf=9556
  IO depths    : 1=100.0%, 2=0.0%, 4=0.0%, 8=0.0%, 16=0.0%, 32=0.0%, >=64=0.0%
     submit    : 0=0.0%, 4=100.0%, 8=0.0%, 16=0.0%, 32=0.0%, 64=0.0%, >=64=0.0%
     complete  : 0=0.0%, 4=100.0%, 8=0.0%, 16=0.0%, 32=0.0%, 64=0.0%, >=64=0.0%
     issued rwt: total=5082109,0,0, short=0,0,0, dropped=0,0,0
     latency   : target=0, window=0, percentile=100.00%, depth=1
job6: (groupid=0, jobs=1): err= 0: pid=37173: Wed Jul 12 11:07:56 2017
   read: IOPS=18.2k, BW=70.9MiB/s (74.3MB/s)(20.8GiB/300001msec)
    slat (usec): min=1, max=280, avg= 3.04, stdev= 2.07
    clat (usec): min=1, max=3339, avg=51.31, stdev=29.99
     lat (usec): min=36, max=3343, avg=54.41, stdev=30.08
    clat percentiles (usec):
     |  1.00th=[   36],  5.00th=[   36], 10.00th=[   37], 20.00th=[   38],
     | 30.00th=[   38], 40.00th=[   38], 50.00th=[   39], 60.00th=[   40],
     | 70.00th=[   44], 80.00th=[   76], 90.00th=[   87], 95.00th=[   95],
     | 99.00th=[  102], 99.50th=[  106], 99.90th=[  185], 99.95th=[  245],
     | 99.99th=[  772]
    lat (usec) : 2=0.01%, 4=0.01%, 10=0.01%, 20=0.01%, 50=71.20%
    lat (usec) : 100=26.46%, 250=2.29%, 500=0.03%, 750=0.01%, 1000=0.01%
    lat (msec) : 2=0.01%, 4=0.01%
  cpu          : usr=3.45%, sys=10.40%, ctx=5436753, majf=0, minf=3552
  IO depths    : 1=100.0%, 2=0.0%, 4=0.0%, 8=0.0%, 16=0.0%, 32=0.0%, >=64=0.0%
     submit    : 0=0.0%, 4=100.0%, 8=0.0%, 16=0.0%, 32=0.0%, 64=0.0%, >=64=0.0%
     complete  : 0=0.0%, 4=100.0%, 8=0.0%, 16=0.0%, 32=0.0%, 64=0.0%, >=64=0.0%
     issued rwt: total=5436742,0,0, short=0,0,0, dropped=0,0,0
     latency   : target=0, window=0, percentile=100.00%, depth=1
job7: (groupid=0, jobs=1): err= 0: pid=37174: Wed Jul 12 11:07:56 2017
   read: IOPS=17.6k, BW=68.8MiB/s (72.5MB/s)(20.2GiB/300001msec)
    slat (usec): min=1, max=328, avg= 4.07, stdev= 2.02
    clat (usec): min=1, max=2922, avg=51.71, stdev=20.35
     lat (usec): min=39, max=2927, avg=55.83, stdev=20.52
    clat percentiles (usec):
     |  1.00th=[   38],  5.00th=[   39], 10.00th=[   39], 20.00th=[   40],
     | 30.00th=[   40], 40.00th=[   41], 50.00th=[   42], 60.00th=[   43],
     | 70.00th=[   47], 80.00th=[   71], 90.00th=[   82], 95.00th=[   90],
     | 99.00th=[   97], 99.50th=[  100], 99.90th=[  117], 99.95th=[  127],
     | 99.99th=[  249]
    lat (usec) : 2=0.01%, 4=0.01%, 10=0.01%, 20=0.01%, 50=71.01%
    lat (usec) : 100=28.45%, 250=0.53%, 500=0.01%, 750=0.01%, 1000=0.01%
    lat (msec) : 2=0.01%, 4=0.01%
  cpu          : usr=3.42%, sys=14.12%, ctx=5276490, majf=0, minf=7069
  IO depths    : 1=100.0%, 2=0.0%, 4=0.0%, 8=0.0%, 16=0.0%, 32=0.0%, >=64=0.0%
     submit    : 0=0.0%, 4=100.0%, 8=0.0%, 16=0.0%, 32=0.0%, 64=0.0%, >=64=0.0%
     complete  : 0=0.0%, 4=100.0%, 8=0.0%, 16=0.0%, 32=0.0%, 64=0.0%, >=64=0.0%
     issued rwt: total=5276483,0,0, short=0,0,0, dropped=0,0,0
     latency   : target=0, window=0, percentile=100.00%, depth=1

Run status group 0 (all jobs):
   READ: bw=527MiB/s (553MB/s), 55.7MiB/s-70.9MiB/s (58.4MB/s-74.3MB/s), io=154GiB (166GB), run=300001-300001msec

Disk stats (read/write):
  nvme0n1: ios=4268863/0, merge=0/0, ticks=247592/0, in_queue=246456, util=82.16%
  nvme1n1: ios=5004990/0, merge=0/0, ticks=255012/0, in_queue=253650, util=84.56%
  nvme2n1: ios=4985754/0, merge=0/0, ticks=252090/0, in_queue=250673, util=83.58%
  nvme3n1: ios=5125468/0, merge=0/0, ticks=256535/0, in_queue=255345, util=85.14%
  nvme4n1: ios=5298754/0, merge=0/0, ticks=260835/0, in_queue=259982, util=86.70%
  nvme5n1: ios=5078515/0, merge=0/0, ticks=254682/0, in_queue=253401, util=84.51%
  nvme6n1: ios=5432895/0, merge=0/0, ticks=262932/0, in_queue=262383, util=87.52%
  nvme7n1: ios=5272954/0, merge=0/0, ticks=253249/0, in_queue=251851, util=84.01%
