job0: (g=0): rw=randread, bs=4096B-4096B,4096B-4096B,4096B-4096B, ioengine=libaio, iodepth=1
job1: (g=0): rw=randread, bs=4096B-4096B,4096B-4096B,4096B-4096B, ioengine=libaio, iodepth=1
job2: (g=0): rw=randread, bs=4096B-4096B,4096B-4096B,4096B-4096B, ioengine=libaio, iodepth=1
job3: (g=0): rw=randread, bs=4096B-4096B,4096B-4096B,4096B-4096B, ioengine=libaio, iodepth=1
job4: (g=0): rw=randread, bs=4096B-4096B,4096B-4096B,4096B-4096B, ioengine=libaio, iodepth=1
job5: (g=0): rw=randread, bs=4096B-4096B,4096B-4096B,4096B-4096B, ioengine=libaio, iodepth=1
job6: (g=0): rw=randread, bs=4096B-4096B,4096B-4096B,4096B-4096B, ioengine=libaio, iodepth=1
job7: (g=0): rw=randread, bs=4096B-4096B,4096B-4096B,4096B-4096B, ioengine=libaio, iodepth=1
fio-2.18
Starting 8 threads

job0: (groupid=0, jobs=1): err= 0: pid=37030: Wed Jul 12 11:02:50 2017
   read: IOPS=14.5k, BW=56.4MiB/s (59.8MB/s)(16.6GiB/300001msec)
    slat (usec): min=2, max=67, avg= 5.32, stdev= 2.22
    clat (usec): min=1, max=3327, avg=62.20, stdev=29.26
     lat (usec): min=41, max=3334, avg=67.61, stdev=29.40
    clat percentiles (usec):
     |  1.00th=[   40],  5.00th=[   41], 10.00th=[   41], 20.00th=[   42],
     | 30.00th=[   43], 40.00th=[   44], 50.00th=[   50], 60.00th=[   63],
     | 70.00th=[   69], 80.00th=[   85], 90.00th=[  101], 95.00th=[  111],
     | 99.00th=[  129], 99.50th=[  135], 99.90th=[  157], 99.95th=[  207],
     | 99.99th=[  330]
    lat (usec) : 2=0.01%, 20=0.01%, 50=49.93%, 100=39.30%, 250=10.74%
    lat (usec) : 500=0.02%, 750=0.01%, 1000=0.01%
    lat (msec) : 2=0.01%, 4=0.01%
  cpu          : usr=4.97%, sys=14.90%, ctx=4327245, majf=0, minf=5870
  IO depths    : 1=100.0%, 2=0.0%, 4=0.0%, 8=0.0%, 16=0.0%, 32=0.0%, >=64=0.0%
     submit    : 0=0.0%, 4=100.0%, 8=0.0%, 16=0.0%, 32=0.0%, 64=0.0%, >=64=0.0%
     complete  : 0=0.0%, 4=100.0%, 8=0.0%, 16=0.0%, 32=0.0%, 64=0.0%, >=64=0.0%
     issued rwt: total=4327235,0,0, short=0,0,0, dropped=0,0,0
     latency   : target=0, window=0, percentile=100.00%, depth=1
job1: (groupid=0, jobs=1): err= 0: pid=37031: Wed Jul 12 11:02:50 2017
   read: IOPS=16.4k, BW=63.2MiB/s (67.1MB/s)(18.8GiB/300001msec)
    slat (usec): min=1, max=132, avg= 4.40, stdev= 2.59
    clat (usec): min=1, max=3339, avg=55.49, stdev=28.28
     lat (usec): min=39, max=3343, avg=59.96, stdev=28.64
    clat percentiles (usec):
     |  1.00th=[   39],  5.00th=[   39], 10.00th=[   40], 20.00th=[   41],
     | 30.00th=[   41], 40.00th=[   42], 50.00th=[   43], 60.00th=[   44],
     | 70.00th=[   54], 80.00th=[   81], 90.00th=[   91], 95.00th=[   99],
     | 99.00th=[  110], 99.50th=[  123], 99.90th=[  155], 99.95th=[  223],
     | 99.99th=[  386]
    lat (usec) : 2=0.01%, 10=0.01%, 20=0.01%, 50=68.42%, 100=26.63%
    lat (usec) : 250=4.91%, 500=0.02%, 750=0.01%, 1000=0.01%
    lat (msec) : 2=0.01%, 4=0.01%
  cpu          : usr=3.50%, sys=14.69%, ctx=4914348, majf=0, minf=5964
  IO depths    : 1=100.0%, 2=0.0%, 4=0.0%, 8=0.0%, 16=0.0%, 32=0.0%, >=64=0.0%
     submit    : 0=0.0%, 4=100.0%, 8=0.0%, 16=0.0%, 32=0.0%, 64=0.0%, >=64=0.0%
     complete  : 0=0.0%, 4=100.0%, 8=0.0%, 16=0.0%, 32=0.0%, 64=0.0%, >=64=0.0%
     issued rwt: total=4914326,0,0, short=0,0,0, dropped=0,0,0
     latency   : target=0, window=0, percentile=100.00%, depth=1
job2: (groupid=0, jobs=1): err= 0: pid=37032: Wed Jul 12 11:02:50 2017
   read: IOPS=16.5k, BW=64.3MiB/s (67.4MB/s)(18.9GiB/300001msec)
    slat (usec): min=1, max=69, avg= 4.62, stdev= 2.00
    clat (usec): min=2, max=3296, avg=54.77, stdev=29.30
     lat (usec): min=40, max=3302, avg=59.46, stdev=29.39
    clat percentiles (usec):
     |  1.00th=[   39],  5.00th=[   40], 10.00th=[   40], 20.00th=[   41],
     | 30.00th=[   41], 40.00th=[   42], 50.00th=[   43], 60.00th=[   44],
     | 70.00th=[   49], 80.00th=[   79], 90.00th=[   90], 95.00th=[   99],
     | 99.00th=[  105], 99.50th=[  110], 99.90th=[  183], 99.95th=[  251],
     | 99.99th=[  516]
    lat (usec) : 4=0.01%, 10=0.01%, 20=0.01%, 50=70.50%, 100=25.06%
    lat (usec) : 250=4.39%, 500=0.04%, 750=0.01%, 1000=0.01%
    lat (msec) : 2=0.01%, 4=0.01%
  cpu          : usr=4.31%, sys=14.54%, ctx=4933769, majf=0, minf=6076
  IO depths    : 1=100.0%, 2=0.0%, 4=0.0%, 8=0.0%, 16=0.0%, 32=0.0%, >=64=0.0%
     submit    : 0=0.0%, 4=100.0%, 8=0.0%, 16=0.0%, 32=0.0%, 64=0.0%, >=64=0.0%
     complete  : 0=0.0%, 4=100.0%, 8=0.0%, 16=0.0%, 32=0.0%, 64=0.0%, >=64=0.0%
     issued rwt: total=4933756,0,0, short=0,0,0, dropped=0,0,0
     latency   : target=0, window=0, percentile=100.00%, depth=1
job3: (groupid=0, jobs=1): err= 0: pid=37033: Wed Jul 12 11:02:50 2017
   read: IOPS=16.1k, BW=66.3MiB/s (69.5MB/s)(19.5GiB/300000msec)
    slat (usec): min=1, max=70, avg= 4.52, stdev= 2.46
    clat (usec): min=1, max=3330, avg=53.60, stdev=27.73
     lat (usec): min=37, max=3333, avg=58.18, stdev=27.87
    clat percentiles (usec):
     |  1.00th=[   37],  5.00th=[   38], 10.00th=[   39], 20.00th=[   39],
     | 30.00th=[   40], 40.00th=[   41], 50.00th=[   42], 60.00th=[   42],
     | 70.00th=[   49], 80.00th=[   78], 90.00th=[   89], 95.00th=[   97],
     | 99.00th=[  105], 99.50th=[  110], 99.90th=[  141], 99.95th=[  215],
     | 99.99th=[  382]
    lat (usec) : 2=0.01%, 4=0.01%, 10=0.01%, 20=0.01%, 50=70.12%
    lat (usec) : 100=26.08%, 250=3.78%, 500=0.02%, 750=0.01%, 1000=0.01%
    lat (msec) : 2=0.01%, 4=0.01%
  cpu          : usr=2.67%, sys=14.96%, ctx=5086011, majf=0, minf=5883
  IO depths    : 1=100.0%, 2=0.0%, 4=0.0%, 8=0.0%, 16=0.0%, 32=0.0%, >=64=0.0%
     submit    : 0=0.0%, 4=100.0%, 8=0.0%, 16=0.0%, 32=0.0%, 64=0.0%, >=64=0.0%
     complete  : 0=0.0%, 4=100.0%, 8=0.0%, 16=0.0%, 32=0.0%, 64=0.0%, >=64=0.0%
     issued rwt: total=5086005,0,0, short=0,0,0, dropped=0,0,0
     latency   : target=0, window=0, percentile=100.00%, depth=1
job4: (groupid=0, jobs=1): err= 0: pid=37034: Wed Jul 12 11:02:50 2017
   read: IOPS=17.5k, BW=68.3MiB/s (71.6MB/s)(20.4GiB/300001msec)
    slat (usec): min=1, max=95, avg= 3.58, stdev= 2.60
    clat (usec): min=1, max=3221, avg=52.65, stdev=28.94
     lat (usec): min=36, max=3223, avg=56.30, stdev=29.08
    clat percentiles (usec):
     |  1.00th=[   36],  5.00th=[   37], 10.00th=[   38], 20.00th=[   38],
     | 30.00th=[   38], 40.00th=[   39], 50.00th=[   40], 60.00th=[   42],
     | 70.00th=[   55], 80.00th=[   77], 90.00th=[   88], 95.00th=[   96],
     | 99.00th=[  105], 99.50th=[  114], 99.90th=[  159], 99.95th=[  231],
     | 99.99th=[  620]
    lat (usec) : 2=0.01%, 4=0.01%, 10=0.01%, 20=0.01%, 50=69.26%
    lat (usec) : 100=27.56%, 250=3.14%, 500=0.03%, 750=0.01%, 1000=0.01%
    lat (msec) : 2=0.01%, 4=0.01%
  cpu          : usr=3.54%, sys=12.81%, ctx=5244067, majf=0, minf=6112
  IO depths    : 1=100.0%, 2=0.0%, 4=0.0%, 8=0.0%, 16=0.0%, 32=0.0%, >=64=0.0%
     submit    : 0=0.0%, 4=100.0%, 8=0.0%, 16=0.0%, 32=0.0%, 64=0.0%, >=64=0.0%
     complete  : 0=0.0%, 4=100.0%, 8=0.0%, 16=0.0%, 32=0.0%, 64=0.0%, >=64=0.0%
     issued rwt: total=5244079,0,0, short=0,0,0, dropped=0,0,0
     latency   : target=0, window=0, percentile=100.00%, depth=1
job5: (groupid=0, jobs=1): err= 0: pid=37035: Wed Jul 12 11:02:50 2017
   read: IOPS=16.3k, BW=63.7MiB/s (66.8MB/s)(18.7GiB/300001msec)
    slat (usec): min=1, max=59, avg= 4.99, stdev= 2.00
    clat (usec): min=14, max=3241, avg=54.80, stdev=28.76
     lat (usec): min=41, max=3247, avg=59.86, stdev=28.84
    clat percentiles (usec):
     |  1.00th=[   40],  5.00th=[   40], 10.00th=[   41], 20.00th=[   41],
     | 30.00th=[   42], 40.00th=[   42], 50.00th=[   43], 60.00th=[   43],
     | 70.00th=[   47], 80.00th=[   79], 90.00th=[   90], 95.00th=[   99],
     | 99.00th=[  105], 99.50th=[  110], 99.90th=[  169], 99.95th=[  249],
     | 99.99th=[  474]
    lat (usec) : 20=0.01%, 50=70.73%, 100=24.83%, 250=4.39%, 500=0.04%
    lat (usec) : 750=0.01%, 1000=0.01%
    lat (msec) : 2=0.01%, 4=0.01%
  cpu          : usr=4.69%, sys=15.07%, ctx=4889425, majf=0, minf=6077
  IO depths    : 1=100.0%, 2=0.0%, 4=0.0%, 8=0.0%, 16=0.0%, 32=0.0%, >=64=0.0%
     submit    : 0=0.0%, 4=100.0%, 8=0.0%, 16=0.0%, 32=0.0%, 64=0.0%, >=64=0.0%
     complete  : 0=0.0%, 4=100.0%, 8=0.0%, 16=0.0%, 32=0.0%, 64=0.0%, >=64=0.0%
     issued rwt: total=4889401,0,0, short=0,0,0, dropped=0,0,0
     latency   : target=0, window=0, percentile=100.00%, depth=1
job6: (groupid=0, jobs=1): err= 0: pid=37036: Wed Jul 12 11:02:50 2017
   read: IOPS=18.2k, BW=70.1MiB/s (74.4MB/s)(20.8GiB/300001msec)
    slat (usec): min=1, max=288, avg= 2.88, stdev= 1.92
    clat (usec): min=1, max=3186, avg=51.32, stdev=28.47
     lat (usec): min=37, max=3189, avg=54.26, stdev=28.53
    clat percentiles (usec):
     |  1.00th=[   37],  5.00th=[   38], 10.00th=[   38], 20.00th=[   38],
     | 30.00th=[   38], 40.00th=[   39], 50.00th=[   39], 60.00th=[   40],
     | 70.00th=[   42], 80.00th=[   76], 90.00th=[   87], 95.00th=[   95],
     | 99.00th=[  101], 99.50th=[  104], 99.90th=[  163], 99.95th=[  235],
     | 99.99th=[  620]
    lat (usec) : 2=0.01%, 4=0.01%, 10=0.01%, 20=0.01%, 50=72.07%
    lat (usec) : 100=25.35%, 250=2.53%, 500=0.03%, 750=0.01%, 1000=0.01%
    lat (msec) : 2=0.01%, 4=0.01%
  cpu          : usr=2.84%, sys=10.88%, ctx=5446745, majf=0, minf=6095
  IO depths    : 1=100.0%, 2=0.0%, 4=0.0%, 8=0.0%, 16=0.0%, 32=0.0%, >=64=0.0%
     submit    : 0=0.0%, 4=100.0%, 8=0.0%, 16=0.0%, 32=0.0%, 64=0.0%, >=64=0.0%
     complete  : 0=0.0%, 4=100.0%, 8=0.0%, 16=0.0%, 32=0.0%, 64=0.0%, >=64=0.0%
     issued rwt: total=5446724,0,0, short=0,0,0, dropped=0,0,0
     latency   : target=0, window=0, percentile=100.00%, depth=1
job7: (groupid=0, jobs=1): err= 0: pid=37037: Wed Jul 12 11:02:50 2017
   read: IOPS=16.9k, BW=65.7MiB/s (68.9MB/s)(19.3GiB/300001msec)
    slat (usec): min=1, max=394, avg= 4.62, stdev= 2.10
    clat (usec): min=1, max=2934, avg=53.40, stdev=22.79
     lat (usec): min=39, max=2940, avg=58.09, stdev=22.91
    clat percentiles (usec):
     |  1.00th=[   39],  5.00th=[   40], 10.00th=[   41], 20.00th=[   41],
     | 30.00th=[   42], 40.00th=[   43], 50.00th=[   43], 60.00th=[   44],
     | 70.00th=[   51], 80.00th=[   73], 90.00th=[   83], 95.00th=[   92],
     | 99.00th=[   99], 99.50th=[  107], 99.90th=[  127], 99.95th=[  187],
     | 99.99th=[  310]
    lat (usec) : 2=0.01%, 4=0.01%, 10=0.01%, 20=0.01%, 50=69.61%
    lat (usec) : 100=29.43%, 250=0.94%, 500=0.02%, 750=0.01%, 1000=0.01%
    lat (msec) : 2=0.01%, 4=0.01%
  cpu          : usr=4.65%, sys=15.26%, ctx=5043308, majf=0, minf=7105
  IO depths    : 1=100.0%, 2=0.0%, 4=0.0%, 8=0.0%, 16=0.0%, 32=0.0%, >=64=0.0%
     submit    : 0=0.0%, 4=100.0%, 8=0.0%, 16=0.0%, 32=0.0%, 64=0.0%, >=64=0.0%
     complete  : 0=0.0%, 4=100.0%, 8=0.0%, 16=0.0%, 32=0.0%, 64=0.0%, >=64=0.0%
     issued rwt: total=5043302,0,0, short=0,0,0, dropped=0,0,0
     latency   : target=0, window=0, percentile=100.00%, depth=1

Run status group 0 (all jobs):
   READ: bw=519MiB/s (545MB/s), 56.4MiB/s-70.1MiB/s (59.8MB/s-74.4MB/s), io=152GiB (163GB), run=300000-300001msec

Disk stats (read/write):
  nvme0n1: ios=4323375/0, merge=0/0, ticks=247481/0, in_queue=246180, util=82.07%
  nvme1n1: ios=4910616/0, merge=0/0, ticks=251860/0, in_queue=250478, util=83.51%
  nvme2n1: ios=4930102/0, merge=0/0, ticks=250255/0, in_queue=248849, util=82.97%
  nvme3n1: ios=5082186/0, merge=0/0, ticks=253868/0, in_queue=252629, util=84.24%
  nvme4n1: ios=5240473/0, merge=0/0, ticks=256340/0, in_queue=255551, util=85.22%
  nvme5n1: ios=4885963/0, merge=0/0, ticks=248150/0, in_queue=246752, util=82.29%
  nvme6n1: ios=5442875/0, merge=0/0, ticks=262896/0, in_queue=262440, util=87.54%
  nvme7n1: ios=5039745/0, merge=0/0, ticks=246811/0, in_queue=245302, util=81.83%
