job0: (g=0): rw=randrw, bs=4096B-4096B,4096B-4096B,4096B-4096B, ioengine=libaio, iodepth=1
job1: (g=0): rw=randrw, bs=4096B-4096B,4096B-4096B,4096B-4096B, ioengine=libaio, iodepth=1
job2: (g=0): rw=randrw, bs=4096B-4096B,4096B-4096B,4096B-4096B, ioengine=libaio, iodepth=1
job3: (g=0): rw=randrw, bs=4096B-4096B,4096B-4096B,4096B-4096B, ioengine=libaio, iodepth=1
job4: (g=0): rw=randrw, bs=4096B-4096B,4096B-4096B,4096B-4096B, ioengine=libaio, iodepth=1
job5: (g=0): rw=randrw, bs=4096B-4096B,4096B-4096B,4096B-4096B, ioengine=libaio, iodepth=1
job6: (g=0): rw=randrw, bs=4096B-4096B,4096B-4096B,4096B-4096B, ioengine=libaio, iodepth=1
job7: (g=0): rw=randrw, bs=4096B-4096B,4096B-4096B,4096B-4096B, ioengine=libaio, iodepth=1
fio-2.18
Starting 8 threads

job0: (groupid=0, jobs=1): err= 0: pid=38490: Wed Jul 12 11:53:24 2017
   read: IOPS=9482, BW=37.5MiB/s (38.9MB/s)(21.8GiB/600001msec)
    slat (usec): min=2, max=265, avg= 4.80, stdev= 1.57
    clat (usec): min=2, max=3397, avg=76.68, stdev=110.87
     lat (usec): min=40, max=3403, avg=81.56, stdev=110.87
    clat percentiles (usec):
     |  1.00th=[   40],  5.00th=[   41], 10.00th=[   41], 20.00th=[   42],
     | 30.00th=[   43], 40.00th=[   44], 50.00th=[   70], 60.00th=[   85],
     | 70.00th=[   88], 80.00th=[  100], 90.00th=[  105], 95.00th=[  117],
     | 99.00th=[  229], 99.50th=[  286], 99.90th=[ 2512], 99.95th=[ 2896],
     | 99.99th=[ 3088]
  write: IOPS=9476, BW=37.2MiB/s (38.9MB/s)(21.8GiB/600001msec)
    slat (usec): min=2, max=232, avg= 4.98, stdev= 1.61
    clat (usec): min=1, max=7914, avg=15.85, stdev=12.70
     lat (usec): min=12, max=7920, avg=20.91, stdev=13.05
    clat percentiles (usec):
     |  1.00th=[   12],  5.00th=[   13], 10.00th=[   13], 20.00th=[   14],
     | 30.00th=[   14], 40.00th=[   14], 50.00th=[   14], 60.00th=[   15],
     | 70.00th=[   15], 80.00th=[   15], 90.00th=[   17], 95.00th=[   31],
     | 99.00th=[   48], 99.50th=[   55], 99.90th=[   66], 99.95th=[   70],
     | 99.99th=[   81]
    lat (usec) : 2=0.01%, 4=0.01%, 10=0.03%, 20=46.36%, 50=24.40%
    lat (usec) : 100=19.17%, 250=9.63%, 500=0.24%, 750=0.03%, 1000=0.04%
    lat (msec) : 2=0.03%, 4=0.07%, 10=0.01%
  cpu          : usr=5.73%, sys=17.08%, ctx=11373002, majf=0, minf=7888
  IO depths    : 1=100.0%, 2=0.0%, 4=0.0%, 8=0.0%, 16=0.0%, 32=0.0%, >=64=0.0%
     submit    : 0=0.0%, 4=100.0%, 8=0.0%, 16=0.0%, 32=0.0%, 64=0.0%, >=64=0.0%
     complete  : 0=0.0%, 4=100.0%, 8=0.0%, 16=0.0%, 32=0.0%, 64=0.0%, >=64=0.0%
     issued rwt: total=5689381,5686185,0, short=0,0,0, dropped=0,0,0
     latency   : target=0, window=0, percentile=100.00%, depth=1
job1: (groupid=0, jobs=1): err= 0: pid=38499: Wed Jul 12 11:53:24 2017
   read: IOPS=10.7k, BW=41.8MiB/s (43.8MB/s)(24.5GiB/600001msec)
    slat (usec): min=1, max=192, avg= 3.17, stdev= 1.37
    clat (usec): min=2, max=3462, avg=72.26, stdev=111.73
     lat (usec): min=39, max=3465, avg=75.48, stdev=111.76
    clat percentiles (usec):
     |  1.00th=[   39],  5.00th=[   39], 10.00th=[   40], 20.00th=[   40],
     | 30.00th=[   41], 40.00th=[   41], 50.00th=[   58], 60.00th=[   82],
     | 70.00th=[   86], 80.00th=[   93], 90.00th=[  102], 95.00th=[  103],
     | 99.00th=[  221], 99.50th=[  278], 99.90th=[ 2512], 99.95th=[ 2864],
     | 99.99th=[ 3056]
  write: IOPS=10.7k, BW=41.8MiB/s (43.8MB/s)(24.5GiB/600001msec)
    slat (usec): min=1, max=80, avg= 3.25, stdev= 1.41
    clat (usec): min=0, max=7352, avg=13.29, stdev=11.84
     lat (usec): min=11, max=7356, avg=16.59, stdev=12.10
    clat percentiles (usec):
     |  1.00th=[   11],  5.00th=[   11], 10.00th=[   12], 20.00th=[   12],
     | 30.00th=[   12], 40.00th=[   12], 50.00th=[   13], 60.00th=[   13],
     | 70.00th=[   13], 80.00th=[   14], 90.00th=[   15], 95.00th=[   16],
     | 99.00th=[   26], 99.50th=[   43], 99.90th=[   58], 99.95th=[   61],
     | 99.99th=[   70]
    lat (usec) : 2=0.01%, 4=0.01%, 10=0.04%, 20=48.77%, 50=25.73%
    lat (usec) : 100=17.56%, 250=7.52%, 500=0.20%, 750=0.03%, 1000=0.04%
    lat (msec) : 2=0.03%, 4=0.07%, 10=0.01%
  cpu          : usr=3.11%, sys=13.65%, ctx=12825631, majf=0, minf=6406
  IO depths    : 1=100.0%, 2=0.0%, 4=0.0%, 8=0.0%, 16=0.0%, 32=0.0%, >=64=0.0%
     submit    : 0=0.0%, 4=100.0%, 8=0.0%, 16=0.0%, 32=0.0%, 64=0.0%, >=64=0.0%
     complete  : 0=0.0%, 4=100.0%, 8=0.0%, 16=0.0%, 32=0.0%, 64=0.0%, >=64=0.0%
     issued rwt: total=6411440,6414704,0, short=0,0,0, dropped=0,0,0
     latency   : target=0, window=0, percentile=100.00%, depth=1
job2: (groupid=0, jobs=1): err= 0: pid=38500: Wed Jul 12 11:53:24 2017
   read: IOPS=10.4k, BW=40.6MiB/s (42.5MB/s)(23.8GiB/600001msec)
    slat (usec): min=1, max=45, avg= 3.84, stdev= 1.14
    clat (usec): min=13, max=3729, avg=72.46, stdev=110.70
     lat (usec): min=40, max=3732, avg=76.36, stdev=110.70
    clat percentiles (usec):
     |  1.00th=[   39],  5.00th=[   39], 10.00th=[   40], 20.00th=[   41],
     | 30.00th=[   41], 40.00th=[   42], 50.00th=[   54], 60.00th=[   82],
     | 70.00th=[   86], 80.00th=[   93], 90.00th=[  102], 95.00th=[  104],
     | 99.00th=[  221], 99.50th=[  286], 99.90th=[ 2480], 99.95th=[ 2832],
     | 99.99th=[ 3056]
  write: IOPS=10.4k, BW=40.6MiB/s (42.6MB/s)(23.8GiB/600001msec)
    slat (usec): min=1, max=59, avg= 3.98, stdev= 1.16
    clat (usec): min=0, max=8313, avg=13.49, stdev=11.78
     lat (usec): min=11, max=8317, avg=17.53, stdev=11.86
    clat percentiles (usec):
     |  1.00th=[   11],  5.00th=[   11], 10.00th=[   12], 20.00th=[   12],
     | 30.00th=[   13], 40.00th=[   13], 50.00th=[   13], 60.00th=[   14],
     | 70.00th=[   14], 80.00th=[   14], 90.00th=[   15], 95.00th=[   16],
     | 99.00th=[   22], 99.50th=[   26], 99.90th=[   42], 99.95th=[   48],
     | 99.99th=[   59]
    lat (usec) : 2=0.01%, 4=0.01%, 10=0.02%, 20=49.14%, 50=25.66%
    lat (usec) : 100=17.27%, 250=7.51%, 500=0.23%, 750=0.03%, 1000=0.04%
    lat (msec) : 2=0.03%, 4=0.07%, 10=0.01%
  cpu          : usr=5.34%, sys=15.00%, ctx=12449905, majf=0, minf=8074
  IO depths    : 1=100.0%, 2=0.0%, 4=0.0%, 8=0.0%, 16=0.0%, 32=0.0%, >=64=0.0%
     submit    : 0=0.0%, 4=100.0%, 8=0.0%, 16=0.0%, 32=0.0%, 64=0.0%, >=64=0.0%
     complete  : 0=0.0%, 4=100.0%, 8=0.0%, 16=0.0%, 32=0.0%, 64=0.0%, >=64=0.0%
     issued rwt: total=6222474,6228983,0, short=0,0,0, dropped=0,0,0
     latency   : target=0, window=0, percentile=100.00%, depth=1
job3: (groupid=0, jobs=1): err= 0: pid=38501: Wed Jul 12 11:53:24 2017
   read: IOPS=9763, BW=38.2MiB/s (39.1MB/s)(22.4GiB/600000msec)
    slat (usec): min=1, max=53, avg= 4.21, stdev= 1.58
    clat (usec): min=14, max=5678, avg=75.74, stdev=112.64
     lat (usec): min=39, max=5681, avg=80.03, stdev=112.66
    clat percentiles (usec):
     |  1.00th=[   39],  5.00th=[   40], 10.00th=[   41], 20.00th=[   42],
     | 30.00th=[   42], 40.00th=[   43], 50.00th=[   69], 60.00th=[   84],
     | 70.00th=[   87], 80.00th=[   98], 90.00th=[  104], 95.00th=[  111],
     | 99.00th=[  233], 99.50th=[  286], 99.90th=[ 2544], 99.95th=[ 2896],
     | 99.99th=[ 3088]
  write: IOPS=9773, BW=38.2MiB/s (40.4MB/s)(22.4GiB/600000msec)
    slat (usec): min=1, max=72, avg= 4.40, stdev= 1.64
    clat (usec): min=0, max=8512, avg=15.15, stdev=13.19
     lat (usec): min=11, max=8516, avg=19.63, stdev=13.46
    clat percentiles (usec):
     |  1.00th=[   11],  5.00th=[   12], 10.00th=[   12], 20.00th=[   13],
     | 30.00th=[   13], 40.00th=[   14], 50.00th=[   14], 60.00th=[   14],
     | 70.00th=[   15], 80.00th=[   15], 90.00th=[   17], 95.00th=[   20],
     | 99.00th=[   41], 99.50th=[   51], 99.90th=[   63], 99.95th=[   68],
     | 99.99th=[   80]
    lat (usec) : 2=0.01%, 4=0.01%, 10=0.04%, 20=47.22%, 50=24.96%
    lat (usec) : 100=18.33%, 250=9.02%, 500=0.25%, 750=0.03%, 1000=0.04%
    lat (msec) : 2=0.03%, 4=0.07%, 10=0.01%
  cpu          : usr=5.32%, sys=15.87%, ctx=11720661, majf=0, minf=7856
  IO depths    : 1=100.0%, 2=0.0%, 4=0.0%, 8=0.0%, 16=0.0%, 32=0.0%, >=64=0.0%
     submit    : 0=0.0%, 4=100.0%, 8=0.0%, 16=0.0%, 32=0.0%, 64=0.0%, >=64=0.0%
     complete  : 0=0.0%, 4=100.0%, 8=0.0%, 16=0.0%, 32=0.0%, 64=0.0%, >=64=0.0%
     issued rwt: total=5858280,5864015,0, short=0,0,0, dropped=0,0,0
     latency   : target=0, window=0, percentile=100.00%, depth=1
job4: (groupid=0, jobs=1): err= 0: pid=38502: Wed Jul 12 11:53:24 2017
   read: IOPS=11.2k, BW=43.7MiB/s (45.9MB/s)(25.7GiB/600001msec)
    slat (usec): min=1, max=80, avg= 2.44, stdev= 1.22
    clat (usec): min=2, max=3307, avg=71.32, stdev=112.52
     lat (usec): min=36, max=3310, avg=73.81, stdev=112.53
    clat percentiles (usec):
     |  1.00th=[   36],  5.00th=[   37], 10.00th=[   37], 20.00th=[   39],
     | 30.00th=[   40], 40.00th=[   41], 50.00th=[   54], 60.00th=[   80],
     | 70.00th=[   84], 80.00th=[   92], 90.00th=[  100], 95.00th=[  103],
     | 99.00th=[  231], 99.50th=[  282], 99.90th=[ 2512], 99.95th=[ 2800],
     | 99.99th=[ 3024]
  write: IOPS=11.2k, BW=43.8MiB/s (45.9MB/s)(25.7GiB/600001msec)
    slat (usec): min=1, max=182, avg= 2.50, stdev= 1.25
    clat (usec): min=0, max=8408, avg=11.83, stdev=12.85
     lat (usec): min=8, max=8411, avg=14.37, stdev=12.97
    clat percentiles (usec):
     |  1.00th=[    8],  5.00th=[    9], 10.00th=[    9], 20.00th=[   10],
     | 30.00th=[   11], 40.00th=[   11], 50.00th=[   11], 60.00th=[   12],
     | 70.00th=[   12], 80.00th=[   13], 90.00th=[   14], 95.00th=[   16],
     | 99.00th=[   23], 99.50th=[   26], 99.90th=[   44], 99.95th=[   49],
     | 99.99th=[   62]
    lat (usec) : 2=0.01%, 4=0.01%, 10=8.48%, 20=40.37%, 50=25.96%
    lat (usec) : 100=19.06%, 250=5.70%, 500=0.23%, 750=0.03%, 1000=0.04%
    lat (msec) : 2=0.03%, 4=0.07%, 10=0.01%
  cpu          : usr=3.33%, sys=10.76%, ctx=13415688, majf=0, minf=4655
  IO depths    : 1=100.0%, 2=0.0%, 4=0.0%, 8=0.0%, 16=0.0%, 32=0.0%, >=64=0.0%
     submit    : 0=0.0%, 4=100.0%, 8=0.0%, 16=0.0%, 32=0.0%, 64=0.0%, >=64=0.0%
     complete  : 0=0.0%, 4=100.0%, 8=0.0%, 16=0.0%, 32=0.0%, 64=0.0%, >=64=0.0%
     issued rwt: total=6709304,6711277,0, short=0,0,0, dropped=0,0,0
     latency   : target=0, window=0, percentile=100.00%, depth=1
job5: (groupid=0, jobs=1): err= 0: pid=38503: Wed Jul 12 11:53:24 2017
   read: IOPS=11.7k, BW=43.3MiB/s (45.4MB/s)(25.4GiB/600001msec)
    slat (usec): min=1, max=262, avg= 2.80, stdev= 1.03
    clat (usec): min=12, max=3402, avg=71.19, stdev=110.89
     lat (usec): min=39, max=3404, avg=74.03, stdev=110.90
    clat percentiles (usec):
     |  1.00th=[   38],  5.00th=[   38], 10.00th=[   39], 20.00th=[   39],
     | 30.00th=[   40], 40.00th=[   41], 50.00th=[   49], 60.00th=[   81],
     | 70.00th=[   85], 80.00th=[   92], 90.00th=[  101], 95.00th=[  103],
     | 99.00th=[  221], 99.50th=[  278], 99.90th=[ 2480], 99.95th=[ 2832],
     | 99.99th=[ 3024]
  write: IOPS=11.8k, BW=43.3MiB/s (45.4MB/s)(25.4GiB/600001msec)
    slat (usec): min=1, max=121, avg= 2.85, stdev= 1.06
    clat (usec): min=0, max=8693, avg=12.23, stdev=12.43
     lat (usec): min=10, max=8696, avg=15.13, stdev=12.51
    clat percentiles (usec):
     |  1.00th=[   10],  5.00th=[   10], 10.00th=[   11], 20.00th=[   11],
     | 30.00th=[   11], 40.00th=[   12], 50.00th=[   12], 60.00th=[   12],
     | 70.00th=[   12], 80.00th=[   13], 90.00th=[   14], 95.00th=[   15],
     | 99.00th=[   22], 99.50th=[   25], 99.90th=[   37], 99.95th=[   46],
     | 99.99th=[   58]
    lat (usec) : 2=0.01%, 4=0.01%, 10=0.10%, 20=48.98%, 50=25.93%
    lat (usec) : 100=18.01%, 250=6.60%, 500=0.21%, 750=0.03%, 1000=0.04%
    lat (msec) : 2=0.03%, 4=0.07%, 10=0.01%
  cpu          : usr=2.50%, sys=12.47%, ctx=13285439, majf=0, minf=4858
  IO depths    : 1=100.0%, 2=0.0%, 4=0.0%, 8=0.0%, 16=0.0%, 32=0.0%, >=64=0.0%
     submit    : 0=0.0%, 4=100.0%, 8=0.0%, 16=0.0%, 32=0.0%, 64=0.0%, >=64=0.0%
     complete  : 0=0.0%, 4=100.0%, 8=0.0%, 16=0.0%, 32=0.0%, 64=0.0%, >=64=0.0%
     issued rwt: total=6639212,6646881,0, short=0,0,0, dropped=0,0,0
     latency   : target=0, window=0, percentile=100.00%, depth=1
job6: (groupid=0, jobs=1): err= 0: pid=38504: Wed Jul 12 11:53:24 2017
   read: IOPS=11.8k, BW=45.9MiB/s (48.4MB/s)(26.9GiB/600001msec)
    slat (usec): min=1, max=263, avg= 1.96, stdev= 0.96
    clat (usec): min=1, max=5250, avg=69.53, stdev=111.58
     lat (usec): min=37, max=5252, avg=71.53, stdev=111.59
    clat percentiles (usec):
     |  1.00th=[   36],  5.00th=[   36], 10.00th=[   37], 20.00th=[   37],
     | 30.00th=[   38], 40.00th=[   39], 50.00th=[   48], 60.00th=[   79],
     | 70.00th=[   83], 80.00th=[   91], 90.00th=[   99], 95.00th=[  101],
     | 99.00th=[  225], 99.50th=[  282], 99.90th=[ 2512], 99.95th=[ 2832],
     | 99.99th=[ 3024]
  write: IOPS=11.8k, BW=45.9MiB/s (48.5MB/s)(26.9GiB/600001msec)
    slat (usec): min=1, max=275, avg= 2.04, stdev= 1.00
    clat (usec): min=0, max=7647, avg=10.43, stdev=11.87
     lat (usec): min=9, max=7648, avg=12.51, stdev=11.96
    clat percentiles (usec):
     |  1.00th=[    8],  5.00th=[    8], 10.00th=[    9], 20.00th=[    9],
     | 30.00th=[    9], 40.00th=[   10], 50.00th=[   10], 60.00th=[   10],
     | 70.00th=[   11], 80.00th=[   11], 90.00th=[   12], 95.00th=[   13],
     | 99.00th=[   21], 99.50th=[   23], 99.90th=[   38], 99.95th=[   45],
     | 99.99th=[   56]
    lat (usec) : 2=0.01%, 4=0.01%, 10=19.09%, 20=30.03%, 50=25.92%
    lat (usec) : 100=20.71%, 250=3.85%, 500=0.21%, 750=0.03%, 1000=0.04%
    lat (msec) : 2=0.03%, 4=0.07%, 10=0.01%
  cpu          : usr=4.45%, sys=8.09%, ctx=14074080, majf=0, minf=4864
  IO depths    : 1=100.0%, 2=0.0%, 4=0.0%, 8=0.0%, 16=0.0%, 32=0.0%, >=64=0.0%
     submit    : 0=0.0%, 4=100.0%, 8=0.0%, 16=0.0%, 32=0.0%, 64=0.0%, >=64=0.0%
     complete  : 0=0.0%, 4=100.0%, 8=0.0%, 16=0.0%, 32=0.0%, 64=0.0%, >=64=0.0%
     issued rwt: total=7036766,7038036,0, short=0,0,0, dropped=0,0,0
     latency   : target=0, window=0, percentile=100.00%, depth=1
job7: (groupid=0, jobs=1): err= 0: pid=38505: Wed Jul 12 11:53:24 2017
   read: IOPS=11.5k, BW=44.9MiB/s (46.1MB/s)(26.3GiB/600001msec)
    slat (usec): min=1, max=148, avg= 2.91, stdev= 1.08
    clat (usec): min=1, max=3619, avg=67.99, stdev=111.56
     lat (usec): min=39, max=3622, avg=70.94, stdev=111.57
    clat percentiles (usec):
     |  1.00th=[   38],  5.00th=[   38], 10.00th=[   39], 20.00th=[   39],
     | 30.00th=[   40], 40.00th=[   41], 50.00th=[   48], 60.00th=[   74],
     | 70.00th=[   78], 80.00th=[   84], 90.00th=[   93], 95.00th=[   95],
     | 99.00th=[  221], 99.50th=[  274], 99.90th=[ 2448], 99.95th=[ 2608],
     | 99.99th=[ 2768]
  write: IOPS=11.5k, BW=44.9MiB/s (46.1MB/s)(26.3GiB/600001msec)
    slat (usec): min=1, max=145, avg= 2.95, stdev= 1.11
    clat (usec): min=0, max=7720, avg=12.13, stdev=12.06
     lat (usec): min=10, max=7723, avg=15.12, stdev=12.15
    clat percentiles (usec):
     |  1.00th=[   10],  5.00th=[   10], 10.00th=[   10], 20.00th=[   11],
     | 30.00th=[   11], 40.00th=[   11], 50.00th=[   12], 60.00th=[   12],
     | 70.00th=[   12], 80.00th=[   13], 90.00th=[   14], 95.00th=[   15],
     | 99.00th=[   21], 99.50th=[   24], 99.90th=[   33], 99.95th=[   45],
     | 99.99th=[   61]
    lat (usec) : 2=0.01%, 4=0.01%, 10=0.17%, 20=49.02%, 50=25.85%
    lat (usec) : 100=23.81%, 250=0.77%, 500=0.18%, 750=0.05%, 1000=0.04%
    lat (msec) : 2=0.04%, 4=0.08%, 10=0.01%
  cpu          : usr=2.56%, sys=13.05%, ctx=13763903, majf=0, minf=9414
  IO depths    : 1=100.0%, 2=0.0%, 4=0.0%, 8=0.0%, 16=0.0%, 32=0.0%, >=64=0.0%
     submit    : 0=0.0%, 4=100.0%, 8=0.0%, 16=0.0%, 32=0.0%, 64=0.0%, >=64=0.0%
     complete  : 0=0.0%, 4=100.0%, 8=0.0%, 16=0.0%, 32=0.0%, 64=0.0%, >=64=0.0%
     issued rwt: total=6880783,6883811,0, short=0,0,0, dropped=0,0,0
     latency   : target=0, window=0, percentile=100.00%, depth=1

Run status group 0 (all jobs):
   READ: bw=335MiB/s (351MB/s), 37.5MiB/s-45.9MiB/s (38.9MB/s-48.4MB/s), io=196GiB (211GB), run=600000-600001msec
  WRITE: bw=335MiB/s (351MB/s), 37.2MiB/s-45.9MiB/s (38.9MB/s-48.5MB/s), io=196GiB (211GB), run=600000-600001msec

Disk stats (read/write):
  nvme0n1: ios=5687858/5684672, merge=0/0, ticks=414187/69015, in_queue=480474, util=80.09%
  nvme1n1: ios=6409710/6412923, merge=0/0, ticks=446230/66884, in_queue=510174, util=85.04%
  nvme2n1: ios=6220786/6227285, merge=0/0, ticks=430294/63611, in_queue=491273, util=81.89%
  nvme3n1: ios=5856696/5862413, merge=0/0, ticks=422106/67800, in_queue=487140, util=81.21%
  nvme4n1: ios=6707517/6709556, merge=0/0, ticks=462154/63702, in_queue=524037, util=87.36%
  nvme5n1: ios=6637431/6645119, merge=0/0, ticks=455788/64114, in_queue=517219, util=86.23%
  nvme6n1: ios=7034770/7036150, merge=0/0, ticks=473994/58962, in_queue=532146, util=88.73%
  nvme7n1: ios=6878992/6881966, merge=0/0, ticks=450511/66385, in_queue=514244, util=85.75%
