test: (g=0): rw=randrw, bs=4096B-4096B,4096B-4096B,4096B-4096B, ioengine=spdk, iodepth=1
fio-2.18
Starting 1 thread
Starting DPDK 17.05.0 initialization...
[ DPDK EAL parameters: fio -c 0x1 -m 512 --file-prefix=spdk_pid42983 ]
EAL: Probing VFIO support...
EAL: PCI device 0000:83:00.0 on NUMA socket 1
EAL:   probe driver: 8086:953 spdk_nvme
EAL: PCI device 0000:84:00.0 on NUMA socket 1
EAL:   probe driver: 8086:953 spdk_nvme
EAL: PCI device 0000:85:00.0 on NUMA socket 1
EAL:   probe driver: 8086:953 spdk_nvme
EAL: PCI device 0000:86:00.0 on NUMA socket 1
EAL:   probe driver: 8086:953 spdk_nvme
EAL: PCI device 0000:87:00.0 on NUMA socket 1
EAL:   probe driver: 8086:953 spdk_nvme
EAL: PCI device 0000:88:00.0 on NUMA socket 1
EAL:   probe driver: 8086:953 spdk_nvme
EAL: PCI device 0000:89:00.0 on NUMA socket 1
EAL:   probe driver: 8086:953 spdk_nvme
EAL: PCI device 0000:8a:00.0 on NUMA socket 1
EAL:   probe driver: 8086:953 spdk_nvme

test: (groupid=0, jobs=1): err= 0: pid=43030: Wed Jul 12 13:14:28 2017
   read: IOPS=12.5k, BW=48.7MiB/s (51.3MB/s)(14.3GiB/300001msec)
    slat (usec): min=0, max=15, avg= 0.02, stdev= 0.14
    clat (usec): min=23, max=5378, avg=71.56, stdev=92.51
     lat (usec): min=23, max=5378, avg=71.59, stdev=92.51
    clat percentiles (usec):
     |  1.00th=[   34],  5.00th=[   35], 10.00th=[   35], 20.00th=[   35],
     | 30.00th=[   36], 40.00th=[   69], 50.00th=[   78], 60.00th=[   80],
     | 70.00th=[   83], 80.00th=[   91], 90.00th=[   97], 95.00th=[   98],
     | 99.00th=[  104], 99.50th=[  177], 99.90th=[ 1976], 99.95th=[ 2480],
     | 99.99th=[ 2864]
  write: IOPS=12.5k, BW=48.7MiB/s (50.1MB/s)(14.3GiB/300001msec)
    slat (usec): min=0, max=15, avg= 0.04, stdev= 0.19
    clat (usec): min=6, max=8861, avg= 7.76, stdev= 9.81
     lat (usec): min=6, max=8861, avg= 7.79, stdev= 9.81
    clat percentiles (usec):
     |  1.00th=[    6],  5.00th=[    7], 10.00th=[    7], 20.00th=[    7],
     | 30.00th=[    7], 40.00th=[    7], 50.00th=[    8], 60.00th=[    8],
     | 70.00th=[    8], 80.00th=[    8], 90.00th=[    9], 95.00th=[    9],
     | 99.00th=[   11], 99.50th=[   13], 99.90th=[   30], 99.95th=[   35],
     | 99.99th=[   47]
    lat (usec) : 10=48.63%, 20=1.21%, 50=17.51%, 100=31.95%, 250=0.51%
    lat (usec) : 500=0.06%, 750=0.03%, 1000=0.01%
    lat (msec) : 2=0.04%, 4=0.05%, 10=0.01%
  cpu          : usr=99.86%, sys=0.01%, ctx=82, majf=0, minf=83595
  IO depths    : 1=100.0%, 2=0.0%, 4=0.0%, 8=0.0%, 16=0.0%, 32=0.0%, >=64=0.0%
     submit    : 0=0.0%, 4=100.0%, 8=0.0%, 16=0.0%, 32=0.0%, 64=0.0%, >=64=0.0%
     complete  : 0=0.0%, 4=100.0%, 8=0.0%, 16=0.0%, 32=0.0%, 64=0.0%, >=64=0.0%
     issued rwt: total=3737018,3735114,0, short=0,0,0, dropped=0,0,0
     latency   : target=0, window=0, percentile=100.00%, depth=1

Run status group 0 (all jobs):
   READ: bw=48.7MiB/s (51.3MB/s), 48.7MiB/s-48.7MiB/s (51.3MB/s-51.3MB/s), io=14.3GiB (15.4GB), run=300001-300001msec
  WRITE: bw=48.7MiB/s (50.1MB/s), 48.7MiB/s-48.7MiB/s (50.1MB/s-50.1MB/s), io=14.3GiB (15.3GB), run=300001-300001msec
