test: (g=0): rw=randrw, bs=4096B-4096B,4096B-4096B,4096B-4096B, ioengine=spdk, iodepth=16
fio-2.18
Starting 1 thread
Starting DPDK 17.05.0 initialization...
[ DPDK EAL parameters: fio -c 0x1 -m 512 --file-prefix=spdk_pid43530 ]
EAL: Probing VFIO support...
EAL: PCI device 0000:83:00.0 on NUMA socket 1
EAL:   probe driver: 8086:953 spdk_nvme
EAL: PCI device 0000:84:00.0 on NUMA socket 1
EAL:   probe driver: 8086:953 spdk_nvme
EAL: PCI device 0000:85:00.0 on NUMA socket 1
EAL:   probe driver: 8086:953 spdk_nvme
EAL: PCI device 0000:86:00.0 on NUMA socket 1
EAL:   probe driver: 8086:953 spdk_nvme
EAL: PCI device 0000:87:00.0 on NUMA socket 1
EAL:   probe driver: 8086:953 spdk_nvme
EAL: PCI device 0000:88:00.0 on NUMA socket 1
EAL:   probe driver: 8086:953 spdk_nvme
EAL: PCI device 0000:89:00.0 on NUMA socket 1
EAL:   probe driver: 8086:953 spdk_nvme
EAL: PCI device 0000:8a:00.0 on NUMA socket 1
EAL:   probe driver: 8086:953 spdk_nvme

test: (groupid=0, jobs=1): err= 0: pid=43578: Wed Jul 12 13:26:13 2017
   read: IOPS=102k, BW=400MiB/s (419MB/s)(117GiB/300001msec)
    slat (usec): min=0, max=19, avg= 0.02, stdev= 0.14
    clat (usec): min=22, max=38751, avg=109.40, stdev=233.04
     lat (usec): min=22, max=38752, avg=109.42, stdev=233.04
    clat percentiles (usec):
     |  1.00th=[   34],  5.00th=[   35], 10.00th=[   35], 20.00th=[   48],
     | 30.00th=[   70], 40.00th=[   78], 50.00th=[   81], 60.00th=[   88],
     | 70.00th=[   95], 80.00th=[   99], 90.00th=[  116], 95.00th=[  139],
     | 99.00th=[ 1400], 99.50th=[ 2224], 99.90th=[ 2832], 99.95th=[ 2928],
     | 99.99th=[ 3088]
  write: IOPS=102k, BW=400MiB/s (419MB/s)(117GiB/300001msec)
    slat (usec): min=0, max=19, avg= 0.03, stdev= 0.19
    clat (usec): min=5, max=32760, avg= 8.27, stdev=28.36
     lat (usec): min=5, max=32761, avg= 8.30, stdev=28.36
    clat percentiles (usec):
     |  1.00th=[    6],  5.00th=[    7], 10.00th=[    7], 20.00th=[    7],
     | 30.00th=[    7], 40.00th=[    7], 50.00th=[    8], 60.00th=[    8],
     | 70.00th=[    8], 80.00th=[    8], 90.00th=[    9], 95.00th=[   11],
     | 99.00th=[   21], 99.50th=[   26], 99.90th=[   37], 99.95th=[   41],
     | 99.99th=[   72]
    lat (usec) : 10=45.07%, 20=4.36%, 50=10.87%, 100=30.11%, 250=8.09%
    lat (usec) : 500=0.57%, 750=0.17%, 1000=0.13%
    lat (msec) : 2=0.31%, 4=0.32%, 10=0.01%, 20=0.01%, 50=0.01%
  cpu          : usr=99.85%, sys=0.01%, ctx=78, majf=0, minf=69231
  IO depths    : 1=0.3%, 2=0.6%, 4=1.3%, 8=2.6%, 16=95.2%, 32=0.0%, >=64=0.0%
     submit    : 0=0.0%, 4=100.0%, 8=0.0%, 16=0.0%, 32=0.0%, 64=0.0%, >=64=0.0%
     complete  : 0=0.0%, 4=100.0%, 8=0.0%, 16=0.1%, 32=0.0%, 64=0.0%, >=64=0.0%
     issued rwt: total=30719905,30719915,0, short=0,0,0, dropped=0,0,0
     latency   : target=0, window=0, percentile=100.00%, depth=16

Run status group 0 (all jobs):
   READ: bw=400MiB/s (419MB/s), 400MiB/s-400MiB/s (419MB/s-419MB/s), io=117GiB (126GB), run=300001-300001msec
  WRITE: bw=400MiB/s (419MB/s), 400MiB/s-400MiB/s (419MB/s-419MB/s), io=117GiB (126GB), run=300001-300001msec
