test: (g=0): rw=randrw, bs=4096B-4096B,4096B-4096B,4096B-4096B, ioengine=spdk, iodepth=64
fio-2.18
Starting 1 thread
Starting DPDK 17.05.0 initialization...
[ DPDK EAL parameters: fio -c 0x1 -m 512 --file-prefix=spdk_pid44476 ]
EAL: Probing VFIO support...
EAL: PCI device 0000:83:00.0 on NUMA socket 1
EAL:   probe driver: 8086:953 spdk_nvme
EAL: PCI device 0000:84:00.0 on NUMA socket 1
EAL:   probe driver: 8086:953 spdk_nvme
EAL: PCI device 0000:85:00.0 on NUMA socket 1
EAL:   probe driver: 8086:953 spdk_nvme
EAL: PCI device 0000:86:00.0 on NUMA socket 1
EAL:   probe driver: 8086:953 spdk_nvme
EAL: PCI device 0000:87:00.0 on NUMA socket 1
EAL:   probe driver: 8086:953 spdk_nvme
EAL: PCI device 0000:88:00.0 on NUMA socket 1
EAL:   probe driver: 8086:953 spdk_nvme
EAL: PCI device 0000:89:00.0 on NUMA socket 1
EAL:   probe driver: 8086:953 spdk_nvme
EAL: PCI device 0000:8a:00.0 on NUMA socket 1
EAL:   probe driver: 8086:953 spdk_nvme

test: (groupid=0, jobs=1): err= 0: pid=44531: Wed Jul 12 13:49:37 2017
   read: IOPS=102k, BW=400MiB/s (419MB/s)(117GiB/300001msec)
    slat (usec): min=0, max=16, avg= 0.02, stdev= 0.14
    clat (usec): min=22, max=38702, avg=142.18, stdev=266.63
     lat (usec): min=22, max=38703, avg=142.20, stdev=266.63
    clat percentiles (usec):
     |  1.00th=[   35],  5.00th=[   53], 10.00th=[   71], 20.00th=[   80],
     | 30.00th=[   88], 40.00th=[   95], 50.00th=[  100], 60.00th=[  107],
     | 70.00th=[  116], 80.00th=[  129], 90.00th=[  187], 95.00th=[  266],
     | 99.00th=[ 1320], 99.50th=[ 2704], 99.90th=[ 2992], 99.95th=[ 3056],
     | 99.99th=[ 3216]
  write: IOPS=102k, BW=400MiB/s (419MB/s)(117GiB/300001msec)
    slat (usec): min=0, max=16, avg= 0.03, stdev= 0.18
    clat (usec): min=5, max=32754, avg=13.80, stdev=47.52
     lat (usec): min=5, max=32755, avg=13.83, stdev=47.52
    clat percentiles (usec):
     |  1.00th=[    6],  5.00th=[    7], 10.00th=[    7], 20.00th=[    7],
     | 30.00th=[    8], 40.00th=[    8], 50.00th=[    9], 60.00th=[   10],
     | 70.00th=[   13], 80.00th=[   19], 90.00th=[   28], 95.00th=[   34],
     | 99.00th=[   49], 99.50th=[   56], 99.90th=[   71], 99.95th=[   78],
     | 99.99th=[  112]
    lat (usec) : 10=27.24%, 20=12.80%, 50=11.70%, 100=22.49%, 250=22.50%
    lat (usec) : 500=2.35%, 750=0.20%, 1000=0.19%
    lat (msec) : 2=0.08%, 4=0.45%, 10=0.01%, 20=0.01%, 50=0.01%
  cpu          : usr=99.82%, sys=0.04%, ctx=118, majf=0, minf=76633
  IO depths    : 1=0.4%, 2=0.9%, 4=1.8%, 8=3.5%, 16=6.2%, 32=7.9%, >=64=79.3%
     submit    : 0=0.0%, 4=100.0%, 8=0.0%, 16=0.0%, 32=0.0%, 64=0.0%, >=64=0.0%
     complete  : 0=0.0%, 4=100.0%, 8=0.0%, 16=0.0%, 32=0.0%, 64=0.0%, >=64=0.0%
     issued rwt: total=30719848,30719849,0, short=0,0,0, dropped=0,0,0
     latency   : target=0, window=0, percentile=100.00%, depth=64

Run status group 0 (all jobs):
   READ: bw=400MiB/s (419MB/s), 400MiB/s-400MiB/s (419MB/s-419MB/s), io=117GiB (126GB), run=300001-300001msec
  WRITE: bw=400MiB/s (419MB/s), 400MiB/s-400MiB/s (419MB/s-419MB/s), io=117GiB (126GB), run=300001-300001msec
