test: (g=0): rw=randread, bs=4096B-4096B,4096B-4096B,4096B-4096B, ioengine=spdk, iodepth=4
fio-2.18
Starting 1 thread
Starting DPDK 17.05.0 initialization...
[ DPDK EAL parameters: fio -c 0x1 -m 512 --file-prefix=spdk_pid9234 ]
EAL: Probing VFIO support...
EAL: PCI device 0000:83:00.0 on NUMA socket 1
EAL:   probe driver: 8086:953 spdk_nvme
EAL: PCI device 0000:84:00.0 on NUMA socket 1
EAL:   probe driver: 8086:953 spdk_nvme
EAL: PCI device 0000:85:00.0 on NUMA socket 1
EAL:   probe driver: 8086:953 spdk_nvme
EAL: PCI device 0000:86:00.0 on NUMA socket 1
EAL:   probe driver: 8086:953 spdk_nvme
EAL: PCI device 0000:87:00.0 on NUMA socket 1
EAL:   probe driver: 8086:953 spdk_nvme
EAL: PCI device 0000:88:00.0 on NUMA socket 1
EAL:   probe driver: 8086:953 spdk_nvme
EAL: PCI device 0000:89:00.0 on NUMA socket 1
EAL:   probe driver: 8086:953 spdk_nvme
EAL: PCI device 0000:8a:00.0 on NUMA socket 1
EAL:   probe driver: 8086:953 spdk_nvme

test: (groupid=0, jobs=1): err= 0: pid=9289: Sun Jul 16 14:13:03 2017
   read: IOPS=73.2k, BW=286MiB/s (300MB/s)(167GiB/600001msec)
    slat (usec): min=0, max=16, avg= 0.02, stdev= 0.14
    clat (usec): min=22, max=39753, avg=54.30, stdev=63.25
     lat (usec): min=22, max=39753, avg=54.32, stdev=63.25
    clat percentiles (usec):
     |  1.00th=[   34],  5.00th=[   34], 10.00th=[   34], 20.00th=[   34],
     | 30.00th=[   34], 40.00th=[   35], 50.00th=[   35], 60.00th=[   37],
     | 70.00th=[   72], 80.00th=[   79], 90.00th=[   90], 95.00th=[   95],
     | 99.00th=[   98], 99.50th=[  107], 99.90th=[  532], 99.95th=[ 1704],
     | 99.99th=[ 2768]
    lat (usec) : 50=61.21%, 100=38.17%, 250=0.45%, 500=0.07%, 750=0.02%
    lat (usec) : 1000=0.01%
    lat (msec) : 2=0.03%, 4=0.04%, 10=0.01%, 50=0.01%
  cpu          : usr=99.86%, sys=0.00%, ctx=168, majf=0, minf=69238
  IO depths    : 1=0.1%, 2=0.1%, 4=100.0%, 8=0.0%, 16=0.0%, 32=0.0%, >=64=0.0%
     submit    : 0=0.0%, 4=100.0%, 8=0.0%, 16=0.0%, 32=0.0%, 64=0.0%, >=64=0.0%
     complete  : 0=0.0%, 4=100.0%, 8=0.0%, 16=0.0%, 32=0.0%, 64=0.0%, >=64=0.0%
     issued rwt: total=43885512,0,0, short=0,0,0, dropped=0,0,0
     latency   : target=0, window=0, percentile=100.00%, depth=4

Run status group 0 (all jobs):
   READ: bw=286MiB/s (300MB/s), 286MiB/s-286MiB/s (300MB/s-300MB/s), io=167GiB (180GB), run=600001-600001msec
