test: (g=0): rw=randread, bs=4096B-4096B,4096B-4096B,4096B-4096B, ioengine=spdk, iodepth=16
fio-2.18
Starting 1 thread
Starting DPDK 17.05.0 initialization...
[ DPDK EAL parameters: fio -c 0x1 -m 512 --file-prefix=spdk_pid9505 ]
EAL: Probing VFIO support...
EAL: PCI device 0000:83:00.0 on NUMA socket 1
EAL:   probe driver: 8086:953 spdk_nvme
EAL: PCI device 0000:84:00.0 on NUMA socket 1
EAL:   probe driver: 8086:953 spdk_nvme
EAL: PCI device 0000:85:00.0 on NUMA socket 1
EAL:   probe driver: 8086:953 spdk_nvme
EAL: PCI device 0000:86:00.0 on NUMA socket 1
EAL:   probe driver: 8086:953 spdk_nvme
EAL: PCI device 0000:87:00.0 on NUMA socket 1
EAL:   probe driver: 8086:953 spdk_nvme
EAL: PCI device 0000:88:00.0 on NUMA socket 1
EAL:   probe driver: 8086:953 spdk_nvme
EAL: PCI device 0000:89:00.0 on NUMA socket 1
EAL:   probe driver: 8086:953 spdk_nvme
EAL: PCI device 0000:8a:00.0 on NUMA socket 1
EAL:   probe driver: 8086:953 spdk_nvme

test: (groupid=0, jobs=1): err= 0: pid=9552: Sun Jul 16 14:20:28 2017
   read: IOPS=164k, BW=640MiB/s (671MB/s)(187GiB/300001msec)
    slat (usec): min=0, max=17, avg= 0.02, stdev= 0.14
    clat (usec): min=28, max=39835, avg=62.99, stdev=63.91
     lat (usec): min=28, max=39836, avg=63.01, stdev=63.91
    clat percentiles (usec):
     |  1.00th=[   33],  5.00th=[   34], 10.00th=[   34], 20.00th=[   34],
     | 30.00th=[   35], 40.00th=[   37], 50.00th=[   57], 60.00th=[   69],
     | 70.00th=[   79], 80.00th=[   89], 90.00th=[   99], 95.00th=[  110],
     | 99.00th=[  123], 99.50th=[  145], 99.90th=[  556], 99.95th=[ 1560],
     | 99.99th=[ 2768]
    lat (usec) : 50=46.00%, 100=44.05%, 250=9.75%, 500=0.10%, 750=0.02%
    lat (usec) : 1000=0.02%
    lat (msec) : 2=0.03%, 4=0.04%, 10=0.01%, 20=0.01%, 50=0.01%
  cpu          : usr=99.85%, sys=0.01%, ctx=84, majf=0, minf=64500
  IO depths    : 1=3.6%, 2=7.1%, 4=14.2%, 8=26.9%, 16=48.2%, 32=0.0%, >=64=0.0%
     submit    : 0=0.0%, 4=100.0%, 8=0.0%, 16=0.0%, 32=0.0%, 64=0.0%, >=64=0.0%
     complete  : 0=0.0%, 4=100.0%, 8=0.0%, 16=0.0%, 32=0.0%, 64=0.0%, >=64=0.0%
     issued rwt: total=49151997,0,0, short=0,0,0, dropped=0,0,0
     latency   : target=0, window=0, percentile=100.00%, depth=16

Run status group 0 (all jobs):
   READ: bw=640MiB/s (671MB/s), 640MiB/s-640MiB/s (671MB/s-671MB/s), io=187GiB (201GB), run=300001-300001msec
