test: (g=0): rw=randwrite, bs=4096B-4096B,4096B-4096B,4096B-4096B, ioengine=spdk, iodepth=4
fio-2.18
Starting 1 thread
Starting DPDK 17.05.0 initialization...
[ DPDK EAL parameters: fio -c 0x1 -m 512 --file-prefix=spdk_pid6446 ]
EAL: Probing VFIO support...
EAL: PCI device 0000:83:00.0 on NUMA socket 1
EAL:   probe driver: 8086:953 spdk_nvme
EAL: PCI device 0000:84:00.0 on NUMA socket 1
EAL:   probe driver: 8086:953 spdk_nvme
EAL: PCI device 0000:85:00.0 on NUMA socket 1
EAL:   probe driver: 8086:953 spdk_nvme
EAL: PCI device 0000:86:00.0 on NUMA socket 1
EAL:   probe driver: 8086:953 spdk_nvme
EAL: PCI device 0000:87:00.0 on NUMA socket 1
EAL:   probe driver: 8086:953 spdk_nvme
EAL: PCI device 0000:88:00.0 on NUMA socket 1
EAL:   probe driver: 8086:953 spdk_nvme
EAL: PCI device 0000:89:00.0 on NUMA socket 1
EAL:   probe driver: 8086:953 spdk_nvme
EAL: PCI device 0000:8a:00.0 on NUMA socket 1
EAL:   probe driver: 8086:953 spdk_nvme

test: (groupid=0, jobs=1): err= 0: pid=6494: Wed Jul 12 16:09:43 2017
  write: IOPS=40.3k, BW=400MiB/s (419MB/s)(234GiB/600001msec)
    slat (usec): min=0, max=15, avg= 0.00, stdev= 0.02
    clat (usec): min=5, max=39927, avg= 6.42, stdev=14.10
     lat (usec): min=5, max=39928, avg= 6.42, stdev=14.10
    clat percentiles (usec):
     |  1.00th=[    6],  5.00th=[    6], 10.00th=[    6], 20.00th=[    6],
     | 30.00th=[    6], 40.00th=[    6], 50.00th=[    6], 60.00th=[    6],
     | 70.00th=[    6], 80.00th=[    7], 90.00th=[    7], 95.00th=[    8],
     | 99.00th=[    9], 99.50th=[   10], 99.90th=[   23], 99.95th=[   32],
     | 99.99th=[   45]
    lat (usec) : 10=99.46%, 20=0.41%, 50=0.12%, 100=0.01%, 250=0.01%
    lat (usec) : 500=0.01%, 750=0.01%
    lat (msec) : 4=0.01%, 10=0.01%, 50=0.01%
  cpu          : usr=99.86%, sys=0.01%, ctx=162, majf=0, minf=105578
  IO depths    : 1=98.7%, 2=0.9%, 4=0.4%, 8=0.0%, 16=0.0%, 32=0.0%, >=64=0.0%
     submit    : 0=0.0%, 4=100.0%, 8=0.0%, 16=0.0%, 32=0.0%, 64=0.0%, >=64=0.0%
     complete  : 0=0.0%, 4=100.0%, 8=0.0%, 16=0.0%, 32=0.0%, 64=0.0%, >=64=0.0%
     issued rwt: total=0,61440000,0, short=0,0,0, dropped=0,0,0
     latency   : target=0, window=0, percentile=100.00%, depth=4

Run status group 0 (all jobs):
  WRITE: bw=400MiB/s (419MB/s), 400MiB/s-400MiB/s (419MB/s-419MB/s), io=234GiB (252GB), run=600001-600001msec
