test: (g=0): rw=randrw, bs=4096B-4096B,4096B-4096B,4096B-4096B, ioengine=spdk, iodepth=32
fio-2.18
Starting 1 thread
Starting DPDK 17.05.0 initialization...
[ DPDK EAL parameters: fio -c 0x1 -m 512 --file-prefix=spdk_pid8579 ]
EAL: Probing VFIO support...
EAL: PCI device 0000:83:00.0 on NUMA socket 1
EAL:   probe driver: 8086:953 spdk_nvme
EAL: PCI device 0000:84:00.0 on NUMA socket 1
EAL:   probe driver: 8086:953 spdk_nvme
EAL: PCI device 0000:85:00.0 on NUMA socket 1
EAL:   probe driver: 8086:953 spdk_nvme
EAL: PCI device 0000:86:00.0 on NUMA socket 1
EAL:   probe driver: 8086:953 spdk_nvme
EAL: PCI device 0000:87:00.0 on NUMA socket 1
EAL:   probe driver: 8086:953 spdk_nvme
EAL: PCI device 0000:88:00.0 on NUMA socket 1
EAL:   probe driver: 8086:953 spdk_nvme
EAL: PCI device 0000:89:00.0 on NUMA socket 1
EAL:   probe driver: 8086:953 spdk_nvme
EAL: PCI device 0000:8a:00.0 on NUMA socket 1
EAL:   probe driver: 8086:953 spdk_nvme

test: (groupid=0, jobs=1): err= 0: pid=8634: Wed Jul 12 17:25:41 2017
   read: IOPS=102k, BW=400MiB/s (419MB/s)(234GiB/600001msec)
    slat (usec): min=0, max=149, avg= 0.02, stdev= 0.14
    clat (usec): min=21, max=39990, avg=122.15, stdev=252.33
     lat (usec): min=21, max=39991, avg=122.17, stdev=252.33
    clat percentiles (usec):
     |  1.00th=[   34],  5.00th=[   36], 10.00th=[   46], 20.00th=[   68],
     | 30.00th=[   78], 40.00th=[   83], 50.00th=[   91], 60.00th=[   97],
     | 70.00th=[  103], 80.00th=[  111], 90.00th=[  124], 95.00th=[  213],
     | 99.00th=[ 1448], 99.50th=[ 2544], 99.90th=[ 2928], 99.95th=[ 3024],
     | 99.99th=[ 3152]
  write: IOPS=102k, BW=400MiB/s (419MB/s)(234GiB/600001msec)
    slat (usec): min=0, max=15, avg= 0.03, stdev= 0.18
    clat (usec): min=5, max=33617, avg= 9.01, stdev=33.42
     lat (usec): min=5, max=33618, avg= 9.05, stdev=33.42
    clat percentiles (usec):
     |  1.00th=[    6],  5.00th=[    6], 10.00th=[    6], 20.00th=[    7],
     | 30.00th=[    7], 40.00th=[    7], 50.00th=[    7], 60.00th=[    8],
     | 70.00th=[    9], 80.00th=[   10], 90.00th=[   13], 95.00th=[   17],
     | 99.00th=[   23], 99.50th=[   26], 99.90th=[   36], 99.95th=[   43],
     | 99.99th=[   79]
    lat (usec) : 10=38.31%, 20=10.38%, 50=6.86%, 100=27.33%, 250=15.22%
    lat (usec) : 500=1.03%, 750=0.17%, 1000=0.13%
    lat (msec) : 2=0.13%, 4=0.42%, 10=0.01%, 20=0.01%, 50=0.01%
  cpu          : usr=99.86%, sys=0.00%, ctx=161, majf=0, minf=105892
  IO depths    : 1=0.8%, 2=1.6%, 4=3.2%, 8=6.5%, 16=9.9%, 32=78.0%, >=64=0.0%
     submit    : 0=0.0%, 4=100.0%, 8=0.0%, 16=0.0%, 32=0.0%, 64=0.0%, >=64=0.0%
     complete  : 0=0.0%, 4=100.0%, 8=0.0%, 16=0.0%, 32=0.1%, 64=0.0%, >=64=0.0%
     issued rwt: total=61439843,61439855,0, short=0,0,0, dropped=0,0,0
     latency   : target=0, window=0, percentile=100.00%, depth=32

Run status group 0 (all jobs):
   READ: bw=400MiB/s (419MB/s), 400MiB/s-400MiB/s (419MB/s-419MB/s), io=234GiB (252GB), run=600001-600001msec
  WRITE: bw=400MiB/s (419MB/s), 400MiB/s-400MiB/s (419MB/s-419MB/s), io=234GiB (252GB), run=600001-600001msec
