test: (g=0): rw=randrw, bs=4096B-4096B,4096B-4096B,4096B-4096B, ioengine=spdk, iodepth=16
fio-2.18
Starting 1 thread
Starting DPDK 17.05.0 initialization...
[ DPDK EAL parameters: fio -c 0x1 -m 512 --file-prefix=spdk_pid8201 ]
EAL: Probing VFIO support...
EAL: PCI device 0000:83:00.0 on NUMA socket 1
EAL:   probe driver: 8086:953 spdk_nvme
EAL: PCI device 0000:84:00.0 on NUMA socket 1
EAL:   probe driver: 8086:953 spdk_nvme
EAL: PCI device 0000:85:00.0 on NUMA socket 1
EAL:   probe driver: 8086:953 spdk_nvme
EAL: PCI device 0000:86:00.0 on NUMA socket 1
EAL:   probe driver: 8086:953 spdk_nvme
EAL: PCI device 0000:87:00.0 on NUMA socket 1
EAL:   probe driver: 8086:953 spdk_nvme
EAL: PCI device 0000:88:00.0 on NUMA socket 1
EAL:   probe driver: 8086:953 spdk_nvme
EAL: PCI device 0000:89:00.0 on NUMA socket 1
EAL:   probe driver: 8086:953 spdk_nvme
EAL: PCI device 0000:8a:00.0 on NUMA socket 1
EAL:   probe driver: 8086:953 spdk_nvme

test: (groupid=0, jobs=1): err= 0: pid=8248: Wed Jul 12 17:14:50 2017
   read: IOPS=102k, BW=400MiB/s (419MB/s)(234GiB/600002msec)
    slat (usec): min=0, max=16, avg= 0.02, stdev= 0.14
    clat (usec): min=21, max=39505, avg=106.69, stdev=229.23
     lat (usec): min=21, max=39506, avg=106.71, stdev=229.23
    clat percentiles (usec):
     |  1.00th=[   34],  5.00th=[   34], 10.00th=[   35], 20.00th=[   42],
     | 30.00th=[   64], 40.00th=[   75], 50.00th=[   80], 60.00th=[   87],
     | 70.00th=[   95], 80.00th=[  100], 90.00th=[  116], 95.00th=[  131],
     | 99.00th=[ 1320], 99.50th=[ 2192], 99.90th=[ 2832], 99.95th=[ 2928],
     | 99.99th=[ 3088]
  write: IOPS=102k, BW=400MiB/s (419MB/s)(234GiB/600002msec)
    slat (usec): min=0, max=19, avg= 0.03, stdev= 0.18
    clat (usec): min=5, max=33251, avg= 7.52, stdev=28.38
     lat (usec): min=5, max=33252, avg= 7.56, stdev=28.38
    clat percentiles (usec):
     |  1.00th=[    6],  5.00th=[    6], 10.00th=[    6], 20.00th=[    7],
     | 30.00th=[    7], 40.00th=[    7], 50.00th=[    7], 60.00th=[    7],
     | 70.00th=[    7], 80.00th=[    8], 90.00th=[    9], 95.00th=[   10],
     | 99.00th=[   14], 99.50th=[   18], 99.90th=[   29], 99.95th=[   36],
     | 99.99th=[   58]
    lat (usec) : 10=47.19%, 20=2.60%, 50=11.59%, 100=28.32%, 250=8.89%
    lat (usec) : 500=0.53%, 750=0.16%, 1000=0.12%
    lat (msec) : 2=0.28%, 4=0.31%, 10=0.01%, 20=0.01%, 50=0.01%
  cpu          : usr=99.86%, sys=0.01%, ctx=166, majf=0, minf=94090
  IO depths    : 1=0.6%, 2=1.3%, 4=2.6%, 8=5.2%, 16=90.3%, 32=0.0%, >=64=0.0%
     submit    : 0=0.0%, 4=100.0%, 8=0.0%, 16=0.0%, 32=0.0%, 64=0.0%, >=64=0.0%
     complete  : 0=0.0%, 4=100.0%, 8=0.0%, 16=0.1%, 32=0.0%, 64=0.0%, >=64=0.0%
     issued rwt: total=61439886,61439852,0, short=0,0,0, dropped=0,0,0
     latency   : target=0, window=0, percentile=100.00%, depth=16

Run status group 0 (all jobs):
   READ: bw=400MiB/s (419MB/s), 400MiB/s-400MiB/s (419MB/s-419MB/s), io=234GiB (252GB), run=600002-600002msec
  WRITE: bw=400MiB/s (419MB/s), 400MiB/s-400MiB/s (419MB/s-419MB/s), io=234GiB (252GB), run=600002-600002msec
