test: (g=0): rw=randrw, bs=4096B-4096B,4096B-4096B,4096B-4096B, ioengine=spdk, iodepth=64
fio-2.18
Starting 1 thread
Starting DPDK 17.05.0 initialization...
[ DPDK EAL parameters: fio -c 0x1 -m 512 --file-prefix=spdk_pid8821 ]
EAL: Probing VFIO support...
EAL: PCI device 0000:83:00.0 on NUMA socket 1
EAL:   probe driver: 8086:953 spdk_nvme
EAL: PCI device 0000:84:00.0 on NUMA socket 1
EAL:   probe driver: 8086:953 spdk_nvme
EAL: PCI device 0000:85:00.0 on NUMA socket 1
EAL:   probe driver: 8086:953 spdk_nvme
EAL: PCI device 0000:86:00.0 on NUMA socket 1
EAL:   probe driver: 8086:953 spdk_nvme
EAL: PCI device 0000:87:00.0 on NUMA socket 1
EAL:   probe driver: 8086:953 spdk_nvme
EAL: PCI device 0000:88:00.0 on NUMA socket 1
EAL:   probe driver: 8086:953 spdk_nvme
EAL: PCI device 0000:89:00.0 on NUMA socket 1
EAL:   probe driver: 8086:953 spdk_nvme
EAL: PCI device 0000:8a:00.0 on NUMA socket 1
EAL:   probe driver: 8086:953 spdk_nvme

test: (groupid=0, jobs=1): err= 0: pid=8876: Wed Jul 12 17:36:29 2017
   read: IOPS=102k, BW=400MiB/s (419MB/s)(234GiB/600001msec)
    slat (usec): min=0, max=15, avg= 0.02, stdev= 0.14
    clat (usec): min=21, max=39991, avg=139.94, stdev=257.64
     lat (usec): min=21, max=39992, avg=139.96, stdev=257.64
    clat percentiles (usec):
     |  1.00th=[   35],  5.00th=[   48], 10.00th=[   68], 20.00th=[   80],
     | 30.00th=[   89], 40.00th=[   96], 50.00th=[  102], 60.00th=[  108],
     | 70.00th=[  117], 80.00th=[  129], 90.00th=[  175], 95.00th=[  266],
     | 99.00th=[ 1048], 99.50th=[ 2672], 99.90th=[ 2992], 99.95th=[ 3056],
     | 99.99th=[ 3184]
  write: IOPS=102k, BW=400MiB/s (419MB/s)(234GiB/600001msec)
    slat (usec): min=0, max=15, avg= 0.03, stdev= 0.18
    clat (usec): min=5, max=33640, avg=13.93, stdev=34.63
     lat (usec): min=5, max=33640, avg=13.96, stdev=34.63
    clat percentiles (usec):
     |  1.00th=[    6],  5.00th=[    7], 10.00th=[    7], 20.00th=[    7],
     | 30.00th=[    8], 40.00th=[    8], 50.00th=[    9], 60.00th=[   11],
     | 70.00th=[   14], 80.00th=[   20], 90.00th=[   28], 95.00th=[   34],
     | 99.00th=[   49], 99.50th=[   55], 99.90th=[   69], 99.95th=[   75],
     | 99.99th=[   95]
    lat (usec) : 10=25.84%, 20=13.72%, 50=12.58%, 100=21.14%, 250=23.63%
    lat (usec) : 500=2.22%, 750=0.18%, 1000=0.18%
    lat (msec) : 2=0.09%, 4=0.42%, 10=0.01%, 20=0.01%, 50=0.01%
  cpu          : usr=99.86%, sys=0.01%, ctx=159, majf=0, minf=108264
  IO depths    : 1=0.8%, 2=1.5%, 4=3.1%, 8=6.1%, 16=10.0%, 32=9.3%, >=64=69.1%
     submit    : 0=0.0%, 4=100.0%, 8=0.0%, 16=0.0%, 32=0.0%, 64=0.0%, >=64=0.0%
     complete  : 0=0.0%, 4=100.0%, 8=0.0%, 16=0.0%, 32=0.0%, 64=0.0%, >=64=0.0%
     issued rwt: total=61439869,61439870,0, short=0,0,0, dropped=0,0,0
     latency   : target=0, window=0, percentile=100.00%, depth=64

Run status group 0 (all jobs):
   READ: bw=400MiB/s (419MB/s), 400MiB/s-400MiB/s (419MB/s-419MB/s), io=234GiB (252GB), run=600001-600001msec
  WRITE: bw=400MiB/s (419MB/s), 400MiB/s-400MiB/s (419MB/s-419MB/s), io=234GiB (252GB), run=600001-600001msec
