test: (g=0): rw=randread, bs=4096B-4096B,4096B-4096B,4096B-4096B, ioengine=spdk, iodepth=32
fio-2.18
Starting 1 thread
Starting DPDK 17.05.0 initialization...
[ DPDK EAL parameters: fio -c 0x1 -m 512 --file-prefix=spdk_pid5713 ]
EAL: Probing VFIO support...
EAL: PCI device 0000:83:00.0 on NUMA socket 1
EAL:   probe driver: 8086:953 spdk_nvme
EAL: PCI device 0000:84:00.0 on NUMA socket 1
EAL:   probe driver: 8086:953 spdk_nvme
EAL: PCI device 0000:85:00.0 on NUMA socket 1
EAL:   probe driver: 8086:953 spdk_nvme
EAL: PCI device 0000:86:00.0 on NUMA socket 1
EAL:   probe driver: 8086:953 spdk_nvme
EAL: PCI device 0000:87:00.0 on NUMA socket 1
EAL:   probe driver: 8086:953 spdk_nvme
EAL: PCI device 0000:88:00.0 on NUMA socket 1
EAL:   probe driver: 8086:953 spdk_nvme
EAL: PCI device 0000:89:00.0 on NUMA socket 1
EAL:   probe driver: 8086:953 spdk_nvme
EAL: PCI device 0000:8a:00.0 on NUMA socket 1
EAL:   probe driver: 8086:953 spdk_nvme

test: (groupid=0, jobs=1): err= 0: pid=5760: Wed Jul 12 15:37:11 2017
   read: IOPS=102k, BW=400MiB/s (419MB/s)(234GiB/600001msec)
    slat (usec): min=0, max=14, avg= 0.02, stdev= 0.13
    clat (usec): min=21, max=39969, avg=63.11, stdev=61.84
     lat (usec): min=21, max=39970, avg=63.13, stdev=61.84
    clat percentiles (usec):
     |  1.00th=[   33],  5.00th=[   34], 10.00th=[   34], 20.00th=[   34],
     | 30.00th=[   34], 40.00th=[   35], 50.00th=[   61], 60.00th=[   74],
     | 70.00th=[   79], 80.00th=[   88], 90.00th=[   96], 95.00th=[   99],
     | 99.00th=[  121], 99.50th=[  139], 99.90th=[  458], 99.95th=[ 1416],
     | 99.99th=[ 2768]
    lat (usec) : 50=43.86%, 100=51.30%, 250=4.66%, 500=0.09%, 750=0.02%
    lat (usec) : 1000=0.01%
    lat (msec) : 2=0.03%, 4=0.04%, 10=0.01%, 20=0.01%, 50=0.01%
  cpu          : usr=99.86%, sys=0.01%, ctx=158, majf=0, minf=95492
  IO depths    : 1=8.4%, 2=16.9%, 4=33.8%, 8=31.5%, 16=1.8%, 32=7.6%, >=64=0.0%
     submit    : 0=0.0%, 4=100.0%, 8=0.0%, 16=0.0%, 32=0.0%, 64=0.0%, >=64=0.0%
     complete  : 0=0.0%, 4=100.0%, 8=0.0%, 16=0.0%, 32=0.0%, 64=0.0%, >=64=0.0%
     issued rwt: total=61439993,0,0, short=0,0,0, dropped=0,0,0
     latency   : target=0, window=0, percentile=100.00%, depth=32

Run status group 0 (all jobs):
   READ: bw=400MiB/s (419MB/s), 400MiB/s-400MiB/s (419MB/s-419MB/s), io=234GiB (252GB), run=600001-600001msec
