
0
Starting DPDK 17.05.0 initialization...
[ DPDK EAL parameters: perf -c 0x1 --file-prefix=spdk_pid79574 ]
EAL: Detected 88 lcore(s)
EAL: No free hugepages reported in hugepages-1048576kB
EAL: Probing VFIO support...
Initializing NVMe Controllers
EAL: PCI device 0000:83:00.0 on NUMA socket 1
EAL:   probe driver: 8086:953 spdk_nvme
Attaching to NVMe Controller at 0000:83:00.0 [8086:0953]
Attached to NVMe Controller at 0000:83:00.0 [8086:0953]
EAL: PCI device 0000:84:00.0 on NUMA socket 1
EAL:   probe driver: 8086:953 spdk_nvme
Attaching to NVMe Controller at 0000:84:00.0 [8086:0953]
Attached to NVMe Controller at 0000:84:00.0 [8086:0953]
EAL: PCI device 0000:85:00.0 on NUMA socket 1
EAL:   probe driver: 8086:953 spdk_nvme
Attaching to NVMe Controller at 0000:85:00.0 [8086:0953]
Attached to NVMe Controller at 0000:85:00.0 [8086:0953]
EAL: PCI device 0000:86:00.0 on NUMA socket 1
EAL:   probe driver: 8086:953 spdk_nvme
Attaching to NVMe Controller at 0000:86:00.0 [8086:0953]
Attached to NVMe Controller at 0000:86:00.0 [8086:0953]
EAL: PCI device 0000:87:00.0 on NUMA socket 1
EAL:   probe driver: 8086:953 spdk_nvme
Attaching to NVMe Controller at 0000:87:00.0 [8086:0953]
Attached to NVMe Controller at 0000:87:00.0 [8086:0953]
EAL: PCI device 0000:88:00.0 on NUMA socket 1
EAL:   probe driver: 8086:953 spdk_nvme
Attaching to NVMe Controller at 0000:88:00.0 [8086:0953]
Attached to NVMe Controller at 0000:88:00.0 [8086:0953]
EAL: PCI device 0000:89:00.0 on NUMA socket 1
EAL:   probe driver: 8086:953 spdk_nvme
Attaching to NVMe Controller at 0000:89:00.0 [8086:0953]
Attached to NVMe Controller at 0000:89:00.0 [8086:0953]
EAL: PCI device 0000:8a:00.0 on NUMA socket 1
EAL:   probe driver: 8086:953 spdk_nvme
Attaching to NVMe Controller at 0000:8a:00.0 [8086:0953]
Attached to NVMe Controller at 0000:8a:00.0 [8086:0953]
EAL: PCI device 0000:11:00.0 on NUMA socket 0
EAL:   probe driver: 8086:953 spdk_nvme
Attaching to NVMe Controller at 0000:11:00.0 [8086:0953]
Attached to NVMe Controller at 0000:11:00.0 [8086:0953]
EAL: PCI device 0000:8b:00.0 on NUMA socket 1
EAL:   probe driver: 8086:953 spdk_nvme
Attaching to NVMe Controller at 0000:8b:00.0 [8086:0953]
Attached to NVMe Controller at 0000:8b:00.0 [8086:0953]
EAL: PCI device 0000:8c:00.0 on NUMA socket 1
EAL:   probe driver: 8086:953 spdk_nvme
Attaching to NVMe Controller at 0000:8c:00.0 [8086:0953]
Attached to NVMe Controller at 0000:8c:00.0 [8086:0953]
EAL: PCI device 0000:8d:00.0 on NUMA socket 1
EAL:   probe driver: 8086:953 spdk_nvme
Attaching to NVMe Controller at 0000:8d:00.0 [8086:0953]
Attached to NVMe Controller at 0000:8d:00.0 [8086:0953]
EAL: PCI device 0000:8e:00.0 on NUMA socket 1
EAL:   probe driver: 8086:953 spdk_nvme
Attaching to NVMe Controller at 0000:8e:00.0 [8086:0953]
Attached to NVMe Controller at 0000:8e:00.0 [8086:0953]
EAL: PCI device 0000:0f:00.0 on NUMA socket 0
EAL:   probe driver: 8086:953 spdk_nvme
Attaching to NVMe Controller at 0000:0f:00.0 [8086:0953]
Attached to NVMe Controller at 0000:0f:00.0 [8086:0953]
EAL: PCI device 0000:10:00.0 on NUMA socket 0
EAL:   probe driver: 8086:953 spdk_nvme
Attaching to NVMe Controller at 0000:10:00.0 [8086:0953]
Attached to NVMe Controller at 0000:10:00.0 [8086:0953]
Associating INTEL SSDPE2MD016T4  (PHFT6054006J1P6JGN  ) with lcore 0
Associating INTEL SSDPE2MD016T4  (PHFT6054007P1P6JGN  ) with lcore 0
Associating INTEL SSDPE2MD016T4  (PHFT605400911P6JGN  ) with lcore 0
Associating INTEL SSDPE2MD016T4  (PHFT6054004Y1P6JGN  ) with lcore 0
Associating INTEL SSDPE2MD016T4  (CVFT650600AQ1P6JGN  ) with lcore 0
Associating INTEL SSDPE2MD016T4  (PHFT6480002G1P6JGN  ) with lcore 0
Associating INTEL SSDPE2MD016T4  (PHFT6054004D1P6JGN  ) with lcore 0
Associating INTEL SSDPE2MD016T4  (CVFT650400671P6JGN  ) with lcore 0
Associating INTEL SSDPE2MD016T4  (PHFT605400951P6JGN  ) with lcore 0
Associating INTEL SSDPE2MD016T4  (PHFT6054006V1P6JGN  ) with lcore 0
Associating INTEL SSDPE2MD016T4  (PHFT6054009Y1P6JGN  ) with lcore 0
Associating INTEL SSDPE2MD800G4  (PHFT6393000N800HGN  ) with lcore 0
Associating INTEL SSDPE2MD016T4  (PHFT605400A01P6JGN  ) with lcore 0
Associating INTEL SSDPE2MD016T4  (PHFT6054007S1P6JGN  ) with lcore 0
Associating INTEL SSDPE2MD016T4  (PHFT648000111P6JGN  ) with lcore 0
Initialization complete. Launching workers.
Starting thread on core 0
========================================================
                                                                                            Latency(us)
Device Information                                     :       IOPS       MB/s    Average        min        max
INTEL SSDPE2MD016T4  (PHFT648000111P6JGN  ) from core 0:  220042.00     859.54     581.54      87.37    4029.38
INTEL SSDPE2MD016T4  (PHFT6054007S1P6JGN  ) from core 0:  219491.14     857.39     583.00      77.43    4250.24
INTEL SSDPE2MD016T4  (PHFT605400A01P6JGN  ) from core 0:  219502.61     857.43     582.97      79.64    4171.89
INTEL SSDPE2MD800G4  (PHFT6393000N800HGN  ) from core 0:  220996.41     863.27     579.02      70.60    4976.81
INTEL SSDPE2MD016T4  (PHFT6054009Y1P6JGN  ) from core 0:  218190.64     852.31     586.48      82.32    4392.11
INTEL SSDPE2MD016T4  (PHFT6054006V1P6JGN  ) from core 0:  218471.03     853.40     585.73      81.59    4166.87
INTEL SSDPE2MD016T4  (PHFT605400951P6JGN  ) from core 0:  218939.03     855.23     584.46      80.46    5303.81
INTEL SSDPE2MD016T4  (CVFT650400671P6JGN  ) from core 0:  219967.09     859.25     581.74      76.06    5454.55
INTEL SSDPE2MD016T4  (PHFT6054004D1P6JGN  ) from core 0:  310618.09    1213.35     411.96      51.71    5401.16
INTEL SSDPE2MD016T4  (PHFT6480002G1P6JGN  ) from core 0:  221629.91     865.74     577.39      53.99    7412.91
INTEL SSDPE2MD016T4  (CVFT650600AQ1P6JGN  ) from core 0:  221945.97     866.98     576.56      57.40    5614.61
INTEL SSDPE2MD016T4  (PHFT6054004Y1P6JGN  ) from core 0:  222370.34     868.63     575.44      60.34    5681.65
INTEL SSDPE2MD016T4  (PHFT605400911P6JGN  ) from core 0:  222631.66     869.65     574.76      48.92    5788.32
INTEL SSDPE2MD016T4  (PHFT6054007P1P6JGN  ) from core 0:  308561.91    1205.32     414.71      50.78    5933.05
INTEL SSDPE2MD016T4  (PHFT6054006J1P6JGN  ) from core 0:  305194.47    1192.17     419.28      42.16    6235.95
========================================================
Total                                                  : 3568552.50   13939.66     547.67      66.72    5254.22

1
Starting DPDK 17.05.0 initialization...
[ DPDK EAL parameters: perf -c 0x1 --file-prefix=spdk_pid80194 ]
EAL: Detected 88 lcore(s)
EAL: No free hugepages reported in hugepages-1048576kB
EAL: Probing VFIO support...
Initializing NVMe Controllers
EAL: PCI device 0000:83:00.0 on NUMA socket 1
EAL:   probe driver: 8086:953 spdk_nvme
Attaching to NVMe Controller at 0000:83:00.0 [8086:0953]
Attached to NVMe Controller at 0000:83:00.0 [8086:0953]
EAL: PCI device 0000:84:00.0 on NUMA socket 1
EAL:   probe driver: 8086:953 spdk_nvme
Attaching to NVMe Controller at 0000:84:00.0 [8086:0953]
Attached to NVMe Controller at 0000:84:00.0 [8086:0953]
EAL: PCI device 0000:85:00.0 on NUMA socket 1
EAL:   probe driver: 8086:953 spdk_nvme
Attaching to NVMe Controller at 0000:85:00.0 [8086:0953]
Attached to NVMe Controller at 0000:85:00.0 [8086:0953]
EAL: PCI device 0000:86:00.0 on NUMA socket 1
EAL:   probe driver: 8086:953 spdk_nvme
Attaching to NVMe Controller at 0000:86:00.0 [8086:0953]
Attached to NVMe Controller at 0000:86:00.0 [8086:0953]
EAL: PCI device 0000:87:00.0 on NUMA socket 1
EAL:   probe driver: 8086:953 spdk_nvme
Attaching to NVMe Controller at 0000:87:00.0 [8086:0953]
Attached to NVMe Controller at 0000:87:00.0 [8086:0953]
EAL: PCI device 0000:88:00.0 on NUMA socket 1
EAL:   probe driver: 8086:953 spdk_nvme
Attaching to NVMe Controller at 0000:88:00.0 [8086:0953]
Attached to NVMe Controller at 0000:88:00.0 [8086:0953]
EAL: PCI device 0000:89:00.0 on NUMA socket 1
EAL:   probe driver: 8086:953 spdk_nvme
Attaching to NVMe Controller at 0000:89:00.0 [8086:0953]
Attached to NVMe Controller at 0000:89:00.0 [8086:0953]
EAL: PCI device 0000:8a:00.0 on NUMA socket 1
EAL:   probe driver: 8086:953 spdk_nvme
Attaching to NVMe Controller at 0000:8a:00.0 [8086:0953]
Attached to NVMe Controller at 0000:8a:00.0 [8086:0953]
EAL: PCI device 0000:11:00.0 on NUMA socket 0
EAL:   probe driver: 8086:953 spdk_nvme
Attaching to NVMe Controller at 0000:11:00.0 [8086:0953]
Attached to NVMe Controller at 0000:11:00.0 [8086:0953]
EAL: PCI device 0000:8b:00.0 on NUMA socket 1
EAL:   probe driver: 8086:953 spdk_nvme
Attaching to NVMe Controller at 0000:8b:00.0 [8086:0953]
Attached to NVMe Controller at 0000:8b:00.0 [8086:0953]
EAL: PCI device 0000:8c:00.0 on NUMA socket 1
EAL:   probe driver: 8086:953 spdk_nvme
Attaching to NVMe Controller at 0000:8c:00.0 [8086:0953]
Attached to NVMe Controller at 0000:8c:00.0 [8086:0953]
EAL: PCI device 0000:8d:00.0 on NUMA socket 1
EAL:   probe driver: 8086:953 spdk_nvme
Attaching to NVMe Controller at 0000:8d:00.0 [8086:0953]
Attached to NVMe Controller at 0000:8d:00.0 [8086:0953]
EAL: PCI device 0000:8e:00.0 on NUMA socket 1
EAL:   probe driver: 8086:953 spdk_nvme
Attaching to NVMe Controller at 0000:8e:00.0 [8086:0953]
Attached to NVMe Controller at 0000:8e:00.0 [8086:0953]
EAL: PCI device 0000:0f:00.0 on NUMA socket 0
EAL:   probe driver: 8086:953 spdk_nvme
Attaching to NVMe Controller at 0000:0f:00.0 [8086:0953]
Attached to NVMe Controller at 0000:0f:00.0 [8086:0953]
EAL: PCI device 0000:10:00.0 on NUMA socket 0
EAL:   probe driver: 8086:953 spdk_nvme
Attaching to NVMe Controller at 0000:10:00.0 [8086:0953]
Attached to NVMe Controller at 0000:10:00.0 [8086:0953]
Associating INTEL SSDPE2MD016T4  (PHFT6054006J1P6JGN  ) with lcore 0
Associating INTEL SSDPE2MD016T4  (PHFT6054007P1P6JGN  ) with lcore 0
Associating INTEL SSDPE2MD016T4  (PHFT605400911P6JGN  ) with lcore 0
Associating INTEL SSDPE2MD016T4  (PHFT6054004Y1P6JGN  ) with lcore 0
Associating INTEL SSDPE2MD016T4  (CVFT650600AQ1P6JGN  ) with lcore 0
Associating INTEL SSDPE2MD016T4  (PHFT6480002G1P6JGN  ) with lcore 0
Associating INTEL SSDPE2MD016T4  (PHFT6054004D1P6JGN  ) with lcore 0
Associating INTEL SSDPE2MD016T4  (CVFT650400671P6JGN  ) with lcore 0
Associating INTEL SSDPE2MD016T4  (PHFT605400951P6JGN  ) with lcore 0
Associating INTEL SSDPE2MD016T4  (PHFT6054006V1P6JGN  ) with lcore 0
Associating INTEL SSDPE2MD016T4  (PHFT6054009Y1P6JGN  ) with lcore 0
Associating INTEL SSDPE2MD800G4  (PHFT6393000N800HGN  ) with lcore 0
Associating INTEL SSDPE2MD016T4  (PHFT605400A01P6JGN  ) with lcore 0
Associating INTEL SSDPE2MD016T4  (PHFT6054007S1P6JGN  ) with lcore 0
Associating INTEL SSDPE2MD016T4  (PHFT648000111P6JGN  ) with lcore 0
Initialization complete. Launching workers.
Starting thread on core 0
========================================================
                                                                                            Latency(us)
Device Information                                     :       IOPS       MB/s    Average        min        max
INTEL SSDPE2MD016T4  (PHFT648000111P6JGN  ) from core 0:  220000.31     859.38     581.65      66.90    5026.80
INTEL SSDPE2MD016T4  (PHFT6054007S1P6JGN  ) from core 0:  219547.94     857.61     582.85      83.24    4161.40
INTEL SSDPE2MD016T4  (PHFT605400A01P6JGN  ) from core 0:  219532.77     857.55     582.89      85.59    4079.26
INTEL SSDPE2MD800G4  (PHFT6393000N800HGN  ) from core 0:  220636.48     861.86     579.96      68.89    5433.04
INTEL SSDPE2MD016T4  (PHFT6054009Y1P6JGN  ) from core 0:  218060.80     851.80     586.83      82.93    5367.51
INTEL SSDPE2MD016T4  (PHFT6054006V1P6JGN  ) from core 0:  218483.31     853.45     585.70      80.63    4242.25
INTEL SSDPE2MD016T4  (PHFT605400951P6JGN  ) from core 0:  219202.77     856.26     583.76      80.52    6050.13
INTEL SSDPE2MD016T4  (CVFT650400671P6JGN  ) from core 0:  220287.73     860.50     580.89      76.48    5744.80
INTEL SSDPE2MD016T4  (PHFT6054004D1P6JGN  ) from core 0:  310057.06    1211.16     412.71      48.36    5888.86
INTEL SSDPE2MD016T4  (PHFT6480002G1P6JGN  ) from core 0:  220863.05     862.75     579.39      60.16    5460.42
INTEL SSDPE2MD016T4  (CVFT650600AQ1P6JGN  ) from core 0:  221337.09     864.60     578.15      47.64    5153.19
INTEL SSDPE2MD016T4  (PHFT6054004Y1P6JGN  ) from core 0:  221772.98     866.30     576.99      53.46    5352.31
INTEL SSDPE2MD016T4  (PHFT605400911P6JGN  ) from core 0:  221979.58     867.11     576.44      49.18    5897.44
INTEL SSDPE2MD016T4  (PHFT6054007P1P6JGN  ) from core 0:  307026.69    1199.32     416.78      48.53    5845.15
INTEL SSDPE2MD016T4  (PHFT6054006J1P6JGN  ) from core 0:  305201.19    1192.19     419.27      51.25    5839.78
========================================================
Total                                                  : 3563989.50   13921.83     548.28      65.58    5302.82

2
Starting DPDK 17.05.0 initialization...
[ DPDK EAL parameters: perf -c 0x1 --file-prefix=spdk_pid80599 ]
EAL: Detected 88 lcore(s)
EAL: No free hugepages reported in hugepages-1048576kB
EAL: Probing VFIO support...
Initializing NVMe Controllers
EAL: PCI device 0000:83:00.0 on NUMA socket 1
EAL:   probe driver: 8086:953 spdk_nvme
Attaching to NVMe Controller at 0000:83:00.0 [8086:0953]
Attached to NVMe Controller at 0000:83:00.0 [8086:0953]
EAL: PCI device 0000:84:00.0 on NUMA socket 1
EAL:   probe driver: 8086:953 spdk_nvme
Attaching to NVMe Controller at 0000:84:00.0 [8086:0953]
Attached to NVMe Controller at 0000:84:00.0 [8086:0953]
EAL: PCI device 0000:85:00.0 on NUMA socket 1
EAL:   probe driver: 8086:953 spdk_nvme
Attaching to NVMe Controller at 0000:85:00.0 [8086:0953]
Attached to NVMe Controller at 0000:85:00.0 [8086:0953]
EAL: PCI device 0000:86:00.0 on NUMA socket 1
EAL:   probe driver: 8086:953 spdk_nvme
Attaching to NVMe Controller at 0000:86:00.0 [8086:0953]
Attached to NVMe Controller at 0000:86:00.0 [8086:0953]
EAL: PCI device 0000:87:00.0 on NUMA socket 1
EAL:   probe driver: 8086:953 spdk_nvme
Attaching to NVMe Controller at 0000:87:00.0 [8086:0953]
Attached to NVMe Controller at 0000:87:00.0 [8086:0953]
EAL: PCI device 0000:88:00.0 on NUMA socket 1
EAL:   probe driver: 8086:953 spdk_nvme
Attaching to NVMe Controller at 0000:88:00.0 [8086:0953]
Attached to NVMe Controller at 0000:88:00.0 [8086:0953]
EAL: PCI device 0000:89:00.0 on NUMA socket 1
EAL:   probe driver: 8086:953 spdk_nvme
Attaching to NVMe Controller at 0000:89:00.0 [8086:0953]
Attached to NVMe Controller at 0000:89:00.0 [8086:0953]
EAL: PCI device 0000:8a:00.0 on NUMA socket 1
EAL:   probe driver: 8086:953 spdk_nvme
Attaching to NVMe Controller at 0000:8a:00.0 [8086:0953]
Attached to NVMe Controller at 0000:8a:00.0 [8086:0953]
EAL: PCI device 0000:11:00.0 on NUMA socket 0
EAL:   probe driver: 8086:953 spdk_nvme
Attaching to NVMe Controller at 0000:11:00.0 [8086:0953]
Attached to NVMe Controller at 0000:11:00.0 [8086:0953]
EAL: PCI device 0000:8b:00.0 on NUMA socket 1
EAL:   probe driver: 8086:953 spdk_nvme
Attaching to NVMe Controller at 0000:8b:00.0 [8086:0953]
Attached to NVMe Controller at 0000:8b:00.0 [8086:0953]
EAL: PCI device 0000:8c:00.0 on NUMA socket 1
EAL:   probe driver: 8086:953 spdk_nvme
Attaching to NVMe Controller at 0000:8c:00.0 [8086:0953]
Attached to NVMe Controller at 0000:8c:00.0 [8086:0953]
EAL: PCI device 0000:8d:00.0 on NUMA socket 1
EAL:   probe driver: 8086:953 spdk_nvme
Attaching to NVMe Controller at 0000:8d:00.0 [8086:0953]
Attached to NVMe Controller at 0000:8d:00.0 [8086:0953]
EAL: PCI device 0000:8e:00.0 on NUMA socket 1
EAL:   probe driver: 8086:953 spdk_nvme
Attaching to NVMe Controller at 0000:8e:00.0 [8086:0953]
Attached to NVMe Controller at 0000:8e:00.0 [8086:0953]
EAL: PCI device 0000:0f:00.0 on NUMA socket 0
EAL:   probe driver: 8086:953 spdk_nvme
Attaching to NVMe Controller at 0000:0f:00.0 [8086:0953]
Attached to NVMe Controller at 0000:0f:00.0 [8086:0953]
EAL: PCI device 0000:10:00.0 on NUMA socket 0
EAL:   probe driver: 8086:953 spdk_nvme
Attaching to NVMe Controller at 0000:10:00.0 [8086:0953]
Attached to NVMe Controller at 0000:10:00.0 [8086:0953]
Associating INTEL SSDPE2MD016T4  (PHFT6054006J1P6JGN  ) with lcore 0
Associating INTEL SSDPE2MD016T4  (PHFT6054007P1P6JGN  ) with lcore 0
Associating INTEL SSDPE2MD016T4  (PHFT605400911P6JGN  ) with lcore 0
Associating INTEL SSDPE2MD016T4  (PHFT6054004Y1P6JGN  ) with lcore 0
Associating INTEL SSDPE2MD016T4  (CVFT650600AQ1P6JGN  ) with lcore 0
Associating INTEL SSDPE2MD016T4  (PHFT6480002G1P6JGN  ) with lcore 0
Associating INTEL SSDPE2MD016T4  (PHFT6054004D1P6JGN  ) with lcore 0
Associating INTEL SSDPE2MD016T4  (CVFT650400671P6JGN  ) with lcore 0
Associating INTEL SSDPE2MD016T4  (PHFT605400951P6JGN  ) with lcore 0
Associating INTEL SSDPE2MD016T4  (PHFT6054006V1P6JGN  ) with lcore 0
Associating INTEL SSDPE2MD016T4  (PHFT6054009Y1P6JGN  ) with lcore 0
Associating INTEL SSDPE2MD800G4  (PHFT6393000N800HGN  ) with lcore 0
Associating INTEL SSDPE2MD016T4  (PHFT605400A01P6JGN  ) with lcore 0
Associating INTEL SSDPE2MD016T4  (PHFT6054007S1P6JGN  ) with lcore 0
Associating INTEL SSDPE2MD016T4  (PHFT648000111P6JGN  ) with lcore 0
Initialization complete. Launching workers.
Starting thread on core 0
========================================================
                                                                                            Latency(us)
Device Information                                     :       IOPS       MB/s    Average        min        max
INTEL SSDPE2MD016T4  (PHFT648000111P6JGN  ) from core 0:  220224.72     860.25     581.06      83.26    4085.54
INTEL SSDPE2MD016T4  (PHFT6054007S1P6JGN  ) from core 0:  219630.80     857.93     582.63      82.43    4218.82
INTEL SSDPE2MD016T4  (PHFT605400A01P6JGN  ) from core 0:  219628.97     857.93     582.64      83.46    5903.96
INTEL SSDPE2MD800G4  (PHFT6393000N800HGN  ) from core 0:  220682.05     862.04     579.85      63.09    5270.10
INTEL SSDPE2MD016T4  (PHFT6054009Y1P6JGN  ) from core 0:  218103.64     851.97     586.72      74.47    5847.54
INTEL SSDPE2MD016T4  (PHFT6054006V1P6JGN  ) from core 0:  218474.38     853.42     585.72      66.47    4877.86
INTEL SSDPE2MD016T4  (PHFT605400951P6JGN  ) from core 0:  219198.92     856.25     583.77      81.03    4365.83
INTEL SSDPE2MD016T4  (CVFT650400671P6JGN  ) from core 0:  220290.05     860.51     580.89      83.75    4431.16
INTEL SSDPE2MD016T4  (PHFT6054004D1P6JGN  ) from core 0:  309329.44    1208.32     413.68      50.29    5432.86
INTEL SSDPE2MD016T4  (PHFT6480002G1P6JGN  ) from core 0:  220857.78     862.73     579.41      60.85    5743.79
INTEL SSDPE2MD016T4  (CVFT650600AQ1P6JGN  ) from core 0:  221339.98     864.61     578.14      57.48    5908.71
INTEL SSDPE2MD016T4  (PHFT6054004Y1P6JGN  ) from core 0:  221768.75     866.28     577.01      45.35    6251.28
INTEL SSDPE2MD016T4  (PHFT605400911P6JGN  ) from core 0:  222101.48     867.58     576.13      49.06    6672.16
INTEL SSDPE2MD016T4  (PHFT6054007P1P6JGN  ) from core 0:  306022.53    1195.40     418.15      43.71    6904.51
INTEL SSDPE2MD016T4  (PHFT6054006J1P6JGN  ) from core 0:  305761.59    1194.38     418.50      49.01    7338.30
========================================================
Total                                                  : 3563415.00   13919.59     548.29      64.91    5550.16

3
Starting DPDK 17.05.0 initialization...
[ DPDK EAL parameters: perf -c 0x1 --file-prefix=spdk_pid80658 ]
EAL: Detected 88 lcore(s)
EAL: No free hugepages reported in hugepages-1048576kB
EAL: Probing VFIO support...
Initializing NVMe Controllers
EAL: PCI device 0000:83:00.0 on NUMA socket 1
EAL:   probe driver: 8086:953 spdk_nvme
Attaching to NVMe Controller at 0000:83:00.0 [8086:0953]
Attached to NVMe Controller at 0000:83:00.0 [8086:0953]
EAL: PCI device 0000:84:00.0 on NUMA socket 1
EAL:   probe driver: 8086:953 spdk_nvme
Attaching to NVMe Controller at 0000:84:00.0 [8086:0953]
Attached to NVMe Controller at 0000:84:00.0 [8086:0953]
EAL: PCI device 0000:85:00.0 on NUMA socket 1
EAL:   probe driver: 8086:953 spdk_nvme
Attaching to NVMe Controller at 0000:85:00.0 [8086:0953]
Attached to NVMe Controller at 0000:85:00.0 [8086:0953]
EAL: PCI device 0000:86:00.0 on NUMA socket 1
EAL:   probe driver: 8086:953 spdk_nvme
Attaching to NVMe Controller at 0000:86:00.0 [8086:0953]
Attached to NVMe Controller at 0000:86:00.0 [8086:0953]
EAL: PCI device 0000:87:00.0 on NUMA socket 1
EAL:   probe driver: 8086:953 spdk_nvme
Attaching to NVMe Controller at 0000:87:00.0 [8086:0953]
Attached to NVMe Controller at 0000:87:00.0 [8086:0953]
EAL: PCI device 0000:88:00.0 on NUMA socket 1
EAL:   probe driver: 8086:953 spdk_nvme
Attaching to NVMe Controller at 0000:88:00.0 [8086:0953]
Attached to NVMe Controller at 0000:88:00.0 [8086:0953]
EAL: PCI device 0000:89:00.0 on NUMA socket 1
EAL:   probe driver: 8086:953 spdk_nvme
Attaching to NVMe Controller at 0000:89:00.0 [8086:0953]
Attached to NVMe Controller at 0000:89:00.0 [8086:0953]
EAL: PCI device 0000:8a:00.0 on NUMA socket 1
EAL:   probe driver: 8086:953 spdk_nvme
Attaching to NVMe Controller at 0000:8a:00.0 [8086:0953]
Attached to NVMe Controller at 0000:8a:00.0 [8086:0953]
EAL: PCI device 0000:11:00.0 on NUMA socket 0
EAL:   probe driver: 8086:953 spdk_nvme
Attaching to NVMe Controller at 0000:11:00.0 [8086:0953]
Attached to NVMe Controller at 0000:11:00.0 [8086:0953]
EAL: PCI device 0000:8b:00.0 on NUMA socket 1
EAL:   probe driver: 8086:953 spdk_nvme
Attaching to NVMe Controller at 0000:8b:00.0 [8086:0953]
Attached to NVMe Controller at 0000:8b:00.0 [8086:0953]
EAL: PCI device 0000:8c:00.0 on NUMA socket 1
EAL:   probe driver: 8086:953 spdk_nvme
Attaching to NVMe Controller at 0000:8c:00.0 [8086:0953]
Attached to NVMe Controller at 0000:8c:00.0 [8086:0953]
EAL: PCI device 0000:8d:00.0 on NUMA socket 1
EAL:   probe driver: 8086:953 spdk_nvme
Attaching to NVMe Controller at 0000:8d:00.0 [8086:0953]
Attached to NVMe Controller at 0000:8d:00.0 [8086:0953]
EAL: PCI device 0000:8e:00.0 on NUMA socket 1
EAL:   probe driver: 8086:953 spdk_nvme
Attaching to NVMe Controller at 0000:8e:00.0 [8086:0953]
Attached to NVMe Controller at 0000:8e:00.0 [8086:0953]
EAL: PCI device 0000:0f:00.0 on NUMA socket 0
EAL:   probe driver: 8086:953 spdk_nvme
Attaching to NVMe Controller at 0000:0f:00.0 [8086:0953]
Attached to NVMe Controller at 0000:0f:00.0 [8086:0953]
EAL: PCI device 0000:10:00.0 on NUMA socket 0
EAL:   probe driver: 8086:953 spdk_nvme
Attaching to NVMe Controller at 0000:10:00.0 [8086:0953]
Attached to NVMe Controller at 0000:10:00.0 [8086:0953]
Associating INTEL SSDPE2MD016T4  (PHFT6054006J1P6JGN  ) with lcore 0
Associating INTEL SSDPE2MD016T4  (PHFT6054007P1P6JGN  ) with lcore 0
Associating INTEL SSDPE2MD016T4  (PHFT605400911P6JGN  ) with lcore 0
Associating INTEL SSDPE2MD016T4  (PHFT6054004Y1P6JGN  ) with lcore 0
Associating INTEL SSDPE2MD016T4  (CVFT650600AQ1P6JGN  ) with lcore 0
Associating INTEL SSDPE2MD016T4  (PHFT6480002G1P6JGN  ) with lcore 0
Associating INTEL SSDPE2MD016T4  (PHFT6054004D1P6JGN  ) with lcore 0
Associating INTEL SSDPE2MD016T4  (CVFT650400671P6JGN  ) with lcore 0
Associating INTEL SSDPE2MD016T4  (PHFT605400951P6JGN  ) with lcore 0
Associating INTEL SSDPE2MD016T4  (PHFT6054006V1P6JGN  ) with lcore 0
Associating INTEL SSDPE2MD016T4  (PHFT6054009Y1P6JGN  ) with lcore 0
Associating INTEL SSDPE2MD800G4  (PHFT6393000N800HGN  ) with lcore 0
Associating INTEL SSDPE2MD016T4  (PHFT605400A01P6JGN  ) with lcore 0
Associating INTEL SSDPE2MD016T4  (PHFT6054007S1P6JGN  ) with lcore 0
Associating INTEL SSDPE2MD016T4  (PHFT648000111P6JGN  ) with lcore 0
Initialization complete. Launching workers.
Starting thread on core 0
========================================================
                                                                                            Latency(us)
Device Information                                     :       IOPS       MB/s    Average        min        max
INTEL SSDPE2MD016T4  (PHFT648000111P6JGN  ) from core 0:  220147.09     859.95     581.26      85.75    4208.96
INTEL SSDPE2MD016T4  (PHFT6054007S1P6JGN  ) from core 0:  219460.84     857.27     583.08      60.16    4457.97
INTEL SSDPE2MD016T4  (PHFT605400A01P6JGN  ) from core 0:  219368.62     856.91     583.32      60.39    4061.47
INTEL SSDPE2MD800G4  (PHFT6393000N800HGN  ) from core 0:  220722.78     862.20     579.74      56.26    5453.18
INTEL SSDPE2MD016T4  (PHFT6054009Y1P6JGN  ) from core 0:  217880.38     851.10     587.32      81.03    4170.97
INTEL SSDPE2MD016T4  (PHFT6054006V1P6JGN  ) from core 0:  218400.23     853.13     585.92      84.78    5614.50
INTEL SSDPE2MD016T4  (PHFT605400951P6JGN  ) from core 0:  219053.28     855.68     584.16      72.24    4303.53
INTEL SSDPE2MD016T4  (CVFT650400671P6JGN  ) from core 0:  220101.31     859.77     581.39      74.48    5845.70
INTEL SSDPE2MD016T4  (PHFT6054004D1P6JGN  ) from core 0:  307883.72    1202.67     415.62      50.89    5978.39
INTEL SSDPE2MD016T4  (PHFT6480002G1P6JGN  ) from core 0:  220847.39     862.69     579.43      55.72    5980.54
INTEL SSDPE2MD016T4  (CVFT650600AQ1P6JGN  ) from core 0:  221352.58     864.66     578.11      44.51    6290.93
INTEL SSDPE2MD016T4  (PHFT6054004Y1P6JGN  ) from core 0:  221804.89     866.43     576.91      53.63    5820.13
INTEL SSDPE2MD016T4  (PHFT605400911P6JGN  ) from core 0:  222052.52     867.39     576.26      52.92    5892.28
INTEL SSDPE2MD016T4  (PHFT6054007P1P6JGN  ) from core 0:  304449.28    1189.26     420.31      34.97   10381.50
INTEL SSDPE2MD016T4  (PHFT6054006J1P6JGN  ) from core 0:  304271.47    1188.56     420.55      50.30    6421.61
========================================================
Total                                                  : 3557796.50   13897.64     548.89      61.20    5658.78

4
Starting DPDK 17.05.0 initialization...
[ DPDK EAL parameters: perf -c 0x1 --file-prefix=spdk_pid80881 ]
EAL: Detected 88 lcore(s)
EAL: No free hugepages reported in hugepages-1048576kB
EAL: Probing VFIO support...
Initializing NVMe Controllers
EAL: PCI device 0000:83:00.0 on NUMA socket 1
EAL:   probe driver: 8086:953 spdk_nvme
Attaching to NVMe Controller at 0000:83:00.0 [8086:0953]
Attached to NVMe Controller at 0000:83:00.0 [8086:0953]
EAL: PCI device 0000:84:00.0 on NUMA socket 1
EAL:   probe driver: 8086:953 spdk_nvme
Attaching to NVMe Controller at 0000:84:00.0 [8086:0953]
Attached to NVMe Controller at 0000:84:00.0 [8086:0953]
EAL: PCI device 0000:85:00.0 on NUMA socket 1
EAL:   probe driver: 8086:953 spdk_nvme
Attaching to NVMe Controller at 0000:85:00.0 [8086:0953]
Attached to NVMe Controller at 0000:85:00.0 [8086:0953]
EAL: PCI device 0000:86:00.0 on NUMA socket 1
EAL:   probe driver: 8086:953 spdk_nvme
Attaching to NVMe Controller at 0000:86:00.0 [8086:0953]
Attached to NVMe Controller at 0000:86:00.0 [8086:0953]
EAL: PCI device 0000:87:00.0 on NUMA socket 1
EAL:   probe driver: 8086:953 spdk_nvme
Attaching to NVMe Controller at 0000:87:00.0 [8086:0953]
Attached to NVMe Controller at 0000:87:00.0 [8086:0953]
EAL: PCI device 0000:88:00.0 on NUMA socket 1
EAL:   probe driver: 8086:953 spdk_nvme
Attaching to NVMe Controller at 0000:88:00.0 [8086:0953]
Attached to NVMe Controller at 0000:88:00.0 [8086:0953]
EAL: PCI device 0000:89:00.0 on NUMA socket 1
EAL:   probe driver: 8086:953 spdk_nvme
Attaching to NVMe Controller at 0000:89:00.0 [8086:0953]
Attached to NVMe Controller at 0000:89:00.0 [8086:0953]
EAL: PCI device 0000:8a:00.0 on NUMA socket 1
EAL:   probe driver: 8086:953 spdk_nvme
Attaching to NVMe Controller at 0000:8a:00.0 [8086:0953]
Attached to NVMe Controller at 0000:8a:00.0 [8086:0953]
EAL: PCI device 0000:11:00.0 on NUMA socket 0
EAL:   probe driver: 8086:953 spdk_nvme
Attaching to NVMe Controller at 0000:11:00.0 [8086:0953]
Attached to NVMe Controller at 0000:11:00.0 [8086:0953]
EAL: PCI device 0000:8b:00.0 on NUMA socket 1
EAL:   probe driver: 8086:953 spdk_nvme
Attaching to NVMe Controller at 0000:8b:00.0 [8086:0953]
Attached to NVMe Controller at 0000:8b:00.0 [8086:0953]
EAL: PCI device 0000:8c:00.0 on NUMA socket 1
EAL:   probe driver: 8086:953 spdk_nvme
Attaching to NVMe Controller at 0000:8c:00.0 [8086:0953]
Attached to NVMe Controller at 0000:8c:00.0 [8086:0953]
EAL: PCI device 0000:8d:00.0 on NUMA socket 1
EAL:   probe driver: 8086:953 spdk_nvme
Attaching to NVMe Controller at 0000:8d:00.0 [8086:0953]
Attached to NVMe Controller at 0000:8d:00.0 [8086:0953]
EAL: PCI device 0000:8e:00.0 on NUMA socket 1
EAL:   probe driver: 8086:953 spdk_nvme
Attaching to NVMe Controller at 0000:8e:00.0 [8086:0953]
Attached to NVMe Controller at 0000:8e:00.0 [8086:0953]
EAL: PCI device 0000:0f:00.0 on NUMA socket 0
EAL:   probe driver: 8086:953 spdk_nvme
Attaching to NVMe Controller at 0000:0f:00.0 [8086:0953]
Attached to NVMe Controller at 0000:0f:00.0 [8086:0953]
EAL: PCI device 0000:10:00.0 on NUMA socket 0
EAL:   probe driver: 8086:953 spdk_nvme
Attaching to NVMe Controller at 0000:10:00.0 [8086:0953]
Attached to NVMe Controller at 0000:10:00.0 [8086:0953]
Associating INTEL SSDPE2MD016T4  (PHFT6054006J1P6JGN  ) with lcore 0
Associating INTEL SSDPE2MD016T4  (PHFT6054007P1P6JGN  ) with lcore 0
Associating INTEL SSDPE2MD016T4  (PHFT605400911P6JGN  ) with lcore 0
Associating INTEL SSDPE2MD016T4  (PHFT6054004Y1P6JGN  ) with lcore 0
Associating INTEL SSDPE2MD016T4  (CVFT650600AQ1P6JGN  ) with lcore 0
Associating INTEL SSDPE2MD016T4  (PHFT6480002G1P6JGN  ) with lcore 0
Associating INTEL SSDPE2MD016T4  (PHFT6054004D1P6JGN  ) with lcore 0
Associating INTEL SSDPE2MD016T4  (CVFT650400671P6JGN  ) with lcore 0
Associating INTEL SSDPE2MD016T4  (PHFT605400951P6JGN  ) with lcore 0
Associating INTEL SSDPE2MD016T4  (PHFT6054006V1P6JGN  ) with lcore 0
Associating INTEL SSDPE2MD016T4  (PHFT6054009Y1P6JGN  ) with lcore 0
Associating INTEL SSDPE2MD800G4  (PHFT6393000N800HGN  ) with lcore 0
Associating INTEL SSDPE2MD016T4  (PHFT605400A01P6JGN  ) with lcore 0
Associating INTEL SSDPE2MD016T4  (PHFT6054007S1P6JGN  ) with lcore 0
Associating INTEL SSDPE2MD016T4  (PHFT648000111P6JGN  ) with lcore 0
Initialization complete. Launching workers.
Starting thread on core 0
========================================================
                                                                                            Latency(us)
Device Information                                     :       IOPS       MB/s    Average        min        max
INTEL SSDPE2MD016T4  (PHFT648000111P6JGN  ) from core 0:  220151.86     859.97     581.25      88.00    3944.79
INTEL SSDPE2MD016T4  (PHFT6054007S1P6JGN  ) from core 0:  219337.94     856.79     583.41      85.21    5726.70
INTEL SSDPE2MD016T4  (PHFT605400A01P6JGN  ) from core 0:  219387.14     856.98     583.28      81.17    4149.63
INTEL SSDPE2MD800G4  (PHFT6393000N800HGN  ) from core 0:  220802.67     862.51     579.53      65.06    5273.13
INTEL SSDPE2MD016T4  (PHFT6054009Y1P6JGN  ) from core 0:  217811.12     850.82     587.50      65.62    4601.75
INTEL SSDPE2MD016T4  (PHFT6054006V1P6JGN  ) from core 0:  218113.25     852.00     586.69      79.64    4886.58
INTEL SSDPE2MD016T4  (PHFT605400951P6JGN  ) from core 0:  219045.66     855.65     584.18      76.15    5240.50
INTEL SSDPE2MD016T4  (CVFT650400671P6JGN  ) from core 0:  220066.86     859.64     581.47      79.04    4782.27
INTEL SSDPE2MD016T4  (PHFT6054004D1P6JGN  ) from core 0:  308204.31    1203.92     415.19      42.98    4307.19
INTEL SSDPE2MD016T4  (PHFT6480002G1P6JGN  ) from core 0:  220791.75     862.47     579.57      53.65    5522.83
INTEL SSDPE2MD016T4  (CVFT650600AQ1P6JGN  ) from core 0:  221331.41     864.58     578.16      57.80    5326.09
INTEL SSDPE2MD016T4  (PHFT6054004Y1P6JGN  ) from core 0:  221785.66     866.35     576.96      57.22    5342.12
INTEL SSDPE2MD016T4  (PHFT605400911P6JGN  ) from core 0:  222017.08     867.25     576.34      51.13    5687.77
INTEL SSDPE2MD016T4  (PHFT6054007P1P6JGN  ) from core 0:  304995.91    1191.39     419.56      47.10    5323.51
INTEL SSDPE2MD016T4  (PHFT6054006J1P6JGN  ) from core 0:  303211.94    1184.42     422.02      55.08    5689.07
========================================================
Total                                                  : 3557054.75   13894.75     549.01      65.66    5053.60

5
Starting DPDK 17.05.0 initialization...
[ DPDK EAL parameters: perf -c 0x1 --file-prefix=spdk_pid81040 ]
EAL: Detected 88 lcore(s)
EAL: No free hugepages reported in hugepages-1048576kB
EAL: Probing VFIO support...
Initializing NVMe Controllers
EAL: PCI device 0000:83:00.0 on NUMA socket 1
EAL:   probe driver: 8086:953 spdk_nvme
Attaching to NVMe Controller at 0000:83:00.0 [8086:0953]
Attached to NVMe Controller at 0000:83:00.0 [8086:0953]
EAL: PCI device 0000:84:00.0 on NUMA socket 1
EAL:   probe driver: 8086:953 spdk_nvme
Attaching to NVMe Controller at 0000:84:00.0 [8086:0953]
Attached to NVMe Controller at 0000:84:00.0 [8086:0953]
EAL: PCI device 0000:85:00.0 on NUMA socket 1
EAL:   probe driver: 8086:953 spdk_nvme
Attaching to NVMe Controller at 0000:85:00.0 [8086:0953]
Attached to NVMe Controller at 0000:85:00.0 [8086:0953]
EAL: PCI device 0000:86:00.0 on NUMA socket 1
EAL:   probe driver: 8086:953 spdk_nvme
Attaching to NVMe Controller at 0000:86:00.0 [8086:0953]
Attached to NVMe Controller at 0000:86:00.0 [8086:0953]
EAL: PCI device 0000:87:00.0 on NUMA socket 1
EAL:   probe driver: 8086:953 spdk_nvme
Attaching to NVMe Controller at 0000:87:00.0 [8086:0953]
Attached to NVMe Controller at 0000:87:00.0 [8086:0953]
EAL: PCI device 0000:88:00.0 on NUMA socket 1
EAL:   probe driver: 8086:953 spdk_nvme
Attaching to NVMe Controller at 0000:88:00.0 [8086:0953]
Attached to NVMe Controller at 0000:88:00.0 [8086:0953]
EAL: PCI device 0000:89:00.0 on NUMA socket 1
EAL:   probe driver: 8086:953 spdk_nvme
Attaching to NVMe Controller at 0000:89:00.0 [8086:0953]
Attached to NVMe Controller at 0000:89:00.0 [8086:0953]
EAL: PCI device 0000:8a:00.0 on NUMA socket 1
EAL:   probe driver: 8086:953 spdk_nvme
Attaching to NVMe Controller at 0000:8a:00.0 [8086:0953]
Attached to NVMe Controller at 0000:8a:00.0 [8086:0953]
EAL: PCI device 0000:11:00.0 on NUMA socket 0
EAL:   probe driver: 8086:953 spdk_nvme
Attaching to NVMe Controller at 0000:11:00.0 [8086:0953]
Attached to NVMe Controller at 0000:11:00.0 [8086:0953]
EAL: PCI device 0000:8b:00.0 on NUMA socket 1
EAL:   probe driver: 8086:953 spdk_nvme
Attaching to NVMe Controller at 0000:8b:00.0 [8086:0953]
Attached to NVMe Controller at 0000:8b:00.0 [8086:0953]
EAL: PCI device 0000:8c:00.0 on NUMA socket 1
EAL:   probe driver: 8086:953 spdk_nvme
Attaching to NVMe Controller at 0000:8c:00.0 [8086:0953]
Attached to NVMe Controller at 0000:8c:00.0 [8086:0953]
EAL: PCI device 0000:8d:00.0 on NUMA socket 1
EAL:   probe driver: 8086:953 spdk_nvme
Attaching to NVMe Controller at 0000:8d:00.0 [8086:0953]
Attached to NVMe Controller at 0000:8d:00.0 [8086:0953]
EAL: PCI device 0000:8e:00.0 on NUMA socket 1
EAL:   probe driver: 8086:953 spdk_nvme
Attaching to NVMe Controller at 0000:8e:00.0 [8086:0953]
Attached to NVMe Controller at 0000:8e:00.0 [8086:0953]
EAL: PCI device 0000:0f:00.0 on NUMA socket 0
EAL:   probe driver: 8086:953 spdk_nvme
Attaching to NVMe Controller at 0000:0f:00.0 [8086:0953]
Attached to NVMe Controller at 0000:0f:00.0 [8086:0953]
EAL: PCI device 0000:10:00.0 on NUMA socket 0
EAL:   probe driver: 8086:953 spdk_nvme
Attaching to NVMe Controller at 0000:10:00.0 [8086:0953]
Attached to NVMe Controller at 0000:10:00.0 [8086:0953]
Associating INTEL SSDPE2MD016T4  (PHFT6054006J1P6JGN  ) with lcore 0
Associating INTEL SSDPE2MD016T4  (PHFT6054007P1P6JGN  ) with lcore 0
Associating INTEL SSDPE2MD016T4  (PHFT605400911P6JGN  ) with lcore 0
Associating INTEL SSDPE2MD016T4  (PHFT6054004Y1P6JGN  ) with lcore 0
Associating INTEL SSDPE2MD016T4  (CVFT650600AQ1P6JGN  ) with lcore 0
Associating INTEL SSDPE2MD016T4  (PHFT6480002G1P6JGN  ) with lcore 0
Associating INTEL SSDPE2MD016T4  (PHFT6054004D1P6JGN  ) with lcore 0
Associating INTEL SSDPE2MD016T4  (CVFT650400671P6JGN  ) with lcore 0
Associating INTEL SSDPE2MD016T4  (PHFT605400951P6JGN  ) with lcore 0
Associating INTEL SSDPE2MD016T4  (PHFT6054006V1P6JGN  ) with lcore 0
Associating INTEL SSDPE2MD016T4  (PHFT6054009Y1P6JGN  ) with lcore 0
Associating INTEL SSDPE2MD800G4  (PHFT6393000N800HGN  ) with lcore 0
Associating INTEL SSDPE2MD016T4  (PHFT605400A01P6JGN  ) with lcore 0
Associating INTEL SSDPE2MD016T4  (PHFT6054007S1P6JGN  ) with lcore 0
Associating INTEL SSDPE2MD016T4  (PHFT648000111P6JGN  ) with lcore 0
Initialization complete. Launching workers.
Starting thread on core 0
========================================================
                                                                                            Latency(us)
Device Information                                     :       IOPS       MB/s    Average        min        max
INTEL SSDPE2MD016T4  (PHFT648000111P6JGN  ) from core 0:  220254.03     860.37     580.98      87.34    4201.68
INTEL SSDPE2MD016T4  (PHFT6054007S1P6JGN  ) from core 0:  219664.95     858.07     582.54      74.02    4138.95
INTEL SSDPE2MD016T4  (PHFT605400A01P6JGN  ) from core 0:  219751.33     858.40     582.31      74.57    3993.71
INTEL SSDPE2MD800G4  (PHFT6393000N800HGN  ) from core 0:  220757.97     862.34     579.65      71.35    5358.31
INTEL SSDPE2MD016T4  (PHFT6054009Y1P6JGN  ) from core 0:  218225.52     852.44     586.39      81.70    5784.14
INTEL SSDPE2MD016T4  (PHFT6054006V1P6JGN  ) from core 0:  218587.47     853.86     585.42      79.89    4139.87
INTEL SSDPE2MD016T4  (PHFT605400951P6JGN  ) from core 0:  219474.44     857.32     583.03      78.12    5391.38
INTEL SSDPE2MD016T4  (CVFT650400671P6JGN  ) from core 0:  220397.19     860.93     580.60      78.22    5940.68
INTEL SSDPE2MD016T4  (PHFT6054004D1P6JGN  ) from core 0:  311406.25    1216.43     410.92      46.87    5535.68
INTEL SSDPE2MD016T4  (PHFT6480002G1P6JGN  ) from core 0:  220942.72     863.06     579.18      47.30    4582.23
INTEL SSDPE2MD016T4  (CVFT650600AQ1P6JGN  ) from core 0:  221435.59     864.98     577.89      49.67    5866.14
INTEL SSDPE2MD016T4  (PHFT6054004Y1P6JGN  ) from core 0:  221816.48     866.47     576.88      46.20    4905.04
INTEL SSDPE2MD016T4  (PHFT605400911P6JGN  ) from core 0:  222082.50     867.51     576.18      55.47    7178.78
INTEL SSDPE2MD016T4  (PHFT6054007P1P6JGN  ) from core 0:  306895.41    1198.81     416.96      43.64    5722.30
INTEL SSDPE2MD016T4  (PHFT6054006J1P6JGN  ) from core 0:  305988.84    1195.27     418.19      43.58    5540.90
========================================================
Total                                                  : 3567680.75   13936.25     547.81      63.86    5218.65

6
Starting DPDK 17.05.0 initialization...
[ DPDK EAL parameters: perf -c 0x1 --file-prefix=spdk_pid81101 ]
EAL: Detected 88 lcore(s)
EAL: No free hugepages reported in hugepages-1048576kB
EAL: Probing VFIO support...
Initializing NVMe Controllers
EAL: PCI device 0000:83:00.0 on NUMA socket 1
EAL:   probe driver: 8086:953 spdk_nvme
Attaching to NVMe Controller at 0000:83:00.0 [8086:0953]
Attached to NVMe Controller at 0000:83:00.0 [8086:0953]
EAL: PCI device 0000:84:00.0 on NUMA socket 1
EAL:   probe driver: 8086:953 spdk_nvme
Attaching to NVMe Controller at 0000:84:00.0 [8086:0953]
Attached to NVMe Controller at 0000:84:00.0 [8086:0953]
EAL: PCI device 0000:85:00.0 on NUMA socket 1
EAL:   probe driver: 8086:953 spdk_nvme
Attaching to NVMe Controller at 0000:85:00.0 [8086:0953]
Attached to NVMe Controller at 0000:85:00.0 [8086:0953]
EAL: PCI device 0000:86:00.0 on NUMA socket 1
EAL:   probe driver: 8086:953 spdk_nvme
Attaching to NVMe Controller at 0000:86:00.0 [8086:0953]
Attached to NVMe Controller at 0000:86:00.0 [8086:0953]
EAL: PCI device 0000:87:00.0 on NUMA socket 1
EAL:   probe driver: 8086:953 spdk_nvme
Attaching to NVMe Controller at 0000:87:00.0 [8086:0953]
Attached to NVMe Controller at 0000:87:00.0 [8086:0953]
EAL: PCI device 0000:88:00.0 on NUMA socket 1
EAL:   probe driver: 8086:953 spdk_nvme
Attaching to NVMe Controller at 0000:88:00.0 [8086:0953]
Attached to NVMe Controller at 0000:88:00.0 [8086:0953]
EAL: PCI device 0000:89:00.0 on NUMA socket 1
EAL:   probe driver: 8086:953 spdk_nvme
Attaching to NVMe Controller at 0000:89:00.0 [8086:0953]
Attached to NVMe Controller at 0000:89:00.0 [8086:0953]
EAL: PCI device 0000:8a:00.0 on NUMA socket 1
EAL:   probe driver: 8086:953 spdk_nvme
Attaching to NVMe Controller at 0000:8a:00.0 [8086:0953]
Attached to NVMe Controller at 0000:8a:00.0 [8086:0953]
EAL: PCI device 0000:11:00.0 on NUMA socket 0
EAL:   probe driver: 8086:953 spdk_nvme
Attaching to NVMe Controller at 0000:11:00.0 [8086:0953]
Attached to NVMe Controller at 0000:11:00.0 [8086:0953]
EAL: PCI device 0000:8b:00.0 on NUMA socket 1
EAL:   probe driver: 8086:953 spdk_nvme
Attaching to NVMe Controller at 0000:8b:00.0 [8086:0953]
Attached to NVMe Controller at 0000:8b:00.0 [8086:0953]
EAL: PCI device 0000:8c:00.0 on NUMA socket 1
EAL:   probe driver: 8086:953 spdk_nvme
Attaching to NVMe Controller at 0000:8c:00.0 [8086:0953]
Attached to NVMe Controller at 0000:8c:00.0 [8086:0953]
EAL: PCI device 0000:8d:00.0 on NUMA socket 1
EAL:   probe driver: 8086:953 spdk_nvme
Attaching to NVMe Controller at 0000:8d:00.0 [8086:0953]
Attached to NVMe Controller at 0000:8d:00.0 [8086:0953]
EAL: PCI device 0000:8e:00.0 on NUMA socket 1
EAL:   probe driver: 8086:953 spdk_nvme
Attaching to NVMe Controller at 0000:8e:00.0 [8086:0953]
Attached to NVMe Controller at 0000:8e:00.0 [8086:0953]
EAL: PCI device 0000:0f:00.0 on NUMA socket 0
EAL:   probe driver: 8086:953 spdk_nvme
Attaching to NVMe Controller at 0000:0f:00.0 [8086:0953]
Attached to NVMe Controller at 0000:0f:00.0 [8086:0953]
EAL: PCI device 0000:10:00.0 on NUMA socket 0
EAL:   probe driver: 8086:953 spdk_nvme
Attaching to NVMe Controller at 0000:10:00.0 [8086:0953]
Attached to NVMe Controller at 0000:10:00.0 [8086:0953]
Associating INTEL SSDPE2MD016T4  (PHFT6054006J1P6JGN  ) with lcore 0
Associating INTEL SSDPE2MD016T4  (PHFT6054007P1P6JGN  ) with lcore 0
Associating INTEL SSDPE2MD016T4  (PHFT605400911P6JGN  ) with lcore 0
Associating INTEL SSDPE2MD016T4  (PHFT6054004Y1P6JGN  ) with lcore 0
Associating INTEL SSDPE2MD016T4  (CVFT650600AQ1P6JGN  ) with lcore 0
Associating INTEL SSDPE2MD016T4  (PHFT6480002G1P6JGN  ) with lcore 0
Associating INTEL SSDPE2MD016T4  (PHFT6054004D1P6JGN  ) with lcore 0
Associating INTEL SSDPE2MD016T4  (CVFT650400671P6JGN  ) with lcore 0
Associating INTEL SSDPE2MD016T4  (PHFT605400951P6JGN  ) with lcore 0
Associating INTEL SSDPE2MD016T4  (PHFT6054006V1P6JGN  ) with lcore 0
Associating INTEL SSDPE2MD016T4  (PHFT6054009Y1P6JGN  ) with lcore 0
Associating INTEL SSDPE2MD800G4  (PHFT6393000N800HGN  ) with lcore 0
Associating INTEL SSDPE2MD016T4  (PHFT605400A01P6JGN  ) with lcore 0
Associating INTEL SSDPE2MD016T4  (PHFT6054007S1P6JGN  ) with lcore 0
Associating INTEL SSDPE2MD016T4  (PHFT648000111P6JGN  ) with lcore 0
Initialization complete. Launching workers.
Starting thread on core 0
========================================================
                                                                                            Latency(us)
Device Information                                     :       IOPS       MB/s    Average        min        max
INTEL SSDPE2MD016T4  (PHFT648000111P6JGN  ) from core 0:  220310.00     860.59     580.83      84.83    3969.99
INTEL SSDPE2MD016T4  (PHFT6054007S1P6JGN  ) from core 0:  219697.41     858.19     582.46      68.26    4548.01
INTEL SSDPE2MD016T4  (PHFT605400A01P6JGN  ) from core 0:  219729.27     858.32     582.37      78.25    3957.51
INTEL SSDPE2MD800G4  (PHFT6393000N800HGN  ) from core 0:  220699.95     862.11     579.80      70.02    5526.80
INTEL SSDPE2MD016T4  (PHFT6054009Y1P6JGN  ) from core 0:  218159.50     852.19     586.56      78.06    4099.39
INTEL SSDPE2MD016T4  (PHFT6054006V1P6JGN  ) from core 0:  218517.95     853.59     585.60      84.90    4751.41
INTEL SSDPE2MD016T4  (PHFT605400951P6JGN  ) from core 0:  219228.05     856.36     583.69      73.42    4318.57
INTEL SSDPE2MD016T4  (CVFT650400671P6JGN  ) from core 0:  220295.06     860.53     580.87      71.50    4889.34
INTEL SSDPE2MD016T4  (PHFT6054004D1P6JGN  ) from core 0:  310625.59    1213.38     411.95      51.39    5858.65
INTEL SSDPE2MD016T4  (PHFT6480002G1P6JGN  ) from core 0:  220971.69     863.17     579.10      56.81    4495.25
INTEL SSDPE2MD016T4  (CVFT650600AQ1P6JGN  ) from core 0:  221424.45     864.94     577.92      56.36    5480.17
INTEL SSDPE2MD016T4  (PHFT6054004Y1P6JGN  ) from core 0:  221851.33     866.61     576.79      55.11    5846.93
INTEL SSDPE2MD016T4  (PHFT605400911P6JGN  ) from core 0:  222077.73     867.49     576.19      61.77    5354.24
INTEL SSDPE2MD016T4  (PHFT6054007P1P6JGN  ) from core 0:  307344.62    1200.56     416.35      47.06    4945.94
INTEL SSDPE2MD016T4  (PHFT6054006J1P6JGN  ) from core 0:  306826.44    1198.54     417.05      52.68    5394.74
========================================================
Total                                                  : 3567759.00   13936.56     547.84      66.03    4895.80

7
Starting DPDK 17.05.0 initialization...
[ DPDK EAL parameters: perf -c 0x1 --file-prefix=spdk_pid81323 ]
EAL: Detected 88 lcore(s)
EAL: No free hugepages reported in hugepages-1048576kB
EAL: Probing VFIO support...
Initializing NVMe Controllers
EAL: PCI device 0000:83:00.0 on NUMA socket 1
EAL:   probe driver: 8086:953 spdk_nvme
Attaching to NVMe Controller at 0000:83:00.0 [8086:0953]
Attached to NVMe Controller at 0000:83:00.0 [8086:0953]
EAL: PCI device 0000:84:00.0 on NUMA socket 1
EAL:   probe driver: 8086:953 spdk_nvme
Attaching to NVMe Controller at 0000:84:00.0 [8086:0953]
Attached to NVMe Controller at 0000:84:00.0 [8086:0953]
EAL: PCI device 0000:85:00.0 on NUMA socket 1
EAL:   probe driver: 8086:953 spdk_nvme
Attaching to NVMe Controller at 0000:85:00.0 [8086:0953]
Attached to NVMe Controller at 0000:85:00.0 [8086:0953]
EAL: PCI device 0000:86:00.0 on NUMA socket 1
EAL:   probe driver: 8086:953 spdk_nvme
Attaching to NVMe Controller at 0000:86:00.0 [8086:0953]
Attached to NVMe Controller at 0000:86:00.0 [8086:0953]
EAL: PCI device 0000:87:00.0 on NUMA socket 1
EAL:   probe driver: 8086:953 spdk_nvme
Attaching to NVMe Controller at 0000:87:00.0 [8086:0953]
Attached to NVMe Controller at 0000:87:00.0 [8086:0953]
EAL: PCI device 0000:88:00.0 on NUMA socket 1
EAL:   probe driver: 8086:953 spdk_nvme
Attaching to NVMe Controller at 0000:88:00.0 [8086:0953]
Attached to NVMe Controller at 0000:88:00.0 [8086:0953]
EAL: PCI device 0000:89:00.0 on NUMA socket 1
EAL:   probe driver: 8086:953 spdk_nvme
Attaching to NVMe Controller at 0000:89:00.0 [8086:0953]
Attached to NVMe Controller at 0000:89:00.0 [8086:0953]
EAL: PCI device 0000:8a:00.0 on NUMA socket 1
EAL:   probe driver: 8086:953 spdk_nvme
Attaching to NVMe Controller at 0000:8a:00.0 [8086:0953]
Attached to NVMe Controller at 0000:8a:00.0 [8086:0953]
EAL: PCI device 0000:11:00.0 on NUMA socket 0
EAL:   probe driver: 8086:953 spdk_nvme
Attaching to NVMe Controller at 0000:11:00.0 [8086:0953]
Attached to NVMe Controller at 0000:11:00.0 [8086:0953]
EAL: PCI device 0000:8b:00.0 on NUMA socket 1
EAL:   probe driver: 8086:953 spdk_nvme
Attaching to NVMe Controller at 0000:8b:00.0 [8086:0953]
Attached to NVMe Controller at 0000:8b:00.0 [8086:0953]
EAL: PCI device 0000:8c:00.0 on NUMA socket 1
EAL:   probe driver: 8086:953 spdk_nvme
Attaching to NVMe Controller at 0000:8c:00.0 [8086:0953]
Attached to NVMe Controller at 0000:8c:00.0 [8086:0953]
EAL: PCI device 0000:8d:00.0 on NUMA socket 1
EAL:   probe driver: 8086:953 spdk_nvme
Attaching to NVMe Controller at 0000:8d:00.0 [8086:0953]
Attached to NVMe Controller at 0000:8d:00.0 [8086:0953]
EAL: PCI device 0000:8e:00.0 on NUMA socket 1
EAL:   probe driver: 8086:953 spdk_nvme
Attaching to NVMe Controller at 0000:8e:00.0 [8086:0953]
Attached to NVMe Controller at 0000:8e:00.0 [8086:0953]
EAL: PCI device 0000:0f:00.0 on NUMA socket 0
EAL:   probe driver: 8086:953 spdk_nvme
Attaching to NVMe Controller at 0000:0f:00.0 [8086:0953]
Attached to NVMe Controller at 0000:0f:00.0 [8086:0953]
EAL: PCI device 0000:10:00.0 on NUMA socket 0
EAL:   probe driver: 8086:953 spdk_nvme
Attaching to NVMe Controller at 0000:10:00.0 [8086:0953]
Attached to NVMe Controller at 0000:10:00.0 [8086:0953]
Associating INTEL SSDPE2MD016T4  (PHFT6054006J1P6JGN  ) with lcore 0
Associating INTEL SSDPE2MD016T4  (PHFT6054007P1P6JGN  ) with lcore 0
Associating INTEL SSDPE2MD016T4  (PHFT605400911P6JGN  ) with lcore 0
Associating INTEL SSDPE2MD016T4  (PHFT6054004Y1P6JGN  ) with lcore 0
Associating INTEL SSDPE2MD016T4  (CVFT650600AQ1P6JGN  ) with lcore 0
Associating INTEL SSDPE2MD016T4  (PHFT6480002G1P6JGN  ) with lcore 0
Associating INTEL SSDPE2MD016T4  (PHFT6054004D1P6JGN  ) with lcore 0
Associating INTEL SSDPE2MD016T4  (CVFT650400671P6JGN  ) with lcore 0
Associating INTEL SSDPE2MD016T4  (PHFT605400951P6JGN  ) with lcore 0
Associating INTEL SSDPE2MD016T4  (PHFT6054006V1P6JGN  ) with lcore 0
Associating INTEL SSDPE2MD016T4  (PHFT6054009Y1P6JGN  ) with lcore 0
Associating INTEL SSDPE2MD800G4  (PHFT6393000N800HGN  ) with lcore 0
Associating INTEL SSDPE2MD016T4  (PHFT605400A01P6JGN  ) with lcore 0
Associating INTEL SSDPE2MD016T4  (PHFT6054007S1P6JGN  ) with lcore 0
Associating INTEL SSDPE2MD016T4  (PHFT648000111P6JGN  ) with lcore 0
Initialization complete. Launching workers.
Starting thread on core 0
========================================================
                                                                                            Latency(us)
Device Information                                     :       IOPS       MB/s    Average        min        max
INTEL SSDPE2MD016T4  (PHFT648000111P6JGN  ) from core 0:  219334.95     856.78     583.41      83.58    5367.95
INTEL SSDPE2MD016T4  (PHFT6054007S1P6JGN  ) from core 0:  218285.70     852.68     586.22      69.93    4306.21
INTEL SSDPE2MD016T4  (PHFT605400A01P6JGN  ) from core 0:  218355.09     852.95     586.03      78.60    4116.71
INTEL SSDPE2MD800G4  (PHFT6393000N800HGN  ) from core 0:  220158.25     859.99     581.22      77.49    4586.31
INTEL SSDPE2MD016T4  (PHFT6054009Y1P6JGN  ) from core 0:  216552.53     845.91     590.91      84.58    5076.16
INTEL SSDPE2MD016T4  (PHFT6054006V1P6JGN  ) from core 0:  217124.50     848.14     589.36      84.03    5097.01
INTEL SSDPE2MD016T4  (PHFT605400951P6JGN  ) from core 0:  218094.55     851.93     586.72      78.01    5456.09
INTEL SSDPE2MD016T4  (CVFT650400671P6JGN  ) from core 0:  219176.22     856.16     583.83      75.41    5029.63
INTEL SSDPE2MD016T4  (PHFT6054004D1P6JGN  ) from core 0:  300481.66    1173.76     425.86      53.15    4648.86
INTEL SSDPE2MD016T4  (PHFT6480002G1P6JGN  ) from core 0:  220496.27     861.31     580.35      46.82    5642.75
INTEL SSDPE2MD016T4  (CVFT650600AQ1P6JGN  ) from core 0:  220996.83     863.27     579.03      41.30    5426.71
INTEL SSDPE2MD016T4  (PHFT6054004Y1P6JGN  ) from core 0:  221480.64     865.16     577.75      51.36    5595.75
INTEL SSDPE2MD016T4  (PHFT605400911P6JGN  ) from core 0:  221574.73     865.53     577.49      49.53    5554.61
INTEL SSDPE2MD016T4  (PHFT6054007P1P6JGN  ) from core 0:  298416.00    1165.69     428.81      51.94    5886.17
INTEL SSDPE2MD016T4  (PHFT6054006J1P6JGN  ) from core 0:  295943.47    1156.03     432.38      59.14    5892.06
========================================================
Total                                                  : 3526471.50   13775.28     552.63      65.66    5178.87

8
Starting DPDK 17.05.0 initialization...
[ DPDK EAL parameters: perf -c 0x1 --file-prefix=spdk_pid81562 ]
EAL: Detected 88 lcore(s)
EAL: No free hugepages reported in hugepages-1048576kB
EAL: Probing VFIO support...
Initializing NVMe Controllers
EAL: PCI device 0000:83:00.0 on NUMA socket 1
EAL:   probe driver: 8086:953 spdk_nvme
Attaching to NVMe Controller at 0000:83:00.0 [8086:0953]
Attached to NVMe Controller at 0000:83:00.0 [8086:0953]
EAL: PCI device 0000:84:00.0 on NUMA socket 1
EAL:   probe driver: 8086:953 spdk_nvme
Attaching to NVMe Controller at 0000:84:00.0 [8086:0953]
Attached to NVMe Controller at 0000:84:00.0 [8086:0953]
EAL: PCI device 0000:85:00.0 on NUMA socket 1
EAL:   probe driver: 8086:953 spdk_nvme
Attaching to NVMe Controller at 0000:85:00.0 [8086:0953]
Attached to NVMe Controller at 0000:85:00.0 [8086:0953]
EAL: PCI device 0000:86:00.0 on NUMA socket 1
EAL:   probe driver: 8086:953 spdk_nvme
Attaching to NVMe Controller at 0000:86:00.0 [8086:0953]
Attached to NVMe Controller at 0000:86:00.0 [8086:0953]
EAL: PCI device 0000:87:00.0 on NUMA socket 1
EAL:   probe driver: 8086:953 spdk_nvme
Attaching to NVMe Controller at 0000:87:00.0 [8086:0953]
Attached to NVMe Controller at 0000:87:00.0 [8086:0953]
EAL: PCI device 0000:88:00.0 on NUMA socket 1
EAL:   probe driver: 8086:953 spdk_nvme
Attaching to NVMe Controller at 0000:88:00.0 [8086:0953]
Attached to NVMe Controller at 0000:88:00.0 [8086:0953]
EAL: PCI device 0000:89:00.0 on NUMA socket 1
EAL:   probe driver: 8086:953 spdk_nvme
Attaching to NVMe Controller at 0000:89:00.0 [8086:0953]
Attached to NVMe Controller at 0000:89:00.0 [8086:0953]
EAL: PCI device 0000:8a:00.0 on NUMA socket 1
EAL:   probe driver: 8086:953 spdk_nvme
Attaching to NVMe Controller at 0000:8a:00.0 [8086:0953]
Attached to NVMe Controller at 0000:8a:00.0 [8086:0953]
EAL: PCI device 0000:11:00.0 on NUMA socket 0
EAL:   probe driver: 8086:953 spdk_nvme
Attaching to NVMe Controller at 0000:11:00.0 [8086:0953]
Attached to NVMe Controller at 0000:11:00.0 [8086:0953]
EAL: PCI device 0000:8b:00.0 on NUMA socket 1
EAL:   probe driver: 8086:953 spdk_nvme
Attaching to NVMe Controller at 0000:8b:00.0 [8086:0953]
Attached to NVMe Controller at 0000:8b:00.0 [8086:0953]
EAL: PCI device 0000:8c:00.0 on NUMA socket 1
EAL:   probe driver: 8086:953 spdk_nvme
Attaching to NVMe Controller at 0000:8c:00.0 [8086:0953]
Attached to NVMe Controller at 0000:8c:00.0 [8086:0953]
EAL: PCI device 0000:8d:00.0 on NUMA socket 1
EAL:   probe driver: 8086:953 spdk_nvme
Attaching to NVMe Controller at 0000:8d:00.0 [8086:0953]
Attached to NVMe Controller at 0000:8d:00.0 [8086:0953]
EAL: PCI device 0000:8e:00.0 on NUMA socket 1
EAL:   probe driver: 8086:953 spdk_nvme
Attaching to NVMe Controller at 0000:8e:00.0 [8086:0953]
Attached to NVMe Controller at 0000:8e:00.0 [8086:0953]
EAL: PCI device 0000:0f:00.0 on NUMA socket 0
EAL:   probe driver: 8086:953 spdk_nvme
Attaching to NVMe Controller at 0000:0f:00.0 [8086:0953]
Attached to NVMe Controller at 0000:0f:00.0 [8086:0953]
EAL: PCI device 0000:10:00.0 on NUMA socket 0
EAL:   probe driver: 8086:953 spdk_nvme
Attaching to NVMe Controller at 0000:10:00.0 [8086:0953]
Attached to NVMe Controller at 0000:10:00.0 [8086:0953]
Associating INTEL SSDPE2MD016T4  (PHFT6054006J1P6JGN  ) with lcore 0
Associating INTEL SSDPE2MD016T4  (PHFT6054007P1P6JGN  ) with lcore 0
Associating INTEL SSDPE2MD016T4  (PHFT605400911P6JGN  ) with lcore 0
Associating INTEL SSDPE2MD016T4  (PHFT6054004Y1P6JGN  ) with lcore 0
Associating INTEL SSDPE2MD016T4  (CVFT650600AQ1P6JGN  ) with lcore 0
Associating INTEL SSDPE2MD016T4  (PHFT6480002G1P6JGN  ) with lcore 0
Associating INTEL SSDPE2MD016T4  (PHFT6054004D1P6JGN  ) with lcore 0
Associating INTEL SSDPE2MD016T4  (CVFT650400671P6JGN  ) with lcore 0
Associating INTEL SSDPE2MD016T4  (PHFT605400951P6JGN  ) with lcore 0
Associating INTEL SSDPE2MD016T4  (PHFT6054006V1P6JGN  ) with lcore 0
Associating INTEL SSDPE2MD016T4  (PHFT6054009Y1P6JGN  ) with lcore 0
Associating INTEL SSDPE2MD800G4  (PHFT6393000N800HGN  ) with lcore 0
Associating INTEL SSDPE2MD016T4  (PHFT605400A01P6JGN  ) with lcore 0
Associating INTEL SSDPE2MD016T4  (PHFT6054007S1P6JGN  ) with lcore 0
Associating INTEL SSDPE2MD016T4  (PHFT648000111P6JGN  ) with lcore 0
Initialization complete. Launching workers.
Starting thread on core 0
========================================================
                                                                                            Latency(us)
Device Information                                     :       IOPS       MB/s    Average        min        max
INTEL SSDPE2MD016T4  (PHFT648000111P6JGN  ) from core 0:  220278.69     860.46     580.91      74.84    4064.70
INTEL SSDPE2MD016T4  (PHFT6054007S1P6JGN  ) from core 0:  219692.91     858.18     582.47      80.01    5630.14
INTEL SSDPE2MD016T4  (PHFT605400A01P6JGN  ) from core 0:  219665.81     858.07     582.54      84.79    4055.18
INTEL SSDPE2MD800G4  (PHFT6393000N800HGN  ) from core 0:  220603.02     861.73     580.05      65.45    5360.89
INTEL SSDPE2MD016T4  (PHFT6054009Y1P6JGN  ) from core 0:  218241.84     852.51     586.34      81.05    4820.59
INTEL SSDPE2MD016T4  (PHFT6054006V1P6JGN  ) from core 0:  218608.61     853.94     585.36      63.30    5851.76
INTEL SSDPE2MD016T4  (PHFT605400951P6JGN  ) from core 0:  219356.84     856.86     583.35      64.91    5232.97
INTEL SSDPE2MD016T4  (CVFT650400671P6JGN  ) from core 0:  220502.03     861.34     580.33      78.82    5913.78
INTEL SSDPE2MD016T4  (PHFT6054004D1P6JGN  ) from core 0:  311231.88    1215.75     411.15      46.55    5806.22
INTEL SSDPE2MD016T4  (PHFT6480002G1P6JGN  ) from core 0:  220873.73     862.79     579.37      55.13    5815.31
INTEL SSDPE2MD016T4  (CVFT650600AQ1P6JGN  ) from core 0:  221415.50     864.90     577.94      57.16    6067.23
INTEL SSDPE2MD016T4  (PHFT6054004Y1P6JGN  ) from core 0:  221804.27     866.42     576.92      49.19    6471.68
INTEL SSDPE2MD016T4  (PHFT605400911P6JGN  ) from core 0:  222087.88     867.53     576.17      52.44    8668.16
INTEL SSDPE2MD016T4  (PHFT6054007P1P6JGN  ) from core 0:  307388.69    1200.74     416.30      38.41    6523.44
INTEL SSDPE2MD016T4  (PHFT6054006J1P6JGN  ) from core 0:  306775.44    1198.34     417.12      44.90    6528.23
========================================================
Total                                                  : 3568527.25   13939.56     547.75      62.46    5787.35

9
Starting DPDK 17.05.0 initialization...
[ DPDK EAL parameters: perf -c 0x1 --file-prefix=spdk_pid81621 ]
EAL: Detected 88 lcore(s)
EAL: No free hugepages reported in hugepages-1048576kB
EAL: Probing VFIO support...
Initializing NVMe Controllers
EAL: PCI device 0000:83:00.0 on NUMA socket 1
EAL:   probe driver: 8086:953 spdk_nvme
Attaching to NVMe Controller at 0000:83:00.0 [8086:0953]
Attached to NVMe Controller at 0000:83:00.0 [8086:0953]
EAL: PCI device 0000:84:00.0 on NUMA socket 1
EAL:   probe driver: 8086:953 spdk_nvme
Attaching to NVMe Controller at 0000:84:00.0 [8086:0953]
Attached to NVMe Controller at 0000:84:00.0 [8086:0953]
EAL: PCI device 0000:85:00.0 on NUMA socket 1
EAL:   probe driver: 8086:953 spdk_nvme
Attaching to NVMe Controller at 0000:85:00.0 [8086:0953]
Attached to NVMe Controller at 0000:85:00.0 [8086:0953]
EAL: PCI device 0000:86:00.0 on NUMA socket 1
EAL:   probe driver: 8086:953 spdk_nvme
Attaching to NVMe Controller at 0000:86:00.0 [8086:0953]
Attached to NVMe Controller at 0000:86:00.0 [8086:0953]
EAL: PCI device 0000:87:00.0 on NUMA socket 1
EAL:   probe driver: 8086:953 spdk_nvme
Attaching to NVMe Controller at 0000:87:00.0 [8086:0953]
Attached to NVMe Controller at 0000:87:00.0 [8086:0953]
EAL: PCI device 0000:88:00.0 on NUMA socket 1
EAL:   probe driver: 8086:953 spdk_nvme
Attaching to NVMe Controller at 0000:88:00.0 [8086:0953]
Attached to NVMe Controller at 0000:88:00.0 [8086:0953]
EAL: PCI device 0000:89:00.0 on NUMA socket 1
EAL:   probe driver: 8086:953 spdk_nvme
Attaching to NVMe Controller at 0000:89:00.0 [8086:0953]
Attached to NVMe Controller at 0000:89:00.0 [8086:0953]
EAL: PCI device 0000:8a:00.0 on NUMA socket 1
EAL:   probe driver: 8086:953 spdk_nvme
Attaching to NVMe Controller at 0000:8a:00.0 [8086:0953]
Attached to NVMe Controller at 0000:8a:00.0 [8086:0953]
EAL: PCI device 0000:11:00.0 on NUMA socket 0
EAL:   probe driver: 8086:953 spdk_nvme
Attaching to NVMe Controller at 0000:11:00.0 [8086:0953]
Attached to NVMe Controller at 0000:11:00.0 [8086:0953]
EAL: PCI device 0000:8b:00.0 on NUMA socket 1
EAL:   probe driver: 8086:953 spdk_nvme
Attaching to NVMe Controller at 0000:8b:00.0 [8086:0953]
Attached to NVMe Controller at 0000:8b:00.0 [8086:0953]
EAL: PCI device 0000:8c:00.0 on NUMA socket 1
EAL:   probe driver: 8086:953 spdk_nvme
Attaching to NVMe Controller at 0000:8c:00.0 [8086:0953]
Attached to NVMe Controller at 0000:8c:00.0 [8086:0953]
EAL: PCI device 0000:8d:00.0 on NUMA socket 1
EAL:   probe driver: 8086:953 spdk_nvme
Attaching to NVMe Controller at 0000:8d:00.0 [8086:0953]
Attached to NVMe Controller at 0000:8d:00.0 [8086:0953]
EAL: PCI device 0000:8e:00.0 on NUMA socket 1
EAL:   probe driver: 8086:953 spdk_nvme
Attaching to NVMe Controller at 0000:8e:00.0 [8086:0953]
Attached to NVMe Controller at 0000:8e:00.0 [8086:0953]
EAL: PCI device 0000:0f:00.0 on NUMA socket 0
EAL:   probe driver: 8086:953 spdk_nvme
Attaching to NVMe Controller at 0000:0f:00.0 [8086:0953]
Attached to NVMe Controller at 0000:0f:00.0 [8086:0953]
EAL: PCI device 0000:10:00.0 on NUMA socket 0
EAL:   probe driver: 8086:953 spdk_nvme
Attaching to NVMe Controller at 0000:10:00.0 [8086:0953]
Attached to NVMe Controller at 0000:10:00.0 [8086:0953]
Associating INTEL SSDPE2MD016T4  (PHFT6054006J1P6JGN  ) with lcore 0
Associating INTEL SSDPE2MD016T4  (PHFT6054007P1P6JGN  ) with lcore 0
Associating INTEL SSDPE2MD016T4  (PHFT605400911P6JGN  ) with lcore 0
Associating INTEL SSDPE2MD016T4  (PHFT6054004Y1P6JGN  ) with lcore 0
Associating INTEL SSDPE2MD016T4  (CVFT650600AQ1P6JGN  ) with lcore 0
Associating INTEL SSDPE2MD016T4  (PHFT6480002G1P6JGN  ) with lcore 0
Associating INTEL SSDPE2MD016T4  (PHFT6054004D1P6JGN  ) with lcore 0
Associating INTEL SSDPE2MD016T4  (CVFT650400671P6JGN  ) with lcore 0
Associating INTEL SSDPE2MD016T4  (PHFT605400951P6JGN  ) with lcore 0
Associating INTEL SSDPE2MD016T4  (PHFT6054006V1P6JGN  ) with lcore 0
Associating INTEL SSDPE2MD016T4  (PHFT6054009Y1P6JGN  ) with lcore 0
Associating INTEL SSDPE2MD800G4  (PHFT6393000N800HGN  ) with lcore 0
Associating INTEL SSDPE2MD016T4  (PHFT605400A01P6JGN  ) with lcore 0
Associating INTEL SSDPE2MD016T4  (PHFT6054007S1P6JGN  ) with lcore 0
Associating INTEL SSDPE2MD016T4  (PHFT648000111P6JGN  ) with lcore 0
Initialization complete. Launching workers.
Starting thread on core 0
========================================================
                                                                                            Latency(us)
Device Information                                     :       IOPS       MB/s    Average        min        max
INTEL SSDPE2MD016T4  (PHFT648000111P6JGN  ) from core 0:  220222.05     860.24     581.06      85.71    5175.75
INTEL SSDPE2MD016T4  (PHFT6054007S1P6JGN  ) from core 0:  219492.70     857.39     583.00      86.90    5619.80
INTEL SSDPE2MD016T4  (PHFT605400A01P6JGN  ) from core 0:  219328.67     856.75     583.43      80.71    5619.59
INTEL SSDPE2MD800G4  (PHFT6393000N800HGN  ) from core 0:  220635.19     861.86     579.97      69.42    5076.44
INTEL SSDPE2MD016T4  (PHFT6054009Y1P6JGN  ) from core 0:  217687.81     850.34     587.83      80.78    5195.38
INTEL SSDPE2MD016T4  (PHFT6054006V1P6JGN  ) from core 0:  218123.70     852.05     586.66      82.42    5002.21
INTEL SSDPE2MD016T4  (PHFT605400951P6JGN  ) from core 0:  218889.50     855.04     584.59      75.00    5062.78
INTEL SSDPE2MD016T4  (CVFT650400671P6JGN  ) from core 0:  219928.17     859.09     581.84      73.44    6014.92
INTEL SSDPE2MD016T4  (PHFT6054004D1P6JGN  ) from core 0:  307723.62    1202.05     415.83      48.83    4015.50
INTEL SSDPE2MD016T4  (PHFT6480002G1P6JGN  ) from core 0:  220728.69     862.22     579.74      47.04    6032.54
INTEL SSDPE2MD016T4  (CVFT650600AQ1P6JGN  ) from core 0:  221247.25     864.25     578.38      46.29    5598.34
INTEL SSDPE2MD016T4  (PHFT6054004Y1P6JGN  ) from core 0:  221700.41     866.02     577.18      53.74    5490.19
INTEL SSDPE2MD016T4  (PHFT605400911P6JGN  ) from core 0:  222015.58     867.25     576.35      51.35    5497.71
INTEL SSDPE2MD016T4  (PHFT6054007P1P6JGN  ) from core 0:  304573.00    1189.74     420.14      37.42    5329.72
INTEL SSDPE2MD016T4  (PHFT6054006J1P6JGN  ) from core 0:  302703.47    1182.44     422.72      47.16    5100.28
========================================================
Total                                                  : 3555000.00   13886.72     549.25      64.41    5322.08
