job0: (g=0): rw=randread, bs=4096B-4096B,4096B-4096B,4096B-4096B, ioengine=libaio, iodepth=1
job1: (g=0): rw=randread, bs=4096B-4096B,4096B-4096B,4096B-4096B, ioengine=libaio, iodepth=1
job2: (g=0): rw=randread, bs=4096B-4096B,4096B-4096B,4096B-4096B, ioengine=libaio, iodepth=1
job3: (g=0): rw=randread, bs=4096B-4096B,4096B-4096B,4096B-4096B, ioengine=libaio, iodepth=1
job4: (g=0): rw=randread, bs=4096B-4096B,4096B-4096B,4096B-4096B, ioengine=libaio, iodepth=1
job5: (g=0): rw=randread, bs=4096B-4096B,4096B-4096B,4096B-4096B, ioengine=libaio, iodepth=1
job6: (g=0): rw=randread, bs=4096B-4096B,4096B-4096B,4096B-4096B, ioengine=libaio, iodepth=1
job7: (g=0): rw=randread, bs=4096B-4096B,4096B-4096B,4096B-4096B, ioengine=libaio, iodepth=1
fio-2.18
Starting 8 threads

job0: (groupid=0, jobs=1): err= 0: pid=29468: Wed Jul 12 05:59:04 2017
   read: IOPS=18.8k, BW=70.7MiB/s (74.5MB/s)(20.8GiB/300001msec)
    slat (usec): min=1, max=69, avg= 3.18, stdev= 2.01
    clat (usec): min=1, max=3389, avg=51.28, stdev=29.31
     lat (usec): min=37, max=3392, avg=54.52, stdev=29.37
    clat percentiles (usec):
     |  1.00th=[   37],  5.00th=[   37], 10.00th=[   38], 20.00th=[   38],
     | 30.00th=[   38], 40.00th=[   38], 50.00th=[   39], 60.00th=[   40],
     | 70.00th=[   43], 80.00th=[   76], 90.00th=[   87], 95.00th=[   95],
     | 99.00th=[  101], 99.50th=[  104], 99.90th=[  161], 99.95th=[  235],
     | 99.99th=[  644]
    lat (usec) : 2=0.01%, 10=0.01%, 20=0.01%, 50=71.74%, 100=25.98%
    lat (usec) : 250=2.24%, 500=0.03%, 750=0.01%, 1000=0.01%
    lat (msec) : 2=0.01%, 4=0.01%
  cpu          : usr=3.50%, sys=10.39%, ctx=5422982, majf=0, minf=5494
  IO depths    : 1=100.0%, 2=0.0%, 4=0.0%, 8=0.0%, 16=0.0%, 32=0.0%, >=64=0.0%
     submit    : 0=0.0%, 4=100.0%, 8=0.0%, 16=0.0%, 32=0.0%, 64=0.0%, >=64=0.0%
     complete  : 0=0.0%, 4=100.0%, 8=0.0%, 16=0.0%, 32=0.0%, 64=0.0%, >=64=0.0%
     issued rwt: total=5422982,0,0, short=0,0,0, dropped=0,0,0
     latency   : target=0, window=0, percentile=100.00%, depth=1
job1: (groupid=0, jobs=1): err= 0: pid=29469: Wed Jul 12 05:59:04 2017
   read: IOPS=17.3k, BW=67.5MiB/s (70.8MB/s)(19.8GiB/300001msec)
    slat (usec): min=2, max=87, avg= 3.91, stdev= 1.97
    clat (usec): min=2, max=3164, avg=53.13, stdev=28.58
     lat (usec): min=40, max=3167, avg=57.10, stdev=28.65
    clat percentiles (usec):
     |  1.00th=[   39],  5.00th=[   39], 10.00th=[   40], 20.00th=[   40],
     | 30.00th=[   40], 40.00th=[   41], 50.00th=[   41], 60.00th=[   41],
     | 70.00th=[   44], 80.00th=[   78], 90.00th=[   89], 95.00th=[   97],
     | 99.00th=[  103], 99.50th=[  106], 99.90th=[  159], 99.95th=[  233],
     | 99.99th=[  466]
    lat (usec) : 4=0.01%, 10=0.01%, 20=0.01%, 50=71.64%, 100=24.63%
    lat (usec) : 250=3.69%, 500=0.03%, 750=0.01%, 1000=0.01%
    lat (msec) : 2=0.01%, 4=0.01%
  cpu          : usr=2.59%, sys=13.21%, ctx=5181562, majf=0, minf=3305
  IO depths    : 1=100.0%, 2=0.0%, 4=0.0%, 8=0.0%, 16=0.0%, 32=0.0%, >=64=0.0%
     submit    : 0=0.0%, 4=100.0%, 8=0.0%, 16=0.0%, 32=0.0%, 64=0.0%, >=64=0.0%
     complete  : 0=0.0%, 4=100.0%, 8=0.0%, 16=0.0%, 32=0.0%, 64=0.0%, >=64=0.0%
     issued rwt: total=5181553,0,0, short=0,0,0, dropped=0,0,0
     latency   : target=0, window=0, percentile=100.00%, depth=1
job2: (groupid=0, jobs=1): err= 0: pid=29470: Wed Jul 12 05:59:04 2017
   read: IOPS=13.2k, BW=51.3MiB/s (53.8MB/s)(15.6GiB/300001msec)
    slat (usec): min=2, max=188, avg= 5.52, stdev= 1.99
    clat (usec): min=1, max=3325, avg=68.88, stdev=33.09
     lat (usec): min=43, max=3331, avg=74.50, stdev=33.17
    clat percentiles (usec):
     |  1.00th=[   41],  5.00th=[   42], 10.00th=[   42], 20.00th=[   43],
     | 30.00th=[   58], 40.00th=[   60], 50.00th=[   61], 60.00th=[   64],
     | 70.00th=[   71], 80.00th=[   92], 90.00th=[  108], 95.00th=[  117],
     | 99.00th=[  129], 99.50th=[  137], 99.90th=[  195], 99.95th=[  258],
     | 99.99th=[  820]
    lat (usec) : 2=0.01%, 4=0.01%, 50=24.33%, 100=59.46%, 250=16.15%
    lat (usec) : 500=0.04%, 750=0.01%, 1000=0.01%
    lat (msec) : 2=0.01%, 4=0.01%
  cpu          : usr=4.89%, sys=13.78%, ctx=3933964, majf=0, minf=3312
  IO depths    : 1=100.0%, 2=0.0%, 4=0.0%, 8=0.0%, 16=0.0%, 32=0.0%, >=64=0.0%
     submit    : 0=0.0%, 4=100.0%, 8=0.0%, 16=0.0%, 32=0.0%, 64=0.0%, >=64=0.0%
     complete  : 0=0.0%, 4=100.0%, 8=0.0%, 16=0.0%, 32=0.0%, 64=0.0%, >=64=0.0%
     issued rwt: total=3933863,0,0, short=0,0,0, dropped=0,0,0
     latency   : target=0, window=0, percentile=100.00%, depth=1
job3: (groupid=0, jobs=1): err= 0: pid=29471: Wed Jul 12 05:59:04 2017
   read: IOPS=16.5k, BW=64.3MiB/s (67.5MB/s)(18.9GiB/300001msec)
    slat (usec): min=2, max=296, avg= 4.57, stdev= 1.84
    clat (usec): min=2, max=3242, avg=54.74, stdev=30.11
     lat (usec): min=40, max=3247, avg=59.39, stdev=30.16
    clat percentiles (usec):
     |  1.00th=[   40],  5.00th=[   41], 10.00th=[   41], 20.00th=[   41],
     | 30.00th=[   42], 40.00th=[   42], 50.00th=[   42], 60.00th=[   43],
     | 70.00th=[   47], 80.00th=[   79], 90.00th=[   90], 95.00th=[   98],
     | 99.00th=[  106], 99.50th=[  113], 99.90th=[  191], 99.95th=[  253],
     | 99.99th=[  732]
    lat (usec) : 4=0.01%, 10=0.01%, 20=0.01%, 50=70.91%, 100=24.79%
    lat (usec) : 250=4.24%, 500=0.04%, 750=0.01%, 1000=0.01%
    lat (msec) : 2=0.01%, 4=0.01%
  cpu          : usr=4.63%, sys=14.34%, ctx=4937000, majf=0, minf=3289
  IO depths    : 1=100.0%, 2=0.0%, 4=0.0%, 8=0.0%, 16=0.0%, 32=0.0%, >=64=0.0%
     submit    : 0=0.0%, 4=100.0%, 8=0.0%, 16=0.0%, 32=0.0%, 64=0.0%, >=64=0.0%
     complete  : 0=0.0%, 4=100.0%, 8=0.0%, 16=0.0%, 32=0.0%, 64=0.0%, >=64=0.0%
     issued rwt: total=4936998,0,0, short=0,0,0, dropped=0,0,0
     latency   : target=0, window=0, percentile=100.00%, depth=1
job4: (groupid=0, jobs=1): err= 0: pid=29472: Wed Jul 12 05:59:04 2017
   read: IOPS=17.9k, BW=69.9MiB/s (73.3MB/s)(20.5GiB/300001msec)
    slat (usec): min=1, max=281, avg= 3.03, stdev= 1.19
    clat (usec): min=1, max=3245, avg=52.25, stdev=28.35
     lat (usec): min=37, max=3247, avg=55.32, stdev=28.39
    clat percentiles (usec):
     |  1.00th=[   38],  5.00th=[   38], 10.00th=[   39], 20.00th=[   39],
     | 30.00th=[   39], 40.00th=[   40], 50.00th=[   40], 60.00th=[   41],
     | 70.00th=[   43], 80.00th=[   77], 90.00th=[   88], 95.00th=[   96],
     | 99.00th=[  102], 99.50th=[  104], 99.90th=[  159], 99.95th=[  233],
     | 99.99th=[  652]
    lat (usec) : 2=0.01%, 4=0.01%, 20=0.01%, 50=72.15%, 100=24.86%
    lat (usec) : 250=2.95%, 500=0.03%, 750=0.01%, 1000=0.01%
    lat (msec) : 2=0.01%, 4=0.01%
  cpu          : usr=2.03%, sys=11.20%, ctx=5362898, majf=0, minf=6672
  IO depths    : 1=100.0%, 2=0.0%, 4=0.0%, 8=0.0%, 16=0.0%, 32=0.0%, >=64=0.0%
     submit    : 0=0.0%, 4=100.0%, 8=0.0%, 16=0.0%, 32=0.0%, 64=0.0%, >=64=0.0%
     complete  : 0=0.0%, 4=100.0%, 8=0.0%, 16=0.0%, 32=0.0%, 64=0.0%, >=64=0.0%
     issued rwt: total=5362882,0,0, short=0,0,0, dropped=0,0,0
     latency   : target=0, window=0, percentile=100.00%, depth=1
job5: (groupid=0, jobs=1): err= 0: pid=29473: Wed Jul 12 05:59:04 2017
   read: IOPS=17.6k, BW=68.8MiB/s (72.9MB/s)(20.2GiB/300001msec)
    slat (usec): min=1, max=250, avg= 3.35, stdev= 1.43
    clat (usec): min=1, max=3258, avg=52.68, stdev=28.38
     lat (usec): min=39, max=3261, avg=56.09, stdev=28.43
    clat percentiles (usec):
     |  1.00th=[   38],  5.00th=[   38], 10.00th=[   39], 20.00th=[   39],
     | 30.00th=[   40], 40.00th=[   40], 50.00th=[   41], 60.00th=[   41],
     | 70.00th=[   45], 80.00th=[   77], 90.00th=[   88], 95.00th=[   96],
     | 99.00th=[  103], 99.50th=[  105], 99.90th=[  157], 99.95th=[  233],
     | 99.99th=[  540]
    lat (usec) : 2=0.01%, 10=0.01%, 20=0.01%, 50=71.94%, 100=24.71%
    lat (usec) : 250=3.31%, 500=0.03%, 750=0.01%, 1000=0.01%
    lat (msec) : 2=0.01%, 4=0.01%
  cpu          : usr=2.47%, sys=11.80%, ctx=5279713, majf=0, minf=3315
  IO depths    : 1=100.0%, 2=0.0%, 4=0.0%, 8=0.0%, 16=0.0%, 32=0.0%, >=64=0.0%
     submit    : 0=0.0%, 4=100.0%, 8=0.0%, 16=0.0%, 32=0.0%, 64=0.0%, >=64=0.0%
     complete  : 0=0.0%, 4=100.0%, 8=0.0%, 16=0.0%, 32=0.0%, 64=0.0%, >=64=0.0%
     issued rwt: total=5279705,0,0, short=0,0,0, dropped=0,0,0
     latency   : target=0, window=0, percentile=100.00%, depth=1
job6: (groupid=0, jobs=1): err= 0: pid=29474: Wed Jul 12 05:59:04 2017
   read: IOPS=18.7k, BW=72.9MiB/s (76.5MB/s)(21.4GiB/300001msec)
    slat (usec): min=1, max=268, avg= 2.30, stdev= 1.35
    clat (usec): min=12, max=3260, avg=50.56, stdev=28.56
     lat (usec): min=36, max=3262, avg=52.91, stdev=28.61
    clat percentiles (usec):
     |  1.00th=[   36],  5.00th=[   36], 10.00th=[   36], 20.00th=[   37],
     | 30.00th=[   37], 40.00th=[   38], 50.00th=[   38], 60.00th=[   39],
     | 70.00th=[   42], 80.00th=[   75], 90.00th=[   86], 95.00th=[   94],
     | 99.00th=[  101], 99.50th=[  103], 99.90th=[  151], 99.95th=[  229],
     | 99.99th=[  506]
    lat (usec) : 20=0.01%, 50=71.63%, 100=26.62%, 250=1.72%, 500=0.02%
    lat (usec) : 750=0.01%, 1000=0.01%
    lat (msec) : 2=0.01%, 4=0.01%
  cpu          : usr=3.43%, sys=8.59%, ctx=5595937, majf=0, minf=13058
  IO depths    : 1=100.0%, 2=0.0%, 4=0.0%, 8=0.0%, 16=0.0%, 32=0.0%, >=64=0.0%
     submit    : 0=0.0%, 4=100.0%, 8=0.0%, 16=0.0%, 32=0.0%, 64=0.0%, >=64=0.0%
     complete  : 0=0.0%, 4=100.0%, 8=0.0%, 16=0.0%, 32=0.0%, 64=0.0%, >=64=0.0%
     issued rwt: total=5595916,0,0, short=0,0,0, dropped=0,0,0
     latency   : target=0, window=0, percentile=100.00%, depth=1
job7: (groupid=0, jobs=1): err= 0: pid=29475: Wed Jul 12 05:59:04 2017
   read: IOPS=18.5k, BW=72.2MiB/s (75.7MB/s)(21.2GiB/300001msec)
    slat (usec): min=2, max=147, avg= 3.38, stdev= 1.42
    clat (usec): min=1, max=2841, avg=50.17, stdev=21.33
     lat (usec): min=39, max=2844, avg=53.59, stdev=21.39
    clat percentiles (usec):
     |  1.00th=[   38],  5.00th=[   38], 10.00th=[   39], 20.00th=[   39],
     | 30.00th=[   39], 40.00th=[   40], 50.00th=[   40], 60.00th=[   41],
     | 70.00th=[   43], 80.00th=[   70], 90.00th=[   80], 95.00th=[   88],
     | 99.00th=[   94], 99.50th=[   96], 99.90th=[  111], 99.95th=[  141],
     | 99.99th=[  274]
    lat (usec) : 2=0.01%, 4=0.01%, 10=0.01%, 20=0.01%, 50=72.24%
    lat (usec) : 100=27.51%, 250=0.24%, 500=0.01%, 750=0.01%, 1000=0.01%
    lat (msec) : 2=0.01%, 4=0.01%
  cpu          : usr=2.03%, sys=12.14%, ctx=5537607, majf=0, minf=6663
  IO depths    : 1=100.0%, 2=0.0%, 4=0.0%, 8=0.0%, 16=0.0%, 32=0.0%, >=64=0.0%
     submit    : 0=0.0%, 4=100.0%, 8=0.0%, 16=0.0%, 32=0.0%, 64=0.0%, >=64=0.0%
     complete  : 0=0.0%, 4=100.0%, 8=0.0%, 16=0.0%, 32=0.0%, 64=0.0%, >=64=0.0%
     issued rwt: total=5537591,0,0, short=0,0,0, dropped=0,0,0
     latency   : target=0, window=0, percentile=100.00%, depth=1

Run status group 0 (all jobs):
   READ: bw=537MiB/s (563MB/s), 51.3MiB/s-72.9MiB/s (53.8MB/s-76.5MB/s), io=157GiB (169GB), run=300001-300001msec

Disk stats (read/write):
  nvme0n1: ios=5418809/0, merge=0/0, ticks=263461/0, in_queue=262865, util=87.63%
  nvme1n1: ios=5177640/0, merge=0/0, ticks=258411/0, in_queue=257192, util=85.74%
  nvme2n1: ios=3930746/0, merge=0/0, ticks=250871/0, in_queue=249926, util=83.33%
  nvme3n1: ios=4933288/0, merge=0/0, ticks=250098/0, in_queue=248775, util=82.95%
  nvme4n1: ios=5358776/0, merge=0/0, ticks=264743/0, in_queue=263682, util=87.93%
  nvme5n1: ios=5275771/0, merge=0/0, ticks=261995/0, in_queue=260854, util=87.00%
  nvme6n1: ios=5591681/0, merge=0/0, ticks=267807/0, in_queue=267377, util=89.18%
  nvme7n1: ios=5533553/0, merge=0/0, ticks=261668/0, in_queue=260604, util=86.93%
