job0: (g=0): rw=randread, bs=4096B-4096B,4096B-4096B,4096B-4096B, ioengine=libaio, iodepth=16
job1: (g=0): rw=randread, bs=4096B-4096B,4096B-4096B,4096B-4096B, ioengine=libaio, iodepth=16
job2: (g=0): rw=randread, bs=4096B-4096B,4096B-4096B,4096B-4096B, ioengine=libaio, iodepth=16
job3: (g=0): rw=randread, bs=4096B-4096B,4096B-4096B,4096B-4096B, ioengine=libaio, iodepth=16
job4: (g=0): rw=randread, bs=4096B-4096B,4096B-4096B,4096B-4096B, ioengine=libaio, iodepth=16
job5: (g=0): rw=randread, bs=4096B-4096B,4096B-4096B,4096B-4096B, ioengine=libaio, iodepth=16
job6: (g=0): rw=randread, bs=4096B-4096B,4096B-4096B,4096B-4096B, ioengine=libaio, iodepth=16
job7: (g=0): rw=randread, bs=4096B-4096B,4096B-4096B,4096B-4096B, ioengine=libaio, iodepth=16
fio-2.18
Starting 8 threads

job0: (groupid=0, jobs=1): err= 0: pid=29968: Wed Jul 12 06:20:08 2017
   read: IOPS=118k, BW=461MiB/s (483MB/s)(135GiB/300001msec)
    slat (usec): min=1, max=119, avg= 1.87, stdev= 0.87
    clat (usec): min=23, max=4672, avg=133.24, stdev=70.07
     lat (usec): min=35, max=4673, avg=135.15, stdev=70.05
    clat percentiles (usec):
     |  1.00th=[   55],  5.00th=[   75], 10.00th=[   88], 20.00th=[  101],
     | 30.00th=[  109], 40.00th=[  118], 50.00th=[  126], 60.00th=[  135],
     | 70.00th=[  147], 80.00th=[  161], 90.00th=[  183], 95.00th=[  199],
     | 99.00th=[  239], 99.50th=[  322], 99.90th=[  916], 99.95th=[ 1624],
     | 99.99th=[ 2704]
    lat (usec) : 50=0.55%, 100=17.71%, 250=80.91%, 500=0.60%, 750=0.10%
    lat (usec) : 1000=0.03%
    lat (msec) : 2=0.06%, 4=0.03%, 10=0.01%
  cpu          : usr=12.35%, sys=33.07%, ctx=11706175, majf=0, minf=3609
  IO depths    : 1=0.1%, 2=0.1%, 4=0.1%, 8=0.1%, 16=100.0%, 32=0.0%, >=64=0.0%
     submit    : 0=0.0%, 4=100.0%, 8=0.0%, 16=0.0%, 32=0.0%, 64=0.0%, >=64=0.0%
     complete  : 0=0.0%, 4=100.0%, 8=0.0%, 16=0.1%, 32=0.0%, 64=0.0%, >=64=0.0%
     issued rwt: total=35399325,0,0, short=0,0,0, dropped=0,0,0
     latency   : target=0, window=0, percentile=100.00%, depth=16
job1: (groupid=0, jobs=1): err= 0: pid=29969: Wed Jul 12 06:20:08 2017
   read: IOPS=116k, BW=454MiB/s (476MB/s)(133GiB/300001msec)
    slat (usec): min=1, max=129, avg= 2.61, stdev= 1.27
    clat (usec): min=27, max=6434, avg=134.37, stdev=65.96
     lat (usec): min=35, max=6438, avg=137.02, stdev=65.92
    clat percentiles (usec):
     |  1.00th=[   57],  5.00th=[   77], 10.00th=[   90], 20.00th=[  103],
     | 30.00th=[  111], 40.00th=[  120], 50.00th=[  129], 60.00th=[  137],
     | 70.00th=[  149], 80.00th=[  163], 90.00th=[  183], 95.00th=[  201],
     | 99.00th=[  241], 99.50th=[  306], 99.90th=[  796], 99.95th=[ 1464],
     | 99.99th=[ 2672]
    lat (usec) : 50=0.42%, 100=16.35%, 250=82.42%, 500=0.62%, 750=0.08%
    lat (usec) : 1000=0.03%
    lat (msec) : 2=0.05%, 4=0.03%, 10=0.01%
  cpu          : usr=11.62%, sys=43.31%, ctx=9491900, majf=0, minf=3621
  IO depths    : 1=0.1%, 2=0.1%, 4=0.1%, 8=0.1%, 16=100.0%, 32=0.0%, >=64=0.0%
     submit    : 0=0.0%, 4=100.0%, 8=0.0%, 16=0.0%, 32=0.0%, 64=0.0%, >=64=0.0%
     complete  : 0=0.0%, 4=100.0%, 8=0.0%, 16=0.1%, 32=0.0%, 64=0.0%, >=64=0.0%
     issued rwt: total=34890569,0,0, short=0,0,0, dropped=0,0,0
     latency   : target=0, window=0, percentile=100.00%, depth=16
job2: (groupid=0, jobs=1): err= 0: pid=29970: Wed Jul 12 06:20:08 2017
   read: IOPS=116k, BW=451MiB/s (473MB/s)(132GiB/300001msec)
    slat (usec): min=1, max=436, avg= 2.67, stdev= 1.41
    clat (usec): min=22, max=7705, avg=135.03, stdev=65.30
     lat (usec): min=35, max=7710, avg=137.76, stdev=65.25
    clat percentiles (usec):
     |  1.00th=[   58],  5.00th=[   78], 10.00th=[   90], 20.00th=[  104],
     | 30.00th=[  112], 40.00th=[  121], 50.00th=[  129], 60.00th=[  137],
     | 70.00th=[  149], 80.00th=[  163], 90.00th=[  183], 95.00th=[  201],
     | 99.00th=[  241], 99.50th=[  302], 99.90th=[  772], 99.95th=[ 1432],
     | 99.99th=[ 2672]
    lat (usec) : 50=0.37%, 100=15.77%, 250=83.05%, 500=0.63%, 750=0.08%
    lat (usec) : 1000=0.03%
    lat (msec) : 2=0.05%, 4=0.03%, 10=0.01%
  cpu          : usr=14.21%, sys=43.47%, ctx=9038502, majf=0, minf=6486
  IO depths    : 1=0.1%, 2=0.1%, 4=0.1%, 8=0.1%, 16=100.0%, 32=0.0%, >=64=0.0%
     submit    : 0=0.0%, 4=100.0%, 8=0.0%, 16=0.0%, 32=0.0%, 64=0.0%, >=64=0.0%
     complete  : 0=0.0%, 4=100.0%, 8=0.0%, 16=0.1%, 32=0.0%, 64=0.0%, >=64=0.0%
     issued rwt: total=34673959,0,0, short=0,0,0, dropped=0,0,0
     latency   : target=0, window=0, percentile=100.00%, depth=16
job3: (groupid=0, jobs=1): err= 0: pid=29971: Wed Jul 12 06:20:08 2017
   read: IOPS=116k, BW=452MiB/s (474MB/s)(132GiB/300001msec)
    slat (usec): min=1, max=88, avg= 2.68, stdev= 1.35
    clat (usec): min=24, max=7836, avg=134.98, stdev=67.93
     lat (usec): min=35, max=7840, avg=137.70, stdev=67.89
    clat percentiles (usec):
     |  1.00th=[   57],  5.00th=[   77], 10.00th=[   90], 20.00th=[  104],
     | 30.00th=[  112], 40.00th=[  120], 50.00th=[  129], 60.00th=[  137],
     | 70.00th=[  149], 80.00th=[  163], 90.00th=[  183], 95.00th=[  201],
     | 99.00th=[  243], 99.50th=[  322], 99.90th=[  868], 99.95th=[ 1528],
     | 99.99th=[ 2672]
    lat (usec) : 50=0.41%, 100=16.07%, 250=82.63%, 500=0.68%, 750=0.10%
    lat (usec) : 1000=0.03%
    lat (msec) : 2=0.06%, 4=0.03%, 10=0.01%
  cpu          : usr=12.62%, sys=43.93%, ctx=9222555, majf=0, minf=3612
  IO depths    : 1=0.1%, 2=0.1%, 4=0.1%, 8=0.1%, 16=100.0%, 32=0.0%, >=64=0.0%
     submit    : 0=0.0%, 4=100.0%, 8=0.0%, 16=0.0%, 32=0.0%, 64=0.0%, >=64=0.0%
     complete  : 0=0.0%, 4=100.0%, 8=0.0%, 16=0.1%, 32=0.0%, 64=0.0%, >=64=0.0%
     issued rwt: total=34703551,0,0, short=0,0,0, dropped=0,0,0
     latency   : target=0, window=0, percentile=100.00%, depth=16
job4: (groupid=0, jobs=1): err= 0: pid=29972: Wed Jul 12 06:20:08 2017
   read: IOPS=118k, BW=462MiB/s (484MB/s)(135GiB/300001msec)
    slat (usec): min=1, max=493, avg= 1.97, stdev= 1.26
    clat (usec): min=17, max=3878, avg=132.88, stdev=63.98
     lat (usec): min=35, max=3881, avg=134.89, stdev=63.95
    clat percentiles (usec):
     |  1.00th=[   55],  5.00th=[   75], 10.00th=[   88], 20.00th=[  102],
     | 30.00th=[  109], 40.00th=[  118], 50.00th=[  126], 60.00th=[  135],
     | 70.00th=[  147], 80.00th=[  161], 90.00th=[  183], 95.00th=[  199],
     | 99.00th=[  237], 99.50th=[  298], 99.90th=[  772], 99.95th=[ 1416],
     | 99.99th=[ 2544]
    lat (usec) : 20=0.01%, 50=0.54%, 100=17.67%, 250=81.02%, 500=0.58%
    lat (usec) : 750=0.08%, 1000=0.03%
    lat (msec) : 2=0.05%, 4=0.02%
  cpu          : usr=12.08%, sys=33.92%, ctx=11542752, majf=0, minf=3601
  IO depths    : 1=0.1%, 2=0.1%, 4=0.1%, 8=0.1%, 16=100.0%, 32=0.0%, >=64=0.0%
     submit    : 0=0.0%, 4=100.0%, 8=0.0%, 16=0.0%, 32=0.0%, 64=0.0%, >=64=0.0%
     complete  : 0=0.0%, 4=100.0%, 8=0.0%, 16=0.1%, 32=0.0%, 64=0.0%, >=64=0.0%
     issued rwt: total=35462576,0,0, short=0,0,0, dropped=0,0,0
     latency   : target=0, window=0, percentile=100.00%, depth=16
job5: (groupid=0, jobs=1): err= 0: pid=29973: Wed Jul 12 06:20:08 2017
   read: IOPS=116k, BW=452MiB/s (474MB/s)(132GiB/300001msec)
    slat (usec): min=1, max=443, avg= 2.78, stdev= 1.95
    clat (usec): min=15, max=4724, avg=135.00, stdev=65.18
     lat (usec): min=35, max=4727, avg=137.83, stdev=65.13
    clat percentiles (usec):
     |  1.00th=[   57],  5.00th=[   77], 10.00th=[   90], 20.00th=[  104],
     | 30.00th=[  112], 40.00th=[  121], 50.00th=[  129], 60.00th=[  137],
     | 70.00th=[  149], 80.00th=[  163], 90.00th=[  183], 95.00th=[  201],
     | 99.00th=[  241], 99.50th=[  294], 99.90th=[  756], 99.95th=[ 1464],
     | 99.99th=[ 2640]
    lat (usec) : 20=0.01%, 50=0.40%, 100=15.92%, 250=82.89%, 500=0.61%
    lat (usec) : 750=0.08%, 1000=0.03%
    lat (msec) : 2=0.05%, 4=0.03%, 10=0.01%
  cpu          : usr=11.00%, sys=46.11%, ctx=8888656, majf=0, minf=3600
  IO depths    : 1=0.1%, 2=0.1%, 4=0.1%, 8=0.1%, 16=100.0%, 32=0.0%, >=64=0.0%
     submit    : 0=0.0%, 4=100.0%, 8=0.0%, 16=0.0%, 32=0.0%, 64=0.0%, >=64=0.0%
     complete  : 0=0.0%, 4=100.0%, 8=0.0%, 16=0.1%, 32=0.0%, 64=0.0%, >=64=0.0%
     issued rwt: total=34685839,0,0, short=0,0,0, dropped=0,0,0
     latency   : target=0, window=0, percentile=100.00%, depth=16
job6: (groupid=0, jobs=1): err= 0: pid=29974: Wed Jul 12 06:20:08 2017
   read: IOPS=117k, BW=459MiB/s (481MB/s)(134GiB/300001msec)
    slat (usec): min=1, max=305, avg= 2.24, stdev= 1.26
    clat (usec): min=17, max=4819, avg=133.56, stdev=64.99
     lat (usec): min=35, max=4820, avg=135.83, stdev=64.96
    clat percentiles (usec):
     |  1.00th=[   55],  5.00th=[   75], 10.00th=[   89], 20.00th=[  102],
     | 30.00th=[  110], 40.00th=[  119], 50.00th=[  127], 60.00th=[  137],
     | 70.00th=[  149], 80.00th=[  161], 90.00th=[  183], 95.00th=[  199],
     | 99.00th=[  239], 99.50th=[  302], 99.90th=[  796], 99.95th=[ 1432],
     | 99.99th=[ 2576]
    lat (usec) : 20=0.01%, 50=0.51%, 100=17.11%, 250=81.61%, 500=0.58%
    lat (usec) : 750=0.09%, 1000=0.03%
    lat (msec) : 2=0.05%, 4=0.03%, 10=0.01%
  cpu          : usr=9.37%, sys=37.56%, ctx=10728653, majf=0, minf=13490
  IO depths    : 1=0.1%, 2=0.1%, 4=0.1%, 8=0.1%, 16=100.0%, 32=0.0%, >=64=0.0%
     submit    : 0=0.0%, 4=100.0%, 8=0.0%, 16=0.0%, 32=0.0%, 64=0.0%, >=64=0.0%
     complete  : 0=0.0%, 4=100.0%, 8=0.0%, 16=0.1%, 32=0.0%, 64=0.0%, >=64=0.0%
     issued rwt: total=35223590,0,0, short=0,0,0, dropped=0,0,0
     latency   : target=0, window=0, percentile=100.00%, depth=16
job7: (groupid=0, jobs=1): err= 0: pid=29975: Wed Jul 12 06:20:08 2017
   read: IOPS=124k, BW=485MiB/s (508MB/s)(142GiB/300001msec)
    slat (usec): min=1, max=168, avg= 2.65, stdev= 1.63
    clat (usec): min=19, max=2886, avg=125.75, stdev=36.98
     lat (usec): min=36, max=2894, avg=128.44, stdev=36.91
    clat percentiles (usec):
     |  1.00th=[   55],  5.00th=[   73], 10.00th=[   84], 20.00th=[   98],
     | 30.00th=[  105], 40.00th=[  114], 50.00th=[  121], 60.00th=[  131],
     | 70.00th=[  141], 80.00th=[  155], 90.00th=[  175], 95.00th=[  191],
     | 99.00th=[  217], 99.50th=[  227], 99.90th=[  247], 99.95th=[  258],
     | 99.99th=[  330]
    lat (usec) : 20=0.01%, 50=0.47%, 100=21.63%, 250=77.82%, 500=0.08%
    lat (usec) : 750=0.01%, 1000=0.01%
    lat (msec) : 2=0.01%, 4=0.01%
  cpu          : usr=12.08%, sys=47.53%, ctx=9357555, majf=0, minf=2029
  IO depths    : 1=0.1%, 2=0.1%, 4=0.1%, 8=0.1%, 16=100.0%, 32=0.0%, >=64=0.0%
     submit    : 0=0.0%, 4=100.0%, 8=0.0%, 16=0.0%, 32=0.0%, 64=0.0%, >=64=0.0%
     complete  : 0=0.0%, 4=100.0%, 8=0.0%, 16=0.1%, 32=0.0%, 64=0.0%, >=64=0.0%
     issued rwt: total=37211612,0,0, short=0,0,0, dropped=0,0,0
     latency   : target=0, window=0, percentile=100.00%, depth=16

Run status group 0 (all jobs):
   READ: bw=3675MiB/s (3854MB/s), 451MiB/s-485MiB/s (473MB/s-508MB/s), io=1077GiB (1156GB), run=300001-300001msec

Disk stats (read/write):
  nvme0n1: ios=35374392/0, merge=0/0, ticks=4529192/0, in_queue=4527907, util=99.89%
  nvme1n1: ios=34866311/0, merge=0/0, ticks=4446904/0, in_queue=4448411, util=99.96%
  nvme2n1: ios=34649665/0, merge=0/0, ticks=4401836/0, in_queue=4407952, util=100.00%
  nvme3n1: ios=34680060/0, merge=0/0, ticks=4421588/0, in_queue=4425680, util=100.00%
  nvme4n1: ios=35437005/0, merge=0/0, ticks=4516062/0, in_queue=4517082, util=99.94%
  nvme5n1: ios=34661626/0, merge=0/0, ticks=4408970/0, in_queue=4410624, util=100.00%
  nvme6n1: ios=35198724/0, merge=0/0, ticks=4522696/0, in_queue=4524673, util=100.00%
  nvme7n1: ios=37186481/0, merge=0/0, ticks=4382421/0, in_queue=4386403, util=100.00%
