job0: (g=0): rw=randrw, bs=4096B-4096B,4096B-4096B,4096B-4096B, ioengine=libaio, iodepth=128
job1: (g=0): rw=randrw, bs=4096B-4096B,4096B-4096B,4096B-4096B, ioengine=libaio, iodepth=128
job2: (g=0): rw=randrw, bs=4096B-4096B,4096B-4096B,4096B-4096B, ioengine=libaio, iodepth=128
job3: (g=0): rw=randrw, bs=4096B-4096B,4096B-4096B,4096B-4096B, ioengine=libaio, iodepth=128
job4: (g=0): rw=randrw, bs=4096B-4096B,4096B-4096B,4096B-4096B, ioengine=libaio, iodepth=128
job5: (g=0): rw=randrw, bs=4096B-4096B,4096B-4096B,4096B-4096B, ioengine=libaio, iodepth=128
job6: (g=0): rw=randrw, bs=4096B-4096B,4096B-4096B,4096B-4096B, ioengine=libaio, iodepth=128
job7: (g=0): rw=randrw, bs=4096B-4096B,4096B-4096B,4096B-4096B, ioengine=libaio, iodepth=128
fio-2.18
Starting 8 threads

job0: (groupid=0, jobs=1): err= 0: pid=10768: Tue Jul 11 09:16:54 2017
   read: IOPS=114k, BW=445MiB/s (466MB/s)(130GiB/300003msec)
    slat (usec): min=1, max=64, avg= 2.46, stdev= 1.31
    clat (usec): min=27, max=11263, avg=703.49, stdev=507.30
     lat (usec): min=36, max=11265, avg=705.99, stdev=507.27
    clat percentiles (usec):
     |  1.00th=[  115],  5.00th=[  274], 10.00th=[  398], 20.00th=[  486],
     | 30.00th=[  516], 40.00th=[  540], 50.00th=[  572], 60.00th=[  604],
     | 70.00th=[  660], 80.00th=[  740], 90.00th=[ 1128], 95.00th=[ 1752],
     | 99.00th=[ 3024], 99.50th=[ 3280], 99.90th=[ 3664], 99.95th=[ 3824],
     | 99.99th=[ 7072]
  write: IOPS=114k, BW=445MiB/s (467MB/s)(130GiB/300003msec)
    slat (usec): min=1, max=51, avg= 2.50, stdev= 1.34
    clat (usec): min=0, max=9506, avg=414.44, stdev=267.45
     lat (usec): min=8, max=9508, avg=417.00, stdev=267.44
    clat percentiles (usec):
     |  1.00th=[   11],  5.00th=[  106], 10.00th=[  237], 20.00th=[  318],
     | 30.00th=[  362], 40.00th=[  386], 50.00th=[  406], 60.00th=[  418],
     | 70.00th=[  430], 80.00th=[  442], 90.00th=[  462], 95.00th=[  684],
     | 99.00th=[ 1688], 99.50th=[ 1864], 99.90th=[ 2160], 99.95th=[ 2320],
     | 99.99th=[ 7008]
    lat (usec) : 2=0.01%, 4=0.01%, 10=0.29%, 20=0.84%, 50=0.69%
    lat (usec) : 100=0.87%, 250=5.03%, 500=50.61%, 750=29.94%, 1000=4.14%
    lat (msec) : 2=5.42%, 4=2.15%, 10=0.03%, 20=0.01%
  cpu          : usr=19.21%, sys=74.19%, ctx=1268483, majf=0, minf=10589
  IO depths    : 1=0.1%, 2=0.1%, 4=0.1%, 8=0.1%, 16=0.1%, 32=0.1%, >=64=100.0%
     submit    : 0=0.0%, 4=100.0%, 8=0.0%, 16=0.0%, 32=0.0%, 64=0.0%, >=64=0.0%
     complete  : 0=0.0%, 4=100.0%, 8=0.0%, 16=0.0%, 32=0.0%, 64=0.0%, >=64=0.1%
     issued rwt: total=34154625,34170758,0, short=0,0,0, dropped=0,0,0
     latency   : target=0, window=0, percentile=100.00%, depth=128
job1: (groupid=0, jobs=1): err= 0: pid=10777: Tue Jul 11 09:16:54 2017
   read: IOPS=96.6k, BW=377MiB/s (395MB/s)(110GiB/300001msec)
    slat (usec): min=1, max=105, avg= 3.49, stdev= 2.02
    clat (usec): min=26, max=11585, avg=797.53, stdev=508.62
     lat (usec): min=37, max=11587, avg=801.07, stdev=508.83
    clat percentiles (usec):
     |  1.00th=[  135],  5.00th=[  334], 10.00th=[  438], 20.00th=[  510],
     | 30.00th=[  572], 40.00th=[  636], 50.00th=[  692], 60.00th=[  740],
     | 70.00th=[  812], 80.00th=[  916], 90.00th=[ 1192], 95.00th=[ 1736],
     | 99.00th=[ 3120], 99.50th=[ 3376], 99.90th=[ 3760], 99.95th=[ 3952],
     | 99.99th=[ 6880]
  write: IOPS=96.6k, BW=377MiB/s (395MB/s)(110GiB/300001msec)
    slat (usec): min=1, max=79, avg= 3.53, stdev= 2.04
    clat (usec): min=0, max=9099, avg=520.38, stdev=271.68
     lat (usec): min=8, max=9102, avg=523.96, stdev=272.15
    clat percentiles (usec):
     |  1.00th=[   16],  5.00th=[  177], 10.00th=[  274], 20.00th=[  350],
     | 30.00th=[  382], 40.00th=[  414], 50.00th=[  494], 60.00th=[  548],
     | 70.00th=[  604], 80.00th=[  668], 90.00th=[  788], 95.00th=[  964],
     | 99.00th=[ 1496], 99.50th=[ 1704], 99.90th=[ 2024], 99.95th=[ 2160],
     | 99.99th=[ 6752]
    lat (usec) : 2=0.01%, 4=0.01%, 10=0.03%, 20=0.60%, 50=0.50%
    lat (usec) : 100=0.63%, 250=3.75%, 500=29.21%, 750=39.85%, 1000=15.49%
    lat (msec) : 2=7.85%, 4=2.05%, 10=0.03%, 20=0.01%
  cpu          : usr=17.30%, sys=79.68%, ctx=558575, majf=0, minf=10595
  IO depths    : 1=0.1%, 2=0.1%, 4=0.1%, 8=0.1%, 16=0.1%, 32=0.1%, >=64=100.0%
     submit    : 0=0.0%, 4=100.0%, 8=0.0%, 16=0.0%, 32=0.0%, 64=0.0%, >=64=0.0%
     complete  : 0=0.0%, 4=100.0%, 8=0.0%, 16=0.0%, 32=0.0%, 64=0.0%, >=64=0.1%
     issued rwt: total=28951507,28958641,0, short=0,0,0, dropped=0,0,0
     latency   : target=0, window=0, percentile=100.00%, depth=128
job2: (groupid=0, jobs=1): err= 0: pid=10778: Tue Jul 11 09:16:54 2017
   read: IOPS=82.7k, BW=323MiB/s (338MB/s)(94.6GiB/300001msec)
    slat (usec): min=1, max=219, avg= 4.25, stdev= 1.67
    clat (usec): min=29, max=12324, avg=903.66, stdev=486.10
     lat (usec): min=38, max=12327, avg=907.98, stdev=486.09
    clat percentiles (usec):
     |  1.00th=[  258],  5.00th=[  510], 10.00th=[  612], 20.00th=[  708],
     | 30.00th=[  748], 40.00th=[  780], 50.00th=[  804], 60.00th=[  836],
     | 70.00th=[  868], 80.00th=[  924], 90.00th=[ 1112], 95.00th=[ 1768],
     | 99.00th=[ 3280], 99.50th=[ 3504], 99.90th=[ 3792], 99.95th=[ 3888],
     | 99.99th=[ 6944]
  write: IOPS=82.7k, BW=323MiB/s (338MB/s)(94.6GiB/300001msec)
    slat (usec): min=1, max=226, avg= 4.30, stdev= 1.69
    clat (usec): min=1, max=9148, avg=635.61, stdev=181.12
     lat (usec): min=9, max=9152, avg=639.97, stdev=181.22
    clat percentiles (usec):
     |  1.00th=[  108],  5.00th=[  362], 10.00th=[  450], 20.00th=[  548],
     | 30.00th=[  604], 40.00th=[  636], 50.00th=[  660], 60.00th=[  684],
     | 70.00th=[  700], 80.00th=[  724], 90.00th=[  764], 95.00th=[  796],
     | 99.00th=[ 1128], 99.50th=[ 1336], 99.90th=[ 1672], 99.95th=[ 1800],
     | 99.99th=[ 6688]
    lat (usec) : 2=0.01%, 10=0.01%, 20=0.08%, 50=0.17%, 100=0.24%
    lat (usec) : 250=1.23%, 500=7.81%, 750=48.87%, 1000=34.23%
    lat (msec) : 2=5.27%, 4=2.07%, 10=0.03%, 20=0.01%
  cpu          : usr=18.63%, sys=80.70%, ctx=71734, majf=0, minf=10925
  IO depths    : 1=0.1%, 2=0.1%, 4=0.1%, 8=0.1%, 16=0.1%, 32=0.1%, >=64=100.0%
     submit    : 0=0.0%, 4=100.0%, 8=0.0%, 16=0.0%, 32=0.0%, 64=0.0%, >=64=0.0%
     complete  : 0=0.0%, 4=100.0%, 8=0.0%, 16=0.0%, 32=0.0%, 64=0.0%, >=64=0.1%
     issued rwt: total=24781238,24785685,0, short=0,0,0, dropped=0,0,0
     latency   : target=0, window=0, percentile=100.00%, depth=128
job3: (groupid=0, jobs=1): err= 0: pid=10779: Tue Jul 11 09:16:54 2017
   read: IOPS=85.9k, BW=335MiB/s (351MB/s)(98.2GiB/300001msec)
    slat (usec): min=1, max=115, avg= 3.96, stdev= 2.10
    clat (usec): min=33, max=11820, avg=876.82, stdev=505.55
     lat (usec): min=37, max=11825, avg=880.84, stdev=505.72
    clat percentiles (usec):
     |  1.00th=[  183],  5.00th=[  422], 10.00th=[  510], 20.00th=[  612],
     | 30.00th=[  684], 40.00th=[  740], 50.00th=[  780], 60.00th=[  828],
     | 70.00th=[  876], 80.00th=[  956], 90.00th=[ 1240], 95.00th=[ 1768],
     | 99.00th=[ 3248], 99.50th=[ 3472], 99.90th=[ 3824], 99.95th=[ 3984],
     | 99.99th=[ 7200]
  write: IOPS=85.9k, BW=335MiB/s (352MB/s)(98.3GiB/300001msec)
    slat (usec): min=1, max=84, avg= 4.00, stdev= 2.13
    clat (usec): min=2, max=9453, avg=605.19, stdev=242.96
     lat (usec): min=9, max=9456, avg=609.26, stdev=243.43
    clat percentiles (usec):
     |  1.00th=[   36],  5.00th=[  266], 10.00th=[  354], 20.00th=[  430],
     | 30.00th=[  506], 40.00th=[  564], 50.00th=[  612], 60.00th=[  660],
     | 70.00th=[  700], 80.00th=[  748], 90.00th=[  812], 95.00th=[  940],
     | 99.00th=[ 1352], 99.50th=[ 1528], 99.90th=[ 1880], 99.95th=[ 2024],
     | 99.99th=[ 7136]
    lat (usec) : 4=0.01%, 10=0.01%, 20=0.30%, 50=0.30%, 100=0.38%
    lat (usec) : 250=2.09%, 500=15.86%, 750=42.86%, 1000=27.83%
    lat (msec) : 2=8.26%, 4=2.08%, 10=0.04%, 20=0.01%
  cpu          : usr=17.32%, sys=81.20%, ctx=242744, majf=0, minf=10594
  IO depths    : 1=0.1%, 2=0.1%, 4=0.1%, 8=0.1%, 16=0.1%, 32=0.1%, >=64=100.0%
     submit    : 0=0.0%, 4=100.0%, 8=0.0%, 16=0.0%, 32=0.0%, 64=0.0%, >=64=0.0%
     complete  : 0=0.0%, 4=100.0%, 8=0.0%, 16=0.0%, 32=0.0%, 64=0.0%, >=64=0.1%
     issued rwt: total=25740861,25755384,0, short=0,0,0, dropped=0,0,0
     latency   : target=0, window=0, percentile=100.00%, depth=128
job4: (groupid=0, jobs=1): err= 0: pid=10780: Tue Jul 11 09:16:54 2017
   read: IOPS=119k, BW=464MiB/s (486MB/s)(136GiB/300003msec)
    slat (usec): min=1, max=314, avg= 2.36, stdev= 1.84
    clat (usec): min=22, max=14869, avg=680.33, stdev=515.27
     lat (usec): min=36, max=14874, avg=682.72, stdev=515.36
    clat percentiles (usec):
     |  1.00th=[  109],  5.00th=[  229], 10.00th=[  338], 20.00th=[  430],
     | 30.00th=[  466], 40.00th=[  494], 50.00th=[  532], 60.00th=[  580],
     | 70.00th=[  652], 80.00th=[  764], 90.00th=[ 1144], 95.00th=[ 1784],
     | 99.00th=[ 2960], 99.50th=[ 3216], 99.90th=[ 3600], 99.95th=[ 3760],
     | 99.99th=[ 6944]
  write: IOPS=119k, BW=464MiB/s (486MB/s)(136GiB/300003msec)
    slat (usec): min=1, max=311, avg= 2.38, stdev= 1.87
    clat (usec): min=2, max=14408, avg=392.16, stdev=292.94
     lat (usec): min=8, max=14410, avg=394.59, stdev=293.15
    clat percentiles (usec):
     |  1.00th=[   10],  5.00th=[   68], 10.00th=[  187], 20.00th=[  266],
     | 30.00th=[  306], 40.00th=[  330], 50.00th=[  346], 60.00th=[  362],
     | 70.00th=[  374], 80.00th=[  398], 90.00th=[  668], 95.00th=[  900],
     | 99.00th=[ 1688], 99.50th=[ 1864], 99.90th=[ 2160], 99.95th=[ 2288],
     | 99.99th=[ 6880]
    lat (usec) : 4=0.01%, 10=0.42%, 20=0.94%, 50=0.85%, 100=1.15%
    lat (usec) : 250=8.03%, 500=52.26%, 750=21.95%, 1000=6.14%
    lat (msec) : 2=6.09%, 4=2.16%, 10=0.03%, 20=0.01%
  cpu          : usr=19.17%, sys=73.39%, ctx=1619949, majf=0, minf=20925
  IO depths    : 1=0.1%, 2=0.1%, 4=0.1%, 8=0.1%, 16=0.1%, 32=0.1%, >=64=100.0%
     submit    : 0=0.0%, 4=100.0%, 8=0.0%, 16=0.0%, 32=0.0%, 64=0.0%, >=64=0.0%
     complete  : 0=0.0%, 4=100.0%, 8=0.0%, 16=0.0%, 32=0.0%, 64=0.0%, >=64=0.1%
     issued rwt: total=35601390,35618532,0, short=0,0,0, dropped=0,0,0
     latency   : target=0, window=0, percentile=100.00%, depth=128
job5: (groupid=0, jobs=1): err= 0: pid=10781: Tue Jul 11 09:16:54 2017
   read: IOPS=98.7k, BW=383MiB/s (401MB/s)(112GiB/300001msec)
    slat (usec): min=1, max=414, avg= 3.37, stdev= 2.10
    clat (usec): min=25, max=11319, avg=787.85, stdev=503.54
     lat (usec): min=36, max=11326, avg=791.27, stdev=503.69
    clat percentiles (usec):
     |  1.00th=[  133],  5.00th=[  322], 10.00th=[  426], 20.00th=[  510],
     | 30.00th=[  580], 40.00th=[  636], 50.00th=[  692], 60.00th=[  740],
     | 70.00th=[  796], 80.00th=[  884], 90.00th=[ 1176], 95.00th=[ 1736],
     | 99.00th=[ 3088], 99.50th=[ 3344], 99.90th=[ 3728], 99.95th=[ 3888],
     | 99.99th=[ 7136]
  write: IOPS=98.3k, BW=383MiB/s (402MB/s)(112GiB/300001msec)
    slat (usec): min=1, max=383, avg= 3.41, stdev= 2.12
    clat (usec): min=0, max=10333, avg=510.02, stdev=264.13
     lat (usec): min=8, max=10337, avg=513.48, stdev=264.51
    clat percentiles (usec):
     |  1.00th=[   15],  5.00th=[  165], 10.00th=[  262], 20.00th=[  334],
     | 30.00th=[  374], 40.00th=[  442], 50.00th=[  502], 60.00th=[  548],
     | 70.00th=[  596], 80.00th=[  644], 90.00th=[  740], 95.00th=[  876],
     | 99.00th=[ 1480], 99.50th=[ 1672], 99.90th=[ 2064], 99.95th=[ 2224],
     | 99.99th=[ 7136]
    lat (usec) : 2=0.01%, 4=0.01%, 10=0.03%, 20=0.63%, 50=0.54%
    lat (usec) : 100=0.67%, 250=4.19%, 500=28.15%, 750=42.30%, 1000=14.99%
    lat (msec) : 2=6.45%, 4=2.02%, 10=0.03%, 20=0.01%
  cpu          : usr=17.05%, sys=79.89%, ctx=588166, majf=0, minf=10917
  IO depths    : 1=0.1%, 2=0.1%, 4=0.1%, 8=0.1%, 16=0.1%, 32=0.1%, >=64=100.0%
     submit    : 0=0.0%, 4=100.0%, 8=0.0%, 16=0.0%, 32=0.0%, 64=0.0%, >=64=0.0%
     complete  : 0=0.0%, 4=100.0%, 8=0.0%, 16=0.0%, 32=0.0%, 64=0.0%, >=64=0.1%
     issued rwt: total=29402283,29408394,0, short=0,0,0, dropped=0,0,0
     latency   : target=0, window=0, percentile=100.00%, depth=128
job6: (groupid=0, jobs=1): err= 0: pid=10782: Tue Jul 11 09:16:54 2017
   read: IOPS=111k, BW=434MiB/s (455MB/s)(127GiB/300002msec)
    slat (usec): min=1, max=438, avg= 2.78, stdev= 2.09
    clat (usec): min=14, max=18153, avg=714.49, stdev=510.24
     lat (usec): min=35, max=18155, avg=717.32, stdev=510.31
    clat percentiles (usec):
     |  1.00th=[  115],  5.00th=[  237], 10.00th=[  342], 20.00th=[  438],
     | 30.00th=[  510], 40.00th=[  564], 50.00th=[  604], 60.00th=[  652],
     | 70.00th=[  708], 80.00th=[  796], 90.00th=[ 1144], 95.00th=[ 1736],
     | 99.00th=[ 3024], 99.50th=[ 3248], 99.90th=[ 3600], 99.95th=[ 3792],
     | 99.99th=[ 6816]
  write: IOPS=111k, BW=434MiB/s (455MB/s)(127GiB/300002msec)
    slat (usec): min=1, max=454, avg= 2.82, stdev= 2.13
    clat (usec): min=0, max=14942, avg=430.24, stdev=286.54
     lat (usec): min=8, max=14944, avg=433.12, stdev=286.73
    clat percentiles (usec):
     |  1.00th=[   11],  5.00th=[   64], 10.00th=[  175], 20.00th=[  258],
     | 30.00th=[  302], 40.00th=[  362], 50.00th=[  414], 60.00th=[  454],
     | 70.00th=[  490], 80.00th=[  540], 90.00th=[  636], 95.00th=[  788],
     | 99.00th=[ 1640], 99.50th=[ 1832], 99.90th=[ 2256], 99.95th=[ 2448],
     | 99.99th=[ 6816]
    lat (usec) : 2=0.01%, 4=0.01%, 10=0.24%, 20=1.01%, 50=1.00%
    lat (usec) : 100=1.17%, 250=8.64%, 500=38.42%, 750=34.43%, 1000=7.34%
    lat (msec) : 2=5.64%, 4=2.10%, 10=0.03%, 20=0.01%
  cpu          : usr=22.16%, sys=71.68%, ctx=1339820, majf=0, minf=10933
  IO depths    : 1=0.1%, 2=0.1%, 4=0.1%, 8=0.1%, 16=0.1%, 32=0.1%, >=64=100.0%
     submit    : 0=0.0%, 4=100.0%, 8=0.0%, 16=0.0%, 32=0.0%, 64=0.0%, >=64=0.0%
     complete  : 0=0.0%, 4=100.0%, 8=0.0%, 16=0.0%, 32=0.0%, 64=0.0%, >=64=0.1%
     issued rwt: total=33338004,33342446,0, short=0,0,0, dropped=0,0,0
     latency   : target=0, window=0, percentile=100.00%, depth=128
job7: (groupid=0, jobs=1): err= 0: pid=10783: Tue Jul 11 09:16:54 2017
   read: IOPS=72.7k, BW=284MiB/s (298MB/s)(83.2GiB/300004msec)
    slat (usec): min=1, max=179, avg= 3.55, stdev= 1.93
    clat (usec): min=11, max=10152, avg=831.11, stdev=646.56
     lat (usec): min=36, max=10156, avg=834.71, stdev=646.72
    clat percentiles (usec):
     |  1.00th=[   74],  5.00th=[  114], 10.00th=[  161], 20.00th=[  326],
     | 30.00th=[  494], 40.00th=[  620], 50.00th=[  716], 60.00th=[  796],
     | 70.00th=[  892], 80.00th=[ 1096], 90.00th=[ 1688], 95.00th=[ 2288],
     | 99.00th=[ 3088], 99.50th=[ 3312], 99.90th=[ 3888], 99.95th=[ 4384],
     | 99.99th=[ 6432]
  write: IOPS=72.7k, BW=284MiB/s (297MB/s)(83.2GiB/300004msec)
    slat (usec): min=1, max=157, avg= 3.60, stdev= 1.95
    clat (usec): min=1, max=13637, avg=922.81, stdev=983.50
     lat (usec): min=8, max=13639, avg=926.46, stdev=983.35
    clat percentiles (usec):
     |  1.00th=[   11],  5.00th=[   16], 10.00th=[   32], 20.00th=[  213],
     | 30.00th=[  446], 40.00th=[  556], 50.00th=[  636], 60.00th=[  708],
     | 70.00th=[  876], 80.00th=[ 1448], 90.00th=[ 2256], 95.00th=[ 2992],
     | 99.00th=[ 4640], 99.50th=[ 5216], 99.90th=[ 6240], 99.95th=[ 6688],
     | 99.99th=[ 8384]
    lat (usec) : 2=0.01%, 4=0.01%, 10=0.09%, 20=3.10%, 50=3.60%
    lat (usec) : 100=3.14%, 250=8.28%, 500=14.26%, 750=26.51%, 1000=15.50%
    lat (msec) : 2=15.70%, 4=8.79%, 10=1.04%, 20=0.01%
  cpu          : usr=13.85%, sys=64.52%, ctx=3150585, majf=0, minf=12181
  IO depths    : 1=0.1%, 2=0.1%, 4=0.1%, 8=0.1%, 16=0.1%, 32=0.1%, >=64=100.0%
     submit    : 0=0.0%, 4=100.0%, 8=0.0%, 16=0.0%, 32=0.0%, 64=0.0%, >=64=0.0%
     complete  : 0=0.0%, 4=100.0%, 8=0.0%, 16=0.0%, 32=0.0%, 64=0.0%, >=64=0.1%
     issued rwt: total=21791298,21786295,0, short=0,0,0, dropped=0,0,0
     latency   : target=0, window=0, percentile=100.00%, depth=128

Run status group 0 (all jobs):
   READ: bw=3044MiB/s (3192MB/s), 284MiB/s-464MiB/s (298MB/s-486MB/s), io=892GiB (957GB), run=300001-300004msec
  WRITE: bw=3045MiB/s (3192MB/s), 284MiB/s-464MiB/s (297MB/s-486MB/s), io=892GiB (958GB), run=300001-300004msec

Disk stats (read/write):
  nvme0n1: ios=34150147/34166238, merge=0/0, ticks=12953192/2755733, in_queue=15726359, util=99.88%
  nvme1n1: ios=28946912/28954220, merge=0/0, ticks=9998297/1737929, in_queue=11798679, util=100.00%
  nvme2n1: ios=24777956/24782386, merge=0/0, ticks=7667193/853981, in_queue=8555536, util=100.00%
  nvme3n1: ios=25737366/25751859, merge=0/0, ticks=8299461/1129410, in_queue=9465251, util=100.00%
  nvme4n1: ios=35595948/35613010, merge=0/0, ticks=13721104/3182948, in_queue=16920465, util=99.92%
  nvme5n1: ios=29399024/29405257, merge=0/0, ticks=10207542/1808813, in_queue=12081797, util=100.00%
  nvme6n1: ios=33333148/33337572, merge=0/0, ticks=12766772/3014525, in_queue=15810939, util=100.00%
  nvme7n1: ios=21789343/21784377, merge=0/0, ticks=11451115/13213244, in_queue=24741995, util=100.00%
