job0: (g=0): rw=randwrite, bs=4096B-4096B,4096B-4096B,4096B-4096B, ioengine=libaio, iodepth=4
job1: (g=0): rw=randwrite, bs=4096B-4096B,4096B-4096B,4096B-4096B, ioengine=libaio, iodepth=4
job2: (g=0): rw=randwrite, bs=4096B-4096B,4096B-4096B,4096B-4096B, ioengine=libaio, iodepth=4
job3: (g=0): rw=randwrite, bs=4096B-4096B,4096B-4096B,4096B-4096B, ioengine=libaio, iodepth=4
job4: (g=0): rw=randwrite, bs=4096B-4096B,4096B-4096B,4096B-4096B, ioengine=libaio, iodepth=4
job5: (g=0): rw=randwrite, bs=4096B-4096B,4096B-4096B,4096B-4096B, ioengine=libaio, iodepth=4
job6: (g=0): rw=randwrite, bs=4096B-4096B,4096B-4096B,4096B-4096B, ioengine=libaio, iodepth=4
job7: (g=0): rw=randwrite, bs=4096B-4096B,4096B-4096B,4096B-4096B, ioengine=libaio, iodepth=4
fio-2.18
Starting 8 threads

job0: (groupid=0, jobs=1): err= 0: pid=27216: Wed Jul 12 04:12:34 2017
  write: IOPS=197k, BW=771MiB/s (808MB/s)(452GiB/600001msec)
    slat (usec): min=1, max=220, avg= 2.79, stdev= 1.69
    clat (usec): min=0, max=8760, avg=16.86, stdev=25.29
     lat (usec): min=8, max=8765, avg=19.71, stdev=25.39
    clat percentiles (usec):
     |  1.00th=[    8],  5.00th=[   10], 10.00th=[   11], 20.00th=[   12],
     | 30.00th=[   13], 40.00th=[   14], 50.00th=[   15], 60.00th=[   17],
     | 70.00th=[   19], 80.00th=[   21], 90.00th=[   25], 95.00th=[   28],
     | 99.00th=[   38], 99.50th=[   44], 99.90th=[   58], 99.95th=[   63],
     | 99.99th=[   88]
    lat (usec) : 2=0.01%, 4=0.01%, 10=2.74%, 20=71.13%, 50=25.85%
    lat (usec) : 100=0.27%, 250=0.01%, 500=0.01%, 750=0.01%, 1000=0.01%
    lat (msec) : 2=0.01%, 4=0.01%, 10=0.01%
  cpu          : usr=18.73%, sys=73.68%, ctx=9315930, majf=0, minf=4931
  IO depths    : 1=0.1%, 2=0.1%, 4=100.0%, 8=0.0%, 16=0.0%, 32=0.0%, >=64=0.0%
     submit    : 0=0.0%, 4=100.0%, 8=0.0%, 16=0.0%, 32=0.0%, 64=0.0%, >=64=0.0%
     complete  : 0=0.0%, 4=100.0%, 8=0.0%, 16=0.0%, 32=0.0%, 64=0.0%, >=64=0.0%
     issued rwt: total=0,118404625,0, short=0,0,0, dropped=0,0,0
     latency   : target=0, window=0, percentile=100.00%, depth=4
job1: (groupid=0, jobs=1): err= 0: pid=27225: Wed Jul 12 04:12:34 2017
  write: IOPS=199k, BW=778MiB/s (816MB/s)(456GiB/600001msec)
    slat (usec): min=1, max=129, avg= 3.06, stdev= 1.60
    clat (usec): min=0, max=11192, avg=16.46, stdev=24.80
     lat (usec): min=8, max=11195, avg=19.57, stdev=24.89
    clat percentiles (usec):
     |  1.00th=[    9],  5.00th=[   10], 10.00th=[   10], 20.00th=[   11],
     | 30.00th=[   13], 40.00th=[   14], 50.00th=[   15], 60.00th=[   17],
     | 70.00th=[   18], 80.00th=[   20], 90.00th=[   24], 95.00th=[   28],
     | 99.00th=[   36], 99.50th=[   40], 99.90th=[   56], 99.95th=[   61],
     | 99.99th=[   96]
    lat (usec) : 2=0.01%, 4=0.01%, 10=4.59%, 20=74.19%, 50=21.04%
    lat (usec) : 100=0.17%, 250=0.01%, 500=0.01%, 750=0.01%, 1000=0.01%
    lat (msec) : 2=0.01%, 4=0.01%, 10=0.01%, 20=0.01%
  cpu          : usr=17.00%, sys=74.06%, ctx=11474643, majf=0, minf=9953
  IO depths    : 1=0.1%, 2=0.1%, 4=100.0%, 8=0.0%, 16=0.0%, 32=0.0%, >=64=0.0%
     submit    : 0=0.0%, 4=100.0%, 8=0.0%, 16=0.0%, 32=0.0%, 64=0.0%, >=64=0.0%
     complete  : 0=0.0%, 4=100.0%, 8=0.0%, 16=0.0%, 32=0.0%, 64=0.0%, >=64=0.0%
     issued rwt: total=0,119543177,0, short=0,0,0, dropped=0,0,0
     latency   : target=0, window=0, percentile=100.00%, depth=4
job2: (groupid=0, jobs=1): err= 0: pid=27226: Wed Jul 12 04:12:34 2017
  write: IOPS=202k, BW=791MiB/s (829MB/s)(463GiB/600001msec)
    slat (usec): min=1, max=205, avg= 2.83, stdev= 1.24
    clat (usec): min=0, max=8850, avg=16.37, stdev=24.85
     lat (usec): min=8, max=8852, avg=19.24, stdev=24.90
    clat percentiles (usec):
     |  1.00th=[    9],  5.00th=[   10], 10.00th=[   10], 20.00th=[   11],
     | 30.00th=[   12], 40.00th=[   13], 50.00th=[   14], 60.00th=[   16],
     | 70.00th=[   18], 80.00th=[   21], 90.00th=[   25], 95.00th=[   29],
     | 99.00th=[   36], 99.50th=[   40], 99.90th=[   57], 99.95th=[   64],
     | 99.99th=[  116]
    lat (usec) : 2=0.01%, 4=0.01%, 10=2.96%, 20=72.50%, 50=24.34%
    lat (usec) : 100=0.18%, 250=0.01%, 500=0.01%, 750=0.01%, 1000=0.01%
    lat (msec) : 2=0.01%, 4=0.01%, 10=0.01%
  cpu          : usr=17.62%, sys=73.31%, ctx=11468502, majf=0, minf=4951
  IO depths    : 1=0.1%, 2=0.1%, 4=100.0%, 8=0.0%, 16=0.0%, 32=0.0%, >=64=0.0%
     submit    : 0=0.0%, 4=100.0%, 8=0.0%, 16=0.0%, 32=0.0%, 64=0.0%, >=64=0.0%
     complete  : 0=0.0%, 4=100.0%, 8=0.0%, 16=0.0%, 32=0.0%, 64=0.0%, >=64=0.0%
     issued rwt: total=0,121499132,0, short=0,0,0, dropped=0,0,0
     latency   : target=0, window=0, percentile=100.00%, depth=4
job3: (groupid=0, jobs=1): err= 0: pid=27227: Wed Jul 12 04:12:34 2017
  write: IOPS=189k, BW=739MiB/s (775MB/s)(433GiB/600001msec)
    slat (usec): min=1, max=403, avg= 3.22, stdev= 1.54
    clat (usec): min=0, max=8743, avg=17.38, stdev=25.45
     lat (usec): min=8, max=8746, avg=20.64, stdev=25.58
    clat percentiles (usec):
     |  1.00th=[    9],  5.00th=[   11], 10.00th=[   11], 20.00th=[   12],
     | 30.00th=[   13], 40.00th=[   14], 50.00th=[   15], 60.00th=[   17],
     | 70.00th=[   19], 80.00th=[   22], 90.00th=[   26], 95.00th=[   30],
     | 99.00th=[   38], 99.50th=[   43], 99.90th=[   56], 99.95th=[   61],
     | 99.99th=[   84]
    lat (usec) : 2=0.01%, 4=0.01%, 10=1.71%, 20=69.73%, 50=28.34%
    lat (usec) : 100=0.21%, 250=0.01%, 500=0.01%, 750=0.01%, 1000=0.01%
    lat (msec) : 2=0.01%, 4=0.01%, 10=0.01%
  cpu          : usr=15.29%, sys=78.00%, ctx=7516721, majf=0, minf=8141
  IO depths    : 1=0.1%, 2=0.1%, 4=100.0%, 8=0.0%, 16=0.0%, 32=0.0%, >=64=0.0%
     submit    : 0=0.0%, 4=100.0%, 8=0.0%, 16=0.0%, 32=0.0%, 64=0.0%, >=64=0.0%
     complete  : 0=0.0%, 4=100.0%, 8=0.0%, 16=0.0%, 32=0.0%, 64=0.0%, >=64=0.0%
     issued rwt: total=0,113583472,0, short=0,0,0, dropped=0,0,0
     latency   : target=0, window=0, percentile=100.00%, depth=4
job4: (groupid=0, jobs=1): err= 0: pid=27228: Wed Jul 12 04:12:34 2017
  write: IOPS=184k, BW=718MiB/s (753MB/s)(421GiB/600001msec)
    slat (usec): min=1, max=271, avg= 2.98, stdev= 2.39
    clat (usec): min=0, max=8620, avg=18.10, stdev=25.55
     lat (usec): min=8, max=8621, avg=21.14, stdev=25.93
    clat percentiles (usec):
     |  1.00th=[    8],  5.00th=[   10], 10.00th=[   11], 20.00th=[   12],
     | 30.00th=[   12], 40.00th=[   13], 50.00th=[   15], 60.00th=[   17],
     | 70.00th=[   20], 80.00th=[   24], 90.00th=[   30], 95.00th=[   36],
     | 99.00th=[   46], 99.50th=[   50], 99.90th=[   59], 99.95th=[   63],
     | 99.99th=[   90]
    lat (usec) : 2=0.01%, 4=0.01%, 10=3.20%, 20=65.59%, 50=30.67%
    lat (usec) : 100=0.52%, 250=0.01%, 500=0.01%, 750=0.01%, 1000=0.01%
    lat (msec) : 2=0.01%, 10=0.01%
  cpu          : usr=18.42%, sys=75.04%, ctx=8343884, majf=0, minf=8178
  IO depths    : 1=0.1%, 2=0.1%, 4=100.0%, 8=0.0%, 16=0.0%, 32=0.0%, >=64=0.0%
     submit    : 0=0.0%, 4=100.0%, 8=0.0%, 16=0.0%, 32=0.0%, 64=0.0%, >=64=0.0%
     complete  : 0=0.0%, 4=100.0%, 8=0.0%, 16=0.0%, 32=0.0%, 64=0.0%, >=64=0.0%
     issued rwt: total=0,110343527,0, short=0,0,0, dropped=0,0,0
     latency   : target=0, window=0, percentile=100.00%, depth=4
job5: (groupid=0, jobs=1): err= 0: pid=27229: Wed Jul 12 04:12:34 2017
  write: IOPS=177k, BW=690MiB/s (723MB/s)(404GiB/600001msec)
    slat (usec): min=1, max=522, avg= 3.55, stdev= 2.26
    clat (usec): min=0, max=9770, avg=18.50, stdev=25.93
     lat (usec): min=8, max=9772, avg=22.10, stdev=26.15
    clat percentiles (usec):
     |  1.00th=[    9],  5.00th=[   10], 10.00th=[   11], 20.00th=[   12],
     | 30.00th=[   14], 40.00th=[   16], 50.00th=[   17], 60.00th=[   19],
     | 70.00th=[   20], 80.00th=[   23], 90.00th=[   27], 95.00th=[   32],
     | 99.00th=[   41], 99.50th=[   45], 99.90th=[   57], 99.95th=[   63],
     | 99.99th=[   96]
    lat (usec) : 2=0.01%, 4=0.01%, 10=1.87%, 20=63.43%, 50=34.43%
    lat (usec) : 100=0.26%, 250=0.01%, 500=0.01%, 750=0.01%, 1000=0.01%
    lat (msec) : 2=0.01%, 4=0.01%, 10=0.01%
  cpu          : usr=15.87%, sys=78.60%, ctx=6432458, majf=0, minf=4945
  IO depths    : 1=0.1%, 2=0.1%, 4=100.0%, 8=0.0%, 16=0.0%, 32=0.0%, >=64=0.0%
     submit    : 0=0.0%, 4=100.0%, 8=0.0%, 16=0.0%, 32=0.0%, 64=0.0%, >=64=0.0%
     complete  : 0=0.0%, 4=100.0%, 8=0.0%, 16=0.0%, 32=0.0%, 64=0.0%, >=64=0.0%
     issued rwt: total=0,105964759,0, short=0,0,0, dropped=0,0,0
     latency   : target=0, window=0, percentile=100.00%, depth=4
job6: (groupid=0, jobs=1): err= 0: pid=27230: Wed Jul 12 04:12:34 2017
  write: IOPS=216k, BW=843MiB/s (884MB/s)(494GiB/600001msec)
    slat (usec): min=1, max=573, avg= 2.48, stdev= 1.39
    clat (usec): min=0, max=8715, avg=15.51, stdev=24.83
     lat (usec): min=8, max=8717, avg=18.03, stdev=24.87
    clat percentiles (usec):
     |  1.00th=[    8],  5.00th=[   10], 10.00th=[   10], 20.00th=[   11],
     | 30.00th=[   12], 40.00th=[   13], 50.00th=[   14], 60.00th=[   15],
     | 70.00th=[   17], 80.00th=[   19], 90.00th=[   23], 95.00th=[   27],
     | 99.00th=[   34], 99.50th=[   39], 99.90th=[   56], 99.95th=[   60],
     | 99.99th=[   86]
    lat (usec) : 2=0.01%, 4=0.01%, 10=4.93%, 20=76.68%, 50=18.20%
    lat (usec) : 100=0.19%, 250=0.01%, 500=0.01%, 750=0.01%, 1000=0.01%
    lat (msec) : 2=0.01%, 4=0.01%, 10=0.01%
  cpu          : usr=18.38%, sys=70.70%, ctx=14962929, majf=0, minf=4942
  IO depths    : 1=0.1%, 2=0.1%, 4=100.0%, 8=0.0%, 16=0.0%, 32=0.0%, >=64=0.0%
     submit    : 0=0.0%, 4=100.0%, 8=0.0%, 16=0.0%, 32=0.0%, 64=0.0%, >=64=0.0%
     complete  : 0=0.0%, 4=100.0%, 8=0.0%, 16=0.0%, 32=0.0%, 64=0.0%, >=64=0.0%
     issued rwt: total=0,129490043,0, short=0,0,0, dropped=0,0,0
     latency   : target=0, window=0, percentile=100.00%, depth=4
job7: (groupid=0, jobs=1): err= 0: pid=27231: Wed Jul 12 04:12:34 2017
  write: IOPS=180k, BW=704MiB/s (738MB/s)(413GiB/600000msec)
    slat (usec): min=1, max=357, avg= 2.55, stdev= 1.26
    clat (usec): min=0, max=8389, avg=19.17, stdev=35.98
     lat (usec): min=8, max=8391, avg=21.76, stdev=36.01
    clat percentiles (usec):
     |  1.00th=[    9],  5.00th=[   10], 10.00th=[   10], 20.00th=[   11],
     | 30.00th=[   12], 40.00th=[   14], 50.00th=[   15], 60.00th=[   17],
     | 70.00th=[   19], 80.00th=[   23], 90.00th=[   29], 95.00th=[   37],
     | 99.00th=[   68], 99.50th=[   91], 99.90th=[  294], 99.95th=[  516],
     | 99.99th=[ 1320]
    lat (usec) : 2=0.01%, 4=0.01%, 10=4.62%, 20=66.56%, 50=26.48%
    lat (usec) : 100=1.93%, 250=0.29%, 500=0.07%, 750=0.02%, 1000=0.01%
    lat (msec) : 2=0.02%, 4=0.01%, 10=0.01%
  cpu          : usr=13.18%, sys=61.39%, ctx=19834570, majf=0, minf=21119
  IO depths    : 1=0.1%, 2=0.1%, 4=100.0%, 8=0.0%, 16=0.0%, 32=0.0%, >=64=0.0%
     submit    : 0=0.0%, 4=100.0%, 8=0.0%, 16=0.0%, 32=0.0%, 64=0.0%, >=64=0.0%
     complete  : 0=0.0%, 4=100.0%, 8=0.0%, 16=0.0%, 32=0.0%, 64=0.0%, >=64=0.0%
     issued rwt: total=0,108150877,0, short=0,0,0, dropped=0,0,0
     latency   : target=0, window=0, percentile=100.00%, depth=4

Run status group 0 (all jobs):
  WRITE: bw=6035MiB/s (6328MB/s), 690MiB/s-843MiB/s (723MB/s-884MB/s), io=3536GiB (3797GB), run=600000-600001msec

Disk stats (read/write):
  nvme0n1: ios=60/118373407, merge=0/0, ticks=3/1235950, in_queue=1226193, util=94.94%
  nvme1n1: ios=0/119510269, merge=0/0, ticks=0/1319611, in_queue=1306505, util=96.67%
  nvme2n1: ios=0/121472713, merge=0/0, ticks=0/1341359, in_queue=1328500, util=93.71%
  nvme3n1: ios=0/113560051, merge=0/0, ticks=0/1257763, in_queue=1244923, util=96.41%
  nvme4n1: ios=0/110311675, merge=0/0, ticks=0/1132503, in_queue=1122945, util=90.69%
  nvme5n1: ios=0/105940892, merge=0/0, ticks=0/1137978, in_queue=1121983, util=94.26%
  nvme6n1: ios=0/129457864, merge=0/0, ticks=0/1375375, in_queue=1366766, util=96.62%
  nvme7n1: ios=0/108135090, merge=0/0, ticks=0/1580949, in_queue=1571714, util=96.62%
