job1: (g=0): rw=write, bs=128KiB-128KiB,128KiB-128KiB,128KiB-128KiB, ioengine=libaio, iodepth=1
job2: (g=0): rw=write, bs=128KiB-128KiB,128KiB-128KiB,128KiB-128KiB, ioengine=libaio, iodepth=1
job3: (g=0): rw=write, bs=128KiB-128KiB,128KiB-128KiB,128KiB-128KiB, ioengine=libaio, iodepth=1
fio-2.18
Starting 3 threads
job1: you need to specify size=
fio: pid=0, err=22/file:filesetup.c:860, func=total_file_size, error=Invalid argument
job2: you need to specify size=
fio: pid=0, err=22/file:filesetup.c:860, func=total_file_size, error=Invalid argument
job3: you need to specify size=
fio: pid=0, err=22/file:filesetup.c:860, func=total_file_size, error=Invalid argument


Run status group 0 (all jobs):
job1: (g=0): rw=randwrite, bs=4096B-4096B,4096B-4096B,4096B-4096B, ioengine=libaio, iodepth=4
job2: (g=0): rw=randwrite, bs=4096B-4096B,4096B-4096B,4096B-4096B, ioengine=libaio, iodepth=4
job3: (g=0): rw=randwrite, bs=4096B-4096B,4096B-4096B,4096B-4096B, ioengine=libaio, iodepth=4
fio-2.18
Starting 3 threads
job1: you need to specify size=
fio: pid=0, err=22/file:filesetup.c:860, func=total_file_size, error=Invalid argument
job2: you need to specify size=
fio: pid=0, err=22/file:filesetup.c:860, func=total_file_size, error=Invalid argument
job3: you need to specify size=
fio: pid=0, err=22/file:filesetup.c:860, func=total_file_size, error=Invalid argument


Run status group 0 (all jobs):
job1: (g=0): rw=randwrite, bs=4096B-4096B,4096B-4096B,4096B-4096B, ioengine=libaio, iodepth=128
job2: (g=0): rw=randwrite, bs=4096B-4096B,4096B-4096B,4096B-4096B, ioengine=libaio, iodepth=128
job3: (g=0): rw=randwrite, bs=4096B-4096B,4096B-4096B,4096B-4096B, ioengine=libaio, iodepth=128
fio-2.18
Starting 3 threads
job1: you need to specify size=
fio: pid=0, err=22/file:filesetup.c:860, func=total_file_size, error=Invalid argument
job2: you need to specify size=
fio: pid=0, err=22/file:filesetup.c:860, func=total_file_size, error=Invalid argument
job3: you need to specify size=
fio: pid=0, err=22/file:filesetup.c:860, func=total_file_size, error=Invalid argument


Run status group 0 (all jobs):
job1: (g=0): rw=write, bs=128KiB-128KiB,128KiB-128KiB,128KiB-128KiB, ioengine=libaio, iodepth=1
job2: (g=0): rw=write, bs=128KiB-128KiB,128KiB-128KiB,128KiB-128KiB, ioengine=libaio, iodepth=1
job3: (g=0): rw=write, bs=128KiB-128KiB,128KiB-128KiB,128KiB-128KiB, ioengine=libaio, iodepth=1
fio-2.18
Starting 3 threads

job1: (groupid=0, jobs=1): err= 0: pid=31537: Mon Jun 26 13:19:16 2017
  write: IOPS=12.2k, BW=1502MiB/s (1575MB/s)(10.4TiB/7200001msec)
    slat (usec): min=4, max=220, avg=12.28, stdev= 6.46
    clat (usec): min=11, max=14919, avg=70.10, stdev=83.30
     lat (usec): min=53, max=14931, avg=82.46, stdev=83.45
    clat percentiles (usec):
     |  1.00th=[   50],  5.00th=[   50], 10.00th=[   51], 20.00th=[   52],
     | 30.00th=[   53], 40.00th=[   54], 50.00th=[   57], 60.00th=[   61],
     | 70.00th=[   66], 80.00th=[   75], 90.00th=[   97], 95.00th=[  124],
     | 99.00th=[  231], 99.50th=[  342], 99.90th=[  644], 99.95th=[  804],
     | 99.99th=[ 5792]
    lat (usec) : 20=0.01%, 50=0.53%, 100=89.98%, 250=8.64%, 500=0.64%
    lat (usec) : 750=0.16%, 1000=0.03%
    lat (msec) : 2=0.02%, 4=0.01%, 10=0.01%, 20=0.01%
  cpu          : usr=5.75%, sys=14.75%, ctx=86501533, majf=0, minf=5038
  IO depths    : 1=100.0%, 2=0.0%, 4=0.0%, 8=0.0%, 16=0.0%, 32=0.0%, >=64=0.0%
     submit    : 0=0.0%, 4=100.0%, 8=0.0%, 16=0.0%, 32=0.0%, 64=0.0%, >=64=0.0%
     complete  : 0=0.0%, 4=100.0%, 8=0.0%, 16=0.0%, 32=0.0%, 64=0.0%, >=64=0.0%
     issued rwt: total=0,86501191,0, short=0,0,0, dropped=0,0,0
     latency   : target=0, window=0, percentile=100.00%, depth=1
job2: (groupid=0, jobs=1): err= 0: pid=31538: Mon Jun 26 13:19:16 2017
  write: IOPS=10.5k, BW=1308MiB/s (1371MB/s)(9195GiB/7200001msec)
    slat (usec): min=4, max=379, avg=19.60, stdev= 4.82
    clat (usec): min=1, max=11019, avg=74.35, stdev=73.09
     lat (usec): min=54, max=11031, avg=94.06, stdev=73.48
    clat percentiles (usec):
     |  1.00th=[   55],  5.00th=[   56], 10.00th=[   57], 20.00th=[   58],
     | 30.00th=[   59], 40.00th=[   60], 50.00th=[   62], 60.00th=[   72],
     | 70.00th=[   83], 80.00th=[   89], 90.00th=[  100], 95.00th=[  109],
     | 99.00th=[  135], 99.50th=[  161], 99.90th=[  318], 99.95th=[  450],
     | 99.99th=[ 5792]
    lat (usec) : 2=0.01%, 4=0.01%, 20=0.01%, 50=0.01%, 100=89.91%
    lat (usec) : 250=9.90%, 500=0.14%, 750=0.02%, 1000=0.01%
    lat (msec) : 2=0.01%, 4=0.01%, 10=0.01%, 20=0.01%
  cpu          : usr=7.84%, sys=21.33%, ctx=75327818, majf=0, minf=5081
  IO depths    : 1=100.0%, 2=0.0%, 4=0.0%, 8=0.0%, 16=0.0%, 32=0.0%, >=64=0.0%
     submit    : 0=0.0%, 4=100.0%, 8=0.0%, 16=0.0%, 32=0.0%, 64=0.0%, >=64=0.0%
     complete  : 0=0.0%, 4=100.0%, 8=0.0%, 16=0.0%, 32=0.0%, 64=0.0%, >=64=0.0%
     issued rwt: total=0,75327230,0, short=0,0,0, dropped=0,0,0
     latency   : target=0, window=0, percentile=100.00%, depth=1
job3: (groupid=0, jobs=1): err= 0: pid=31539: Mon Jun 26 13:19:16 2017
  write: IOPS=10.7k, BW=1330MiB/s (1395MB/s)(9354GiB/7200001msec)
    slat (usec): min=5, max=313, avg=16.08, stdev= 8.16
    clat (usec): min=1, max=14812, avg=76.34, stdev=79.76
     lat (usec): min=54, max=14823, avg=92.54, stdev=80.74
    clat percentiles (usec):
     |  1.00th=[   50],  5.00th=[   51], 10.00th=[   52], 20.00th=[   53],
     | 30.00th=[   54], 40.00th=[   57], 50.00th=[   61], 60.00th=[   72],
     | 70.00th=[   81], 80.00th=[   95], 90.00th=[  115], 95.00th=[  131],
     | 99.00th=[  193], 99.50th=[  278], 99.90th=[  572], 99.95th=[  708],
     | 99.99th=[ 5664]
    lat (usec) : 2=0.01%, 4=0.01%, 10=0.01%, 20=0.01%, 50=0.27%
    lat (usec) : 100=81.97%, 250=17.16%, 500=0.44%, 750=0.11%, 1000=0.02%
    lat (msec) : 2=0.01%, 4=0.01%, 10=0.01%, 20=0.01%
  cpu          : usr=6.85%, sys=17.82%, ctx=76628574, majf=0, minf=4844
  IO depths    : 1=100.0%, 2=0.0%, 4=0.0%, 8=0.0%, 16=0.0%, 32=0.0%, >=64=0.0%
     submit    : 0=0.0%, 4=100.0%, 8=0.0%, 16=0.0%, 32=0.0%, 64=0.0%, >=64=0.0%
     complete  : 0=0.0%, 4=100.0%, 8=0.0%, 16=0.0%, 32=0.0%, 64=0.0%, >=64=0.0%
     issued rwt: total=0,76628176,0, short=0,0,0, dropped=0,0,0
     latency   : target=0, window=0, percentile=100.00%, depth=1

Run status group 0 (all jobs):
  WRITE: bw=4140MiB/s (4341MB/s), 1308MiB/s-1502MiB/s (1371MB/s-1575MB/s), io=28.5TiB (31.3TB), run=7200001-7200001msec

Disk stats (read/write):
  nvme7n1: ios=420/86498910, merge=0/0, ticks=203/5940176, in_queue=5927697, util=82.36%
  nvme8n1: ios=360/75325095, merge=0/0, ticks=146/5369556, in_queue=5349832, util=74.33%
  nvme9n1: ios=360/76625900, merge=0/0, ticks=134/5642315, in_queue=5627214, util=78.19%
job1: (g=0): rw=randwrite, bs=4096B-4096B,4096B-4096B,4096B-4096B, ioengine=libaio, iodepth=4
job2: (g=0): rw=randwrite, bs=4096B-4096B,4096B-4096B,4096B-4096B, ioengine=libaio, iodepth=4
job3: (g=0): rw=randwrite, bs=4096B-4096B,4096B-4096B,4096B-4096B, ioengine=libaio, iodepth=4
fio-2.18
Starting 3 threads

job1: (groupid=0, jobs=1): err= 0: pid=32756: Mon Jun 26 15:19:14 2017
  write: IOPS=179k, BW=699MiB/s (733MB/s)(4916GiB/7200001msec)
    slat (usec): min=1, max=322, avg= 1.54, stdev= 0.93
    clat (usec): min=0, max=11300, avg=20.27, stdev=42.21
     lat (usec): min=8, max=11301, avg=21.85, stdev=42.21
    clat percentiles (usec):
     |  1.00th=[    7],  5.00th=[    8], 10.00th=[    9], 20.00th=[   10],
     | 30.00th=[   12], 40.00th=[   13], 50.00th=[   14], 60.00th=[   16],
     | 70.00th=[   20], 80.00th=[   25], 90.00th=[   33], 95.00th=[   46],
     | 99.00th=[   87], 99.50th=[  126], 99.90th=[  394], 99.95th=[  644],
     | 99.99th=[ 1496]
    lat (usec) : 2=0.01%, 4=0.01%, 10=15.28%, 20=54.43%, 50=25.98%
    lat (usec) : 100=3.56%, 250=0.55%, 500=0.12%, 750=0.03%, 1000=0.01%
    lat (msec) : 2=0.02%, 4=0.01%, 10=0.01%, 20=0.01%
  cpu          : usr=16.34%, sys=37.45%, ctx=392443188, majf=0, minf=219257
  IO depths    : 1=0.1%, 2=0.1%, 4=100.0%, 8=0.0%, 16=0.0%, 32=0.0%, >=64=0.0%
     submit    : 0=0.0%, 4=100.0%, 8=0.0%, 16=0.0%, 32=0.0%, 64=0.0%, >=64=0.0%
     complete  : 0=0.0%, 4=100.0%, 8=0.0%, 16=0.0%, 32=0.0%, 64=0.0%, >=64=0.0%
     issued rwt: total=0,1288809562,0, short=0,0,0, dropped=0,0,0
     latency   : target=0, window=0, percentile=100.00%, depth=4
job2: (groupid=0, jobs=1): err= 0: pid=32757: Mon Jun 26 15:19:14 2017
  write: IOPS=165k, BW=644MiB/s (676MB/s)(4531GiB/7200001msec)
    slat (usec): min=1, max=150, avg= 2.10, stdev= 1.20
    clat (usec): min=0, max=11556, avg=21.55, stdev=41.19
     lat (usec): min=7, max=11558, avg=23.69, stdev=41.20
    clat percentiles (usec):
     |  1.00th=[    7],  5.00th=[    8], 10.00th=[    8], 20.00th=[   11],
     | 30.00th=[   14], 40.00th=[   16], 50.00th=[   17], 60.00th=[   19],
     | 70.00th=[   22], 80.00th=[   26], 90.00th=[   34], 95.00th=[   46],
     | 99.00th=[   83], 99.50th=[  112], 99.90th=[  366], 99.95th=[  628],
     | 99.99th=[ 1480]
    lat (usec) : 2=0.01%, 4=0.01%, 10=14.64%, 20=49.00%, 50=32.07%
    lat (usec) : 100=3.67%, 250=0.46%, 500=0.10%, 750=0.03%, 1000=0.01%
    lat (msec) : 2=0.02%, 4=0.01%, 10=0.01%, 20=0.01%
  cpu          : usr=18.47%, sys=46.52%, ctx=259698171, majf=0, minf=92553
  IO depths    : 1=0.1%, 2=0.1%, 4=100.0%, 8=0.0%, 16=0.0%, 32=0.0%, >=64=0.0%
     submit    : 0=0.0%, 4=100.0%, 8=0.0%, 16=0.0%, 32=0.0%, 64=0.0%, >=64=0.0%
     complete  : 0=0.0%, 4=100.0%, 8=0.0%, 16=0.0%, 32=0.0%, 64=0.0%, >=64=0.0%
     issued rwt: total=0,1187699478,0, short=0,0,0, dropped=0,0,0
     latency   : target=0, window=0, percentile=100.00%, depth=4
job3: (groupid=0, jobs=1): err= 0: pid=32758: Mon Jun 26 15:19:14 2017
  write: IOPS=180k, BW=702MiB/s (736MB/s)(4933GiB/7200001msec)
    slat (usec): min=0, max=436, avg= 1.55, stdev= 0.96
    clat (usec): min=0, max=10602, avg=20.19, stdev=40.99
     lat (usec): min=8, max=10604, avg=21.78, stdev=41.00
    clat percentiles (usec):
     |  1.00th=[    8],  5.00th=[    8], 10.00th=[    9], 20.00th=[   10],
     | 30.00th=[   12], 40.00th=[   13], 50.00th=[   14], 60.00th=[   16],
     | 70.00th=[   20], 80.00th=[   25], 90.00th=[   33], 95.00th=[   46],
     | 99.00th=[   87], 99.50th=[  123], 99.90th=[  382], 99.95th=[  612],
     | 99.99th=[ 1448]
    lat (usec) : 2=0.01%, 4=0.01%, 10=15.73%, 20=53.91%, 50=26.07%
    lat (usec) : 100=3.57%, 250=0.54%, 500=0.11%, 750=0.03%, 1000=0.01%
    lat (msec) : 2=0.02%, 4=0.01%, 10=0.01%, 20=0.01%
  cpu          : usr=15.78%, sys=38.47%, ctx=389988684, majf=0, minf=218492
  IO depths    : 1=0.1%, 2=0.1%, 4=100.0%, 8=0.0%, 16=0.0%, 32=0.0%, >=64=0.0%
     submit    : 0=0.0%, 4=100.0%, 8=0.0%, 16=0.0%, 32=0.0%, 64=0.0%, >=64=0.0%
     complete  : 0=0.0%, 4=100.0%, 8=0.0%, 16=0.0%, 32=0.0%, 64=0.0%, >=64=0.0%
     issued rwt: total=0,1293183184,0, short=0,0,0, dropped=0,0,0
     latency   : target=0, window=0, percentile=100.00%, depth=4

Run status group 0 (all jobs):
  WRITE: bw=2045MiB/s (2145MB/s), 644MiB/s-702MiB/s (676MB/s-736MB/s), io=14.5TiB (15.5TB), run=7200001-7200001msec

Disk stats (read/write):
  nvme7n1: ios=0/1288762960, merge=0/0, ticks=0/21811781, in_queue=21744616, util=97.31%
  nvme8n1: ios=0/1187656630, merge=0/0, ticks=0/19269068, in_queue=19171358, util=91.36%
  nvme9n1: ios=0/1293136622, merge=0/0, ticks=0/21801348, in_queue=21731482, util=97.42%
job1: (g=0): rw=randwrite, bs=4096B-4096B,4096B-4096B,4096B-4096B, ioengine=libaio, iodepth=128
job2: (g=0): rw=randwrite, bs=4096B-4096B,4096B-4096B,4096B-4096B, ioengine=libaio, iodepth=128
job3: (g=0): rw=randwrite, bs=4096B-4096B,4096B-4096B,4096B-4096B, ioengine=libaio, iodepth=128
fio-2.18
Starting 3 threads

job1: (groupid=0, jobs=1): err= 0: pid=33914: Mon Jun 26 17:19:12 2017
  write: IOPS=194k, BW=757MiB/s (794MB/s)(5323GiB/7200002msec)
    slat (usec): min=1, max=899, avg= 1.88, stdev= 1.34
    clat (usec): min=0, max=16575, avg=658.03, stdev=682.58
     lat (usec): min=8, max=16577, avg=659.96, stdev=682.56
    clat percentiles (usec):
     |  1.00th=[   11],  5.00th=[   28], 10.00th=[   59], 20.00th=[  227],
     | 30.00th=[  338], 40.00th=[  358], 50.00th=[  422], 60.00th=[  540],
     | 70.00th=[  708], 80.00th=[  932], 90.00th=[ 1480], 95.00th=[ 2192],
     | 99.00th=[ 3216], 99.50th=[ 3504], 99.90th=[ 4256], 99.95th=[ 5408],
     | 99.99th=[ 8512]
    lat (usec) : 2=0.01%, 4=0.01%, 10=0.62%, 20=2.26%, 50=5.87%
    lat (usec) : 100=5.11%, 250=7.01%, 500=35.98%, 750=15.27%, 1000=10.01%
    lat (msec) : 2=11.76%, 4=5.96%, 10=0.15%, 20=0.01%
  cpu          : usr=16.33%, sys=40.42%, ctx=39234482, majf=0, minf=94657
  IO depths    : 1=0.1%, 2=0.1%, 4=0.1%, 8=0.1%, 16=0.1%, 32=0.1%, >=64=100.0%
     submit    : 0=0.0%, 4=100.0%, 8=0.0%, 16=0.0%, 32=0.0%, 64=0.0%, >=64=0.0%
     complete  : 0=0.0%, 4=100.0%, 8=0.0%, 16=0.0%, 32=0.0%, 64=0.0%, >=64=0.1%
     issued rwt: total=0,1395315054,0, short=0,0,0, dropped=0,0,0
     latency   : target=0, window=0, percentile=100.00%, depth=128
job2: (groupid=0, jobs=1): err= 0: pid=33915: Mon Jun 26 17:19:12 2017
  write: IOPS=194k, BW=757MiB/s (794MB/s)(5325GiB/7200002msec)
    slat (usec): min=0, max=843, avg= 2.73, stdev= 2.07
    clat (usec): min=0, max=15217, avg=656.91, stdev=570.08
     lat (usec): min=7, max=15219, avg=659.68, stdev=570.03
    clat percentiles (usec):
     |  1.00th=[   15],  5.00th=[   55], 10.00th=[  350], 20.00th=[  410],
     | 30.00th=[  422], 40.00th=[  434], 50.00th=[  470], 60.00th=[  556],
     | 70.00th=[  644], 80.00th=[  772], 90.00th=[ 1176], 95.00th=[ 1864],
     | 99.00th=[ 3056], 99.50th=[ 3376], 99.90th=[ 4128], 99.95th=[ 5152],
     | 99.99th=[ 8384]
    lat (usec) : 2=0.01%, 4=0.01%, 10=0.10%, 20=1.37%, 50=3.12%
    lat (usec) : 100=2.63%, 250=1.75%, 500=43.13%, 750=26.71%, 1000=8.40%
    lat (msec) : 2=8.39%, 4=4.28%, 10=0.12%, 20=0.01%
  cpu          : usr=14.86%, sys=57.44%, ctx=20432269, majf=0, minf=128022
  IO depths    : 1=0.1%, 2=0.1%, 4=0.1%, 8=0.1%, 16=0.1%, 32=0.1%, >=64=100.0%
     submit    : 0=0.0%, 4=100.0%, 8=0.0%, 16=0.0%, 32=0.0%, 64=0.0%, >=64=0.0%
     complete  : 0=0.0%, 4=100.0%, 8=0.0%, 16=0.0%, 32=0.0%, 64=0.0%, >=64=0.1%
     issued rwt: total=0,1396037994,0, short=0,0,0, dropped=0,0,0
     latency   : target=0, window=0, percentile=100.00%, depth=128
job3: (groupid=0, jobs=1): err= 0: pid=33916: Mon Jun 26 17:19:12 2017
  write: IOPS=194k, BW=757MiB/s (794MB/s)(5325GiB/7200001msec)
    slat (usec): min=1, max=694, avg= 1.89, stdev= 1.36
    clat (usec): min=0, max=15285, avg=657.77, stdev=684.36
     lat (usec): min=8, max=15286, avg=659.69, stdev=684.34
    clat percentiles (usec):
     |  1.00th=[   11],  5.00th=[   27], 10.00th=[   54], 20.00th=[  183],
     | 30.00th=[  326], 40.00th=[  354], 50.00th=[  450], 60.00th=[  548],
     | 70.00th=[  716], 80.00th=[  940], 90.00th=[ 1480], 95.00th=[ 2192],
     | 99.00th=[ 3216], 99.50th=[ 3504], 99.90th=[ 4256], 99.95th=[ 5408],
     | 99.99th=[ 8384]
    lat (usec) : 2=0.01%, 4=0.01%, 10=0.65%, 20=2.39%, 50=6.27%
    lat (usec) : 100=5.59%, 250=7.95%, 500=32.68%, 750=16.23%, 1000=10.17%
    lat (msec) : 2=11.94%, 4=5.98%, 10=0.15%, 20=0.01%
  cpu          : usr=15.88%, sys=39.83%, ctx=41492108, majf=0, minf=171040
  IO depths    : 1=0.1%, 2=0.1%, 4=0.1%, 8=0.1%, 16=0.1%, 32=0.1%, >=64=100.0%
     submit    : 0=0.0%, 4=100.0%, 8=0.0%, 16=0.0%, 32=0.0%, 64=0.0%, >=64=0.0%
     complete  : 0=0.0%, 4=100.0%, 8=0.0%, 16=0.0%, 32=0.0%, 64=0.0%, >=64=0.1%
     issued rwt: total=0,1395871191,0, short=0,0,0, dropped=0,0,0
     latency   : target=0, window=0, percentile=100.00%, depth=128

Run status group 0 (all jobs):
  WRITE: bw=2272MiB/s (2382MB/s), 757MiB/s-757MiB/s (794MB/s-794MB/s), io=15.7TiB (17.2TB), run=7200001-7200002msec

Disk stats (read/write):
  nvme7n1: ios=0/1395282935, merge=0/0, ticks=0/715036288, in_queue=715137943, util=99.99%
  nvme8n1: ios=0/1396012099, merge=0/0, ticks=0/479995796, in_queue=480418261, util=100.00%
  nvme9n1: ios=0/1395840837, merge=0/0, ticks=0/733614605, in_queue=733772460, util=99.94%
