job0: (g=0): rw=write, bs=128KiB-128KiB,128KiB-128KiB,128KiB-128KiB, ioengine=libaio, iodepth=1
job1: (g=0): rw=write, bs=128KiB-128KiB,128KiB-128KiB,128KiB-128KiB, ioengine=libaio, iodepth=1
job2: (g=0): rw=write, bs=128KiB-128KiB,128KiB-128KiB,128KiB-128KiB, ioengine=libaio, iodepth=1
job3: (g=0): rw=write, bs=128KiB-128KiB,128KiB-128KiB,128KiB-128KiB, ioengine=libaio, iodepth=1
job4: (g=0): rw=write, bs=128KiB-128KiB,128KiB-128KiB,128KiB-128KiB, ioengine=libaio, iodepth=1
job5: (g=0): rw=write, bs=128KiB-128KiB,128KiB-128KiB,128KiB-128KiB, ioengine=libaio, iodepth=1
job6: (g=0): rw=write, bs=128KiB-128KiB,128KiB-128KiB,128KiB-128KiB, ioengine=libaio, iodepth=1
job7: (g=0): rw=write, bs=128KiB-128KiB,128KiB-128KiB,128KiB-128KiB, ioengine=libaio, iodepth=1
job8: (g=0): rw=write, bs=128KiB-128KiB,128KiB-128KiB,128KiB-128KiB, ioengine=libaio, iodepth=1
job9: (g=0): rw=write, bs=128KiB-128KiB,128KiB-128KiB,128KiB-128KiB, ioengine=libaio, iodepth=1
job10: (g=0): rw=write, bs=128KiB-128KiB,128KiB-128KiB,128KiB-128KiB, ioengine=libaio, iodepth=1
job11: (g=0): rw=write, bs=128KiB-128KiB,128KiB-128KiB,128KiB-128KiB, ioengine=libaio, iodepth=1
job12: (g=0): rw=write, bs=128KiB-128KiB,128KiB-128KiB,128KiB-128KiB, ioengine=libaio, iodepth=1
job13: (g=0): rw=write, bs=128KiB-128KiB,128KiB-128KiB,128KiB-128KiB, ioengine=libaio, iodepth=1
job14: (g=0): rw=write, bs=128KiB-128KiB,128KiB-128KiB,128KiB-128KiB, ioengine=libaio, iodepth=1
job15: (g=0): rw=write, bs=128KiB-128KiB,128KiB-128KiB,128KiB-128KiB, ioengine=libaio, iodepth=1
fio-2.18
Starting 16 threads

job0: (groupid=0, jobs=1): err= 0: pid=41384: Fri Jun 16 13:58:58 2017
  write: IOPS=9151, BW=1144MiB/s (1200MB/s)(8044GiB/7200001msec)
    slat (usec): min=5, max=521, avg=10.28, stdev= 3.45
    clat (usec): min=25, max=13976, avg=98.32, stdev=68.18
     lat (usec): min=58, max=13984, avg=108.66, stdev=68.29
    clat percentiles (usec):
     |  1.00th=[   76],  5.00th=[   84], 10.00th=[   88], 20.00th=[   92],
     | 30.00th=[   94], 40.00th=[   96], 50.00th=[   98], 60.00th=[  100],
     | 70.00th=[  101], 80.00th=[  103], 90.00th=[  106], 95.00th=[  108],
     | 99.00th=[  117], 99.50th=[  123], 99.90th=[  143], 99.95th=[  161],
     | 99.99th=[ 5792]
    lat (usec) : 50=0.01%, 100=58.61%, 250=41.35%, 500=0.01%, 750=0.01%
    lat (usec) : 1000=0.01%
    lat (msec) : 2=0.01%, 4=0.01%, 10=0.01%, 20=0.01%
  cpu          : usr=3.36%, sys=9.60%, ctx=65892939, majf=0, minf=4802
  IO depths    : 1=100.0%, 2=0.0%, 4=0.0%, 8=0.0%, 16=0.0%, 32=0.0%, >=64=0.0%
     submit    : 0=0.0%, 4=100.0%, 8=0.0%, 16=0.0%, 32=0.0%, 64=0.0%, >=64=0.0%
     complete  : 0=0.0%, 4=100.0%, 8=0.0%, 16=0.0%, 32=0.0%, 64=0.0%, >=64=0.0%
     issued rwt: total=0,65892705,0, short=0,0,0, dropped=0,0,0
     latency   : target=0, window=0, percentile=100.00%, depth=1
job1: (groupid=0, jobs=1): err= 0: pid=41385: Fri Jun 16 13:58:58 2017
  write: IOPS=8449, BW=1056MiB/s (1107MB/s)(7426GiB/7200001msec)
    slat (usec): min=6, max=304, avg=13.51, stdev= 4.47
    clat (usec): min=2, max=15563, avg=103.98, stdev=66.14
     lat (usec): min=61, max=15574, avg=117.56, stdev=66.41
    clat percentiles (usec):
     |  1.00th=[   81],  5.00th=[   89], 10.00th=[   92], 20.00th=[   96],
     | 30.00th=[   99], 40.00th=[  101], 50.00th=[  102], 60.00th=[  104],
     | 70.00th=[  106], 80.00th=[  108], 90.00th=[  115], 95.00th=[  124],
     | 99.00th=[  141], 99.50th=[  149], 99.90th=[  161], 99.95th=[  167],
     | 99.99th=[ 1688]
    lat (usec) : 4=0.01%, 20=0.01%, 50=0.01%, 100=34.00%, 250=65.98%
    lat (usec) : 500=0.01%, 750=0.01%, 1000=0.01%
    lat (msec) : 2=0.01%, 4=0.01%, 10=0.01%, 20=0.01%
  cpu          : usr=3.33%, sys=13.00%, ctx=60836801, majf=0, minf=4813
  IO depths    : 1=100.0%, 2=0.0%, 4=0.0%, 8=0.0%, 16=0.0%, 32=0.0%, >=64=0.0%
     submit    : 0=0.0%, 4=100.0%, 8=0.0%, 16=0.0%, 32=0.0%, 64=0.0%, >=64=0.0%
     complete  : 0=0.0%, 4=100.0%, 8=0.0%, 16=0.0%, 32=0.0%, 64=0.0%, >=64=0.0%
     issued rwt: total=0,60836394,0, short=0,0,0, dropped=0,0,0
     latency   : target=0, window=0, percentile=100.00%, depth=1
job2: (groupid=0, jobs=1): err= 0: pid=41402: Fri Jun 16 13:58:58 2017
  write: IOPS=8937, BW=1117MiB/s (1172MB/s)(7856GiB/7200001msec)
    slat (usec): min=5, max=515, avg=11.34, stdev= 3.82
    clat (usec): min=0, max=10940, avg=99.83, stdev=69.65
     lat (usec): min=58, max=10947, avg=111.24, stdev=69.76
    clat percentiles (usec):
     |  1.00th=[   78],  5.00th=[   86], 10.00th=[   89], 20.00th=[   93],
     | 30.00th=[   96], 40.00th=[   98], 50.00th=[   99], 60.00th=[  101],
     | 70.00th=[  103], 80.00th=[  104], 90.00th=[  107], 95.00th=[  111],
     | 99.00th=[  123], 99.50th=[  131], 99.90th=[  145], 99.95th=[  159],
     | 99.99th=[ 5728]
    lat (usec) : 2=0.01%, 4=0.01%, 10=0.01%, 20=0.01%, 50=0.01%
    lat (usec) : 100=50.20%, 250=49.77%, 500=0.01%, 750=0.01%, 1000=0.01%
    lat (msec) : 2=0.01%, 4=0.01%, 10=0.01%, 20=0.01%
  cpu          : usr=3.29%, sys=11.05%, ctx=64353295, majf=0, minf=4789
  IO depths    : 1=100.0%, 2=0.0%, 4=0.0%, 8=0.0%, 16=0.0%, 32=0.0%, >=64=0.0%
     submit    : 0=0.0%, 4=100.0%, 8=0.0%, 16=0.0%, 32=0.0%, 64=0.0%, >=64=0.0%
     complete  : 0=0.0%, 4=100.0%, 8=0.0%, 16=0.0%, 32=0.0%, 64=0.0%, >=64=0.0%
     issued rwt: total=0,64352630,0, short=0,0,0, dropped=0,0,0
     latency   : target=0, window=0, percentile=100.00%, depth=1
job3: (groupid=0, jobs=1): err= 0: pid=41403: Fri Jun 16 13:58:58 2017
  write: IOPS=8660, BW=1083MiB/s (1135MB/s)(7612GiB/7200001msec)
    slat (usec): min=6, max=724, avg=13.20, stdev= 3.89
    clat (usec): min=1, max=17349, avg=101.38, stdev=68.54
     lat (usec): min=63, max=17360, avg=114.67, stdev=68.62
    clat percentiles (usec):
     |  1.00th=[   79],  5.00th=[   87], 10.00th=[   91], 20.00th=[   95],
     | 30.00th=[   97], 40.00th=[   99], 50.00th=[  101], 60.00th=[  103],
     | 70.00th=[  104], 80.00th=[  106], 90.00th=[  109], 95.00th=[  112],
     | 99.00th=[  121], 99.50th=[  127], 99.90th=[  147], 99.95th=[  163],
     | 99.99th=[ 5792]
    lat (usec) : 2=0.01%, 4=0.01%, 10=0.01%, 20=0.01%, 50=0.01%
    lat (usec) : 100=40.18%, 250=59.79%, 500=0.01%, 750=0.01%, 1000=0.01%
    lat (msec) : 2=0.01%, 4=0.01%, 10=0.01%, 20=0.01%
  cpu          : usr=3.64%, sys=12.53%, ctx=62357830, majf=0, minf=4806
  IO depths    : 1=100.0%, 2=0.0%, 4=0.0%, 8=0.0%, 16=0.0%, 32=0.0%, >=64=0.0%
     submit    : 0=0.0%, 4=100.0%, 8=0.0%, 16=0.0%, 32=0.0%, 64=0.0%, >=64=0.0%
     complete  : 0=0.0%, 4=100.0%, 8=0.0%, 16=0.0%, 32=0.0%, 64=0.0%, >=64=0.0%
     issued rwt: total=0,62357337,0, short=0,0,0, dropped=0,0,0
     latency   : target=0, window=0, percentile=100.00%, depth=1
job4: (groupid=0, jobs=1): err= 0: pid=41404: Fri Jun 16 13:58:58 2017
  write: IOPS=8878, BW=1110MiB/s (1164MB/s)(7804GiB/7200001msec)
    slat (usec): min=5, max=567, avg=11.49, stdev= 3.88
    clat (usec): min=2, max=14268, avg=100.46, stdev=67.45
     lat (usec): min=58, max=14278, avg=112.01, stdev=67.54
    clat percentiles (usec):
     |  1.00th=[   78],  5.00th=[   86], 10.00th=[   90], 20.00th=[   94],
     | 30.00th=[   96], 40.00th=[   98], 50.00th=[  100], 60.00th=[  102],
     | 70.00th=[  103], 80.00th=[  105], 90.00th=[  108], 95.00th=[  111],
     | 99.00th=[  125], 99.50th=[  135], 99.90th=[  149], 99.95th=[  159],
     | 99.99th=[ 2320]
    lat (usec) : 4=0.01%, 50=0.01%, 100=46.24%, 250=53.73%, 500=0.01%
    lat (usec) : 750=0.01%, 1000=0.01%
    lat (msec) : 2=0.01%, 4=0.01%, 10=0.01%, 20=0.01%
  cpu          : usr=3.06%, sys=11.41%, ctx=63927894, majf=0, minf=4770
  IO depths    : 1=100.0%, 2=0.0%, 4=0.0%, 8=0.0%, 16=0.0%, 32=0.0%, >=64=0.0%
     submit    : 0=0.0%, 4=100.0%, 8=0.0%, 16=0.0%, 32=0.0%, 64=0.0%, >=64=0.0%
     complete  : 0=0.0%, 4=100.0%, 8=0.0%, 16=0.0%, 32=0.0%, 64=0.0%, >=64=0.0%
     issued rwt: total=0,63927575,0, short=0,0,0, dropped=0,0,0
     latency   : target=0, window=0, percentile=100.00%, depth=1
job5: (groupid=0, jobs=1): err= 0: pid=41405: Fri Jun 16 13:58:58 2017
  write: IOPS=8514, BW=1064MiB/s (1116MB/s)(7484GiB/7200001msec)
    slat (usec): min=6, max=773, avg=13.76, stdev= 4.64
    clat (usec): min=1, max=10422, avg=102.82, stdev=68.53
     lat (usec): min=64, max=10432, avg=116.68, stdev=68.73
    clat percentiles (usec):
     |  1.00th=[   80],  5.00th=[   88], 10.00th=[   92], 20.00th=[   96],
     | 30.00th=[   98], 40.00th=[  100], 50.00th=[  102], 60.00th=[  103],
     | 70.00th=[  105], 80.00th=[  107], 90.00th=[  111], 95.00th=[  118],
     | 99.00th=[  143], 99.50th=[  149], 99.90th=[  161], 99.95th=[  169],
     | 99.99th=[ 5728]
    lat (usec) : 2=0.01%, 4=0.01%, 20=0.01%, 50=0.01%, 100=37.03%
    lat (usec) : 250=62.94%, 500=0.01%, 750=0.01%, 1000=0.01%
    lat (msec) : 2=0.01%, 4=0.01%, 10=0.01%, 20=0.01%
  cpu          : usr=3.26%, sys=13.35%, ctx=61306924, majf=0, minf=4782
  IO depths    : 1=100.0%, 2=0.0%, 4=0.0%, 8=0.0%, 16=0.0%, 32=0.0%, >=64=0.0%
     submit    : 0=0.0%, 4=100.0%, 8=0.0%, 16=0.0%, 32=0.0%, 64=0.0%, >=64=0.0%
     complete  : 0=0.0%, 4=100.0%, 8=0.0%, 16=0.0%, 32=0.0%, 64=0.0%, >=64=0.0%
     issued rwt: total=0,61306469,0, short=0,0,0, dropped=0,0,0
     latency   : target=0, window=0, percentile=100.00%, depth=1
job6: (groupid=0, jobs=1): err= 0: pid=41406: Fri Jun 16 13:58:58 2017
  write: IOPS=8973, BW=1122MiB/s (1176MB/s)(7887GiB/7200001msec)
    slat (usec): min=5, max=499, avg=11.64, stdev= 3.84
    clat (usec): min=1, max=11332, avg=99.09, stdev=50.98
     lat (usec): min=57, max=11340, avg=110.80, stdev=51.15
    clat percentiles (usec):
     |  1.00th=[   77],  5.00th=[   85], 10.00th=[   89], 20.00th=[   93],
     | 30.00th=[   96], 40.00th=[   98], 50.00th=[   99], 60.00th=[  101],
     | 70.00th=[  102], 80.00th=[  104], 90.00th=[  107], 95.00th=[  110],
     | 99.00th=[  118], 99.50th=[  124], 99.90th=[  143], 99.95th=[  151],
     | 99.99th=[  900]
    lat (usec) : 2=0.01%, 4=0.01%, 20=0.01%, 50=0.01%, 100=51.65%
    lat (usec) : 250=48.33%, 500=0.01%, 750=0.01%, 1000=0.01%
    lat (msec) : 2=0.01%, 4=0.01%, 10=0.01%, 20=0.01%
  cpu          : usr=3.30%, sys=11.06%, ctx=64607143, majf=0, minf=4766
  IO depths    : 1=100.0%, 2=0.0%, 4=0.0%, 8=0.0%, 16=0.0%, 32=0.0%, >=64=0.0%
     submit    : 0=0.0%, 4=100.0%, 8=0.0%, 16=0.0%, 32=0.0%, 64=0.0%, >=64=0.0%
     complete  : 0=0.0%, 4=100.0%, 8=0.0%, 16=0.0%, 32=0.0%, 64=0.0%, >=64=0.0%
     issued rwt: total=0,64606429,0, short=0,0,0, dropped=0,0,0
     latency   : target=0, window=0, percentile=100.00%, depth=1
job7: (groupid=0, jobs=1): err= 0: pid=41407: Fri Jun 16 13:58:58 2017
  write: IOPS=8766, BW=1096MiB/s (1149MB/s)(7705GiB/7200001msec)
    slat (usec): min=6, max=651, avg=12.35, stdev= 3.57
    clat (usec): min=1, max=11103, avg=100.96, stdev=69.45
     lat (usec): min=62, max=11115, avg=113.37, stdev=69.52
    clat percentiles (usec):
     |  1.00th=[   79],  5.00th=[   87], 10.00th=[   91], 20.00th=[   95],
     | 30.00th=[   97], 40.00th=[   99], 50.00th=[  101], 60.00th=[  102],
     | 70.00th=[  104], 80.00th=[  106], 90.00th=[  108], 95.00th=[  111],
     | 99.00th=[  120], 99.50th=[  127], 99.90th=[  151], 99.95th=[  161],
     | 99.99th=[ 5856]
    lat (usec) : 2=0.01%, 4=0.01%, 50=0.01%, 100=42.25%, 250=57.72%
    lat (usec) : 500=0.01%, 750=0.01%, 1000=0.01%
    lat (msec) : 2=0.01%, 4=0.01%, 10=0.01%, 20=0.01%
  cpu          : usr=3.32%, sys=12.18%, ctx=63119092, majf=0, minf=4785
  IO depths    : 1=100.0%, 2=0.0%, 4=0.0%, 8=0.0%, 16=0.0%, 32=0.0%, >=64=0.0%
     submit    : 0=0.0%, 4=100.0%, 8=0.0%, 16=0.0%, 32=0.0%, 64=0.0%, >=64=0.0%
     complete  : 0=0.0%, 4=100.0%, 8=0.0%, 16=0.0%, 32=0.0%, 64=0.0%, >=64=0.0%
     issued rwt: total=0,63118726,0, short=0,0,0, dropped=0,0,0
     latency   : target=0, window=0, percentile=100.00%, depth=1
job8: (groupid=0, jobs=1): err= 0: pid=41408: Fri Jun 16 13:58:58 2017
  write: IOPS=8837, BW=1105MiB/s (1158MB/s)(7768GiB/7200001msec)
    slat (usec): min=5, max=834, avg=11.83, stdev= 4.01
    clat (usec): min=10, max=15421, avg=100.61, stdev=66.89
     lat (usec): min=58, max=15434, avg=112.51, stdev=66.99
    clat percentiles (usec):
     |  1.00th=[   79],  5.00th=[   86], 10.00th=[   90], 20.00th=[   94],
     | 30.00th=[   97], 40.00th=[   99], 50.00th=[  100], 60.00th=[  102],
     | 70.00th=[  103], 80.00th=[  105], 90.00th=[  108], 95.00th=[  112],
     | 99.00th=[  127], 99.50th=[  135], 99.90th=[  149], 99.95th=[  159],
     | 99.99th=[ 1560]
    lat (usec) : 20=0.01%, 50=0.01%, 100=45.59%, 250=54.39%, 500=0.01%
    lat (usec) : 750=0.01%, 1000=0.01%
    lat (msec) : 2=0.01%, 4=0.01%, 10=0.01%, 20=0.01%
  cpu          : usr=3.22%, sys=11.91%, ctx=63633652, majf=0, minf=4805
  IO depths    : 1=100.0%, 2=0.0%, 4=0.0%, 8=0.0%, 16=0.0%, 32=0.0%, >=64=0.0%
     submit    : 0=0.0%, 4=100.0%, 8=0.0%, 16=0.0%, 32=0.0%, 64=0.0%, >=64=0.0%
     complete  : 0=0.0%, 4=100.0%, 8=0.0%, 16=0.0%, 32=0.0%, 64=0.0%, >=64=0.0%
     issued rwt: total=0,63633369,0, short=0,0,0, dropped=0,0,0
     latency   : target=0, window=0, percentile=100.00%, depth=1
job9: (groupid=0, jobs=1): err= 0: pid=41409: Fri Jun 16 13:58:58 2017
  write: IOPS=8097, BW=1012MiB/s (1061MB/s)(7117GiB/7200001msec)
    slat (usec): min=6, max=778, avg=14.44, stdev= 5.10
    clat (usec): min=1, max=13604, avg=107.87, stdev=69.15
     lat (usec): min=64, max=13616, avg=122.42, stdev=69.69
    clat percentiles (usec):
     |  1.00th=[   81],  5.00th=[   89], 10.00th=[   93], 20.00th=[   97],
     | 30.00th=[  100], 40.00th=[  102], 50.00th=[  103], 60.00th=[  105],
     | 70.00th=[  108], 80.00th=[  117], 90.00th=[  129], 95.00th=[  141],
     | 99.00th=[  153], 99.50th=[  157], 99.90th=[  167], 99.95th=[  175],
     | 99.99th=[ 5664]
    lat (usec) : 2=0.01%, 20=0.01%, 50=0.01%, 100=29.40%, 250=70.58%
    lat (usec) : 500=0.01%, 750=0.01%, 1000=0.01%
    lat (msec) : 2=0.01%, 4=0.01%, 10=0.01%, 20=0.01%
  cpu          : usr=3.99%, sys=13.00%, ctx=58302774, majf=0, minf=4795
  IO depths    : 1=100.0%, 2=0.0%, 4=0.0%, 8=0.0%, 16=0.0%, 32=0.0%, >=64=0.0%
     submit    : 0=0.0%, 4=100.0%, 8=0.0%, 16=0.0%, 32=0.0%, 64=0.0%, >=64=0.0%
     complete  : 0=0.0%, 4=100.0%, 8=0.0%, 16=0.0%, 32=0.0%, 64=0.0%, >=64=0.0%
     issued rwt: total=0,58302382,0, short=0,0,0, dropped=0,0,0
     latency   : target=0, window=0, percentile=100.00%, depth=1
job10: (groupid=0, jobs=1): err= 0: pid=41410: Fri Jun 16 13:58:58 2017
  write: IOPS=8697, BW=1087MiB/s (1140MB/s)(7644GiB/7200001msec)
    slat (usec): min=6, max=416, avg=12.95, stdev= 3.77
    clat (usec): min=1, max=13106, avg=101.14, stdev=67.43
     lat (usec): min=62, max=13116, avg=114.15, stdev=67.51
    clat percentiles (usec):
     |  1.00th=[   79],  5.00th=[   87], 10.00th=[   91], 20.00th=[   95],
     | 30.00th=[   97], 40.00th=[   99], 50.00th=[  101], 60.00th=[  102],
     | 70.00th=[  104], 80.00th=[  106], 90.00th=[  109], 95.00th=[  112],
     | 99.00th=[  120], 99.50th=[  126], 99.90th=[  145], 99.95th=[  157],
     | 99.99th=[ 5664]
    lat (usec) : 2=0.01%, 4=0.01%, 20=0.01%, 50=0.01%, 100=41.18%
    lat (usec) : 250=58.79%, 500=0.01%, 750=0.01%, 1000=0.01%
    lat (msec) : 2=0.01%, 4=0.01%, 10=0.01%, 20=0.01%
  cpu          : usr=3.80%, sys=12.22%, ctx=62623719, majf=0, minf=4683
  IO depths    : 1=100.0%, 2=0.0%, 4=0.0%, 8=0.0%, 16=0.0%, 32=0.0%, >=64=0.0%
     submit    : 0=0.0%, 4=100.0%, 8=0.0%, 16=0.0%, 32=0.0%, 64=0.0%, >=64=0.0%
     complete  : 0=0.0%, 4=100.0%, 8=0.0%, 16=0.0%, 32=0.0%, 64=0.0%, >=64=0.0%
     issued rwt: total=0,62623197,0, short=0,0,0, dropped=0,0,0
     latency   : target=0, window=0, percentile=100.00%, depth=1
job11: (groupid=0, jobs=1): err= 0: pid=41411: Fri Jun 16 13:58:58 2017
  write: IOPS=8336, BW=1042MiB/s (1093MB/s)(7327GiB/7200000msec)
    slat (usec): min=6, max=849, avg=14.04, stdev= 5.10
    clat (usec): min=1, max=14129, avg=104.97, stdev=70.26
     lat (usec): min=65, max=14140, avg=119.09, stdev=70.59
    clat percentiles (usec):
     |  1.00th=[   82],  5.00th=[   89], 10.00th=[   93], 20.00th=[   96],
     | 30.00th=[   99], 40.00th=[  101], 50.00th=[  102], 60.00th=[  104],
     | 70.00th=[  106], 80.00th=[  108], 90.00th=[  117], 95.00th=[  131],
     | 99.00th=[  149], 99.50th=[  153], 99.90th=[  165], 99.95th=[  173],
     | 99.99th=[ 5920]
    lat (usec) : 2=0.01%, 4=0.01%, 20=0.01%, 50=0.01%, 100=32.70%
    lat (usec) : 250=67.28%, 500=0.01%, 750=0.01%, 1000=0.01%
    lat (msec) : 2=0.01%, 4=0.01%, 10=0.01%, 20=0.01%
  cpu          : usr=3.37%, sys=13.26%, ctx=60026494, majf=0, minf=4787
  IO depths    : 1=100.0%, 2=0.0%, 4=0.0%, 8=0.0%, 16=0.0%, 32=0.0%, >=64=0.0%
     submit    : 0=0.0%, 4=100.0%, 8=0.0%, 16=0.0%, 32=0.0%, 64=0.0%, >=64=0.0%
     complete  : 0=0.0%, 4=100.0%, 8=0.0%, 16=0.0%, 32=0.0%, 64=0.0%, >=64=0.0%
     issued rwt: total=0,60025783,0, short=0,0,0, dropped=0,0,0
     latency   : target=0, window=0, percentile=100.00%, depth=1
job12: (groupid=0, jobs=1): err= 0: pid=41412: Fri Jun 16 13:58:58 2017
  write: IOPS=12.5k, BW=1560MiB/s (1636MB/s)(10.8TiB/7200002msec)
    slat (usec): min=4, max=518, avg= 9.70, stdev= 3.75
    clat (usec): min=3, max=15547, avg=69.83, stdev=86.13
     lat (usec): min=53, max=15559, avg=79.58, stdev=86.16
    clat percentiles (usec):
     |  1.00th=[   49],  5.00th=[   50], 10.00th=[   50], 20.00th=[   51],
     | 30.00th=[   51], 40.00th=[   52], 50.00th=[   53], 60.00th=[   54],
     | 70.00th=[   61], 80.00th=[   73], 90.00th=[  109], 95.00th=[  137],
     | 99.00th=[  258], 99.50th=[  398], 99.90th=[  724], 99.95th=[  892],
     | 99.99th=[ 2832]
    lat (usec) : 4=0.01%, 10=0.01%, 50=1.30%, 100=86.63%, 250=10.99%
    lat (usec) : 500=0.75%, 750=0.23%, 1000=0.05%
    lat (msec) : 2=0.02%, 4=0.01%, 10=0.01%, 20=0.01%
  cpu          : usr=4.17%, sys=12.42%, ctx=89866482, majf=0, minf=4829
  IO depths    : 1=100.0%, 2=0.0%, 4=0.0%, 8=0.0%, 16=0.0%, 32=0.0%, >=64=0.0%
     submit    : 0=0.0%, 4=100.0%, 8=0.0%, 16=0.0%, 32=0.0%, 64=0.0%, >=64=0.0%
     complete  : 0=0.0%, 4=100.0%, 8=0.0%, 16=0.0%, 32=0.0%, 64=0.0%, >=64=0.0%
     issued rwt: total=0,89866181,0, short=0,0,0, dropped=0,0,0
     latency   : target=0, window=0, percentile=100.00%, depth=1
job13: (groupid=0, jobs=1): err= 0: pid=41413: Fri Jun 16 13:58:58 2017
  write: IOPS=11.7k, BW=1452MiB/s (1523MB/s)(9.10TiB/7200001msec)
    slat (usec): min=6, max=411, avg=13.90, stdev= 6.25
    clat (usec): min=3, max=17996, avg=71.21, stdev=81.36
     lat (usec): min=57, max=18006, avg=85.20, stdev=81.83
    clat percentiles (usec):
     |  1.00th=[   52],  5.00th=[   53], 10.00th=[   53], 20.00th=[   54],
     | 30.00th=[   55], 40.00th=[   55], 50.00th=[   56], 60.00th=[   57],
     | 70.00th=[   66], 80.00th=[   81], 90.00th=[  104], 95.00th=[  123],
     | 99.00th=[  209], 99.50th=[  302], 99.90th=[  588], 99.95th=[  724],
     | 99.99th=[ 5920]
    lat (usec) : 4=0.01%, 10=0.01%, 50=0.01%, 100=87.90%, 250=11.38%
    lat (usec) : 500=0.53%, 750=0.12%, 1000=0.02%
    lat (msec) : 2=0.01%, 4=0.01%, 10=0.01%, 20=0.01%
  cpu          : usr=4.54%, sys=18.64%, ctx=83659859, majf=0, minf=4859
  IO depths    : 1=100.0%, 2=0.0%, 4=0.0%, 8=0.0%, 16=0.0%, 32=0.0%, >=64=0.0%
     submit    : 0=0.0%, 4=100.0%, 8=0.0%, 16=0.0%, 32=0.0%, 64=0.0%, >=64=0.0%
     complete  : 0=0.0%, 4=100.0%, 8=0.0%, 16=0.0%, 32=0.0%, 64=0.0%, >=64=0.0%
     issued rwt: total=0,83659458,0, short=0,0,0, dropped=0,0,0
     latency   : target=0, window=0, percentile=100.00%, depth=1
job14: (groupid=0, jobs=1): err= 0: pid=41414: Fri Jun 16 13:58:58 2017
  write: IOPS=11.7k, BW=1454MiB/s (1525MB/s)(9.11TiB/7200000msec)
    slat (usec): min=6, max=834, avg=14.36, stdev= 6.09
    clat (usec): min=2, max=15261, avg=70.41, stdev=78.70
     lat (usec): min=57, max=15273, avg=84.85, stdev=79.10
    clat percentiles (usec):
     |  1.00th=[   53],  5.00th=[   53], 10.00th=[   54], 20.00th=[   55],
     | 30.00th=[   55], 40.00th=[   56], 50.00th=[   57], 60.00th=[   58],
     | 70.00th=[   65], 80.00th=[   78], 90.00th=[  102], 95.00th=[  120],
     | 99.00th=[  195], 99.50th=[  274], 99.90th=[  548], 99.95th=[  692],
     | 99.99th=[ 5792]
    lat (usec) : 4=0.01%, 10=0.01%, 50=0.03%, 100=89.01%, 250=10.37%
    lat (usec) : 500=0.46%, 750=0.09%, 1000=0.01%
    lat (msec) : 2=0.01%, 4=0.01%, 10=0.01%, 20=0.01%
  cpu          : usr=5.26%, sys=18.88%, ctx=83750138, majf=0, minf=4807
  IO depths    : 1=100.0%, 2=0.0%, 4=0.0%, 8=0.0%, 16=0.0%, 32=0.0%, >=64=0.0%
     submit    : 0=0.0%, 4=100.0%, 8=0.0%, 16=0.0%, 32=0.0%, 64=0.0%, >=64=0.0%
     complete  : 0=0.0%, 4=100.0%, 8=0.0%, 16=0.0%, 32=0.0%, 64=0.0%, >=64=0.0%
     issued rwt: total=0,83749695,0, short=0,0,0, dropped=0,0,0
     latency   : target=0, window=0, percentile=100.00%, depth=1
job15: (groupid=0, jobs=1): err= 0: pid=41415: Fri Jun 16 13:58:58 2017
  write: IOPS=11.9k, BW=1476MiB/s (1547MB/s)(10.2TiB/7200001msec)
    slat (usec): min=6, max=1048, avg=14.05, stdev= 5.89
    clat (usec): min=2, max=13701, avg=69.79, stdev=76.45
     lat (usec): min=57, max=13711, avg=83.92, stdev=76.84
    clat percentiles (usec):
     |  1.00th=[   52],  5.00th=[   53], 10.00th=[   54], 20.00th=[   55],
     | 30.00th=[   55], 40.00th=[   56], 50.00th=[   56], 60.00th=[   57],
     | 70.00th=[   63], 80.00th=[   77], 90.00th=[  100], 95.00th=[  118],
     | 99.00th=[  207], 99.50th=[  298], 99.90th=[  556], 99.95th=[  708],
     | 99.99th=[ 5280]
    lat (usec) : 4=0.01%, 10=0.01%, 20=0.01%, 50=0.03%, 100=89.83%
    lat (usec) : 250=9.43%, 500=0.56%, 750=0.10%, 1000=0.02%
    lat (msec) : 2=0.02%, 4=0.01%, 10=0.01%, 20=0.01%
  cpu          : usr=4.58%, sys=18.76%, ctx=84992192, majf=0, minf=4734
  IO depths    : 1=100.0%, 2=0.0%, 4=0.0%, 8=0.0%, 16=0.0%, 32=0.0%, >=64=0.0%
     submit    : 0=0.0%, 4=100.0%, 8=0.0%, 16=0.0%, 32=0.0%, 64=0.0%, >=64=0.0%
     complete  : 0=0.0%, 4=100.0%, 8=0.0%, 16=0.0%, 32=0.0%, 64=0.0%, >=64=0.0%
     issued rwt: total=0,84991675,0, short=0,0,0, dropped=0,0,0
     latency   : target=0, window=0, percentile=100.00%, depth=1

Run status group 0 (all jobs):
  WRITE: bw=18.6GiB/s (19.1GB/s), 1012MiB/s-1560MiB/s (1061MB/s-1636MB/s), io=130TiB (143TB), run=7200000-7200002msec

Disk stats (read/write):
  nvme0n1: ios=360/65890411, merge=0/0, ticks=85/6430356, in_queue=6423786, util=89.25%
  nvme1n1: ios=302/60834402, merge=0/0, ticks=62/6260468, in_queue=6246477, util=86.79%
  nvme2n1: ios=302/64350479, merge=0/0, ticks=83/6361628, in_queue=6351464, util=88.25%
  nvme3n1: ios=302/62355255, merge=0/0, ticks=65/6251441, in_queue=6237454, util=86.66%
  nvme4n1: ios=302/63925411, merge=0/0, ticks=88/6355510, in_queue=6343935, util=88.14%
  nvme5n1: ios=300/61304357, merge=0/0, ticks=95/6260962, in_queue=6246528, util=86.79%
  nvme6n1: ios=300/64604278, merge=0/0, ticks=74/6363620, in_queue=6353752, util=88.28%
  nvme7n1: ios=300/63116640, merge=0/0, ticks=80/6291220, in_queue=6276974, util=87.22%
  nvme8n1: ios=300/63631272, merge=0/0, ticks=78/6321054, in_queue=6309618, util=87.67%
  nvme9n1: ios=240/58300529, merge=0/0, ticks=64/6197433, in_queue=6184271, util=85.93%
  nvme10n1: ios=302/62621103, merge=0/0, ticks=84/6250657, in_queue=6236531, util=86.66%
  nvme11n1: ios=240/60023665, merge=0/0, ticks=62/6254490, in_queue=6239636, util=86.70%
  nvme12n1: ios=420/89863015, merge=0/0, ticks=195/6223298, in_queue=6216612, util=86.38%
  nvme13n1: ios=360/83656586, merge=0/0, ticks=168/5889669, in_queue=5869349, util=81.56%
  nvme14n1: ios=360/83747220, merge=0/0, ticks=149/5826983, in_queue=5806204, util=80.68%
  nvme15n1: ios=780/84989065, merge=0/0, ticks=300/5883252, in_queue=5862933, util=81.47%
job0: (g=0): rw=randwrite, bs=4096B-4096B,4096B-4096B,4096B-4096B, ioengine=libaio, iodepth=4
job1: (g=0): rw=randwrite, bs=4096B-4096B,4096B-4096B,4096B-4096B, ioengine=libaio, iodepth=4
job2: (g=0): rw=randwrite, bs=4096B-4096B,4096B-4096B,4096B-4096B, ioengine=libaio, iodepth=4
job3: (g=0): rw=randwrite, bs=4096B-4096B,4096B-4096B,4096B-4096B, ioengine=libaio, iodepth=4
job4: (g=0): rw=randwrite, bs=4096B-4096B,4096B-4096B,4096B-4096B, ioengine=libaio, iodepth=4
job5: (g=0): rw=randwrite, bs=4096B-4096B,4096B-4096B,4096B-4096B, ioengine=libaio, iodepth=4
job6: (g=0): rw=randwrite, bs=4096B-4096B,4096B-4096B,4096B-4096B, ioengine=libaio, iodepth=4
job7: (g=0): rw=randwrite, bs=4096B-4096B,4096B-4096B,4096B-4096B, ioengine=libaio, iodepth=4
job8: (g=0): rw=randwrite, bs=4096B-4096B,4096B-4096B,4096B-4096B, ioengine=libaio, iodepth=4
job9: (g=0): rw=randwrite, bs=4096B-4096B,4096B-4096B,4096B-4096B, ioengine=libaio, iodepth=4
job10: (g=0): rw=randwrite, bs=4096B-4096B,4096B-4096B,4096B-4096B, ioengine=libaio, iodepth=4
job11: (g=0): rw=randwrite, bs=4096B-4096B,4096B-4096B,4096B-4096B, ioengine=libaio, iodepth=4
job12: (g=0): rw=randwrite, bs=4096B-4096B,4096B-4096B,4096B-4096B, ioengine=libaio, iodepth=4
job13: (g=0): rw=randwrite, bs=4096B-4096B,4096B-4096B,4096B-4096B, ioengine=libaio, iodepth=4
job14: (g=0): rw=randwrite, bs=4096B-4096B,4096B-4096B,4096B-4096B, ioengine=libaio, iodepth=4
job15: (g=0): rw=randwrite, bs=4096B-4096B,4096B-4096B,4096B-4096B, ioengine=libaio, iodepth=4
fio-2.18
Starting 16 threads

job0: (groupid=0, jobs=1): err= 0: pid=42698: Fri Jun 16 15:58:57 2017
  write: IOPS=150k, BW=585MiB/s (613MB/s)(4110GiB/7200001msec)
    slat (usec): min=1, max=9477, avg= 3.14, stdev= 2.70
    clat (usec): min=0, max=34671, avg=22.92, stdev=37.58
     lat (usec): min=8, max=34876, avg=26.12, stdev=37.99
    clat percentiles (usec):
     |  1.00th=[    9],  5.00th=[   11], 10.00th=[   12], 20.00th=[   13],
     | 30.00th=[   14], 40.00th=[   16], 50.00th=[   18], 60.00th=[   20],
     | 70.00th=[   23], 80.00th=[   28], 90.00th=[   36], 95.00th=[   48],
     | 99.00th=[   83], 99.50th=[  110], 99.90th=[  310], 99.95th=[  498],
     | 99.99th=[ 1240]
    lat (usec) : 2=0.01%, 4=0.01%, 10=1.90%, 20=54.97%, 50=38.57%
    lat (usec) : 100=3.94%, 250=0.48%, 500=0.09%, 750=0.02%, 1000=0.01%
    lat (msec) : 2=0.01%, 4=0.01%, 10=0.01%, 20=0.01%, 50=0.01%
  cpu          : usr=15.41%, sys=63.90%, ctx=137482957, majf=0, minf=47043
  IO depths    : 1=0.1%, 2=0.1%, 4=100.0%, 8=0.0%, 16=0.0%, 32=0.0%, >=64=0.0%
     submit    : 0=0.0%, 4=100.0%, 8=0.0%, 16=0.0%, 32=0.0%, 64=0.0%, >=64=0.0%
     complete  : 0=0.0%, 4=100.0%, 8=0.0%, 16=0.0%, 32=0.0%, 64=0.0%, >=64=0.0%
     issued rwt: total=0,1077443986,0, short=0,0,0, dropped=0,0,0
     latency   : target=0, window=0, percentile=100.00%, depth=4
job1: (groupid=0, jobs=1): err= 0: pid=42699: Fri Jun 16 15:58:57 2017
  write: IOPS=143k, BW=560MiB/s (588MB/s)(3941GiB/7200000msec)
    slat (usec): min=1, max=3149, avg= 3.41, stdev= 3.19
    clat (usec): min=0, max=10662, avg=23.77, stdev=36.76
     lat (usec): min=8, max=12236, avg=27.24, stdev=37.45
    clat percentiles (usec):
     |  1.00th=[    9],  5.00th=[   11], 10.00th=[   12], 20.00th=[   13],
     | 30.00th=[   15], 40.00th=[   17], 50.00th=[   19], 60.00th=[   21],
     | 70.00th=[   24], 80.00th=[   29], 90.00th=[   38], 95.00th=[   49],
     | 99.00th=[   85], 99.50th=[  111], 99.90th=[  298], 99.95th=[  470],
     | 99.99th=[ 1176]
    lat (usec) : 2=0.01%, 4=0.01%, 10=1.55%, 20=51.01%, 50=42.55%
    lat (usec) : 100=4.23%, 250=0.52%, 500=0.08%, 750=0.02%, 1000=0.01%
    lat (msec) : 2=0.01%, 4=0.01%, 10=0.01%, 20=0.01%
  cpu          : usr=15.23%, sys=66.55%, ctx=119947532, majf=0, minf=47017
  IO depths    : 1=0.1%, 2=0.1%, 4=100.0%, 8=0.0%, 16=0.0%, 32=0.0%, >=64=0.0%
     submit    : 0=0.0%, 4=100.0%, 8=0.0%, 16=0.0%, 32=0.0%, 64=0.0%, >=64=0.0%
     complete  : 0=0.0%, 4=100.0%, 8=0.0%, 16=0.0%, 32=0.0%, 64=0.0%, >=64=0.0%
     issued rwt: total=0,1033034019,0, short=0,0,0, dropped=0,0,0
     latency   : target=0, window=0, percentile=100.00%, depth=4
job2: (groupid=0, jobs=1): err= 0: pid=42700: Fri Jun 16 15:58:57 2017
  write: IOPS=147k, BW=573MiB/s (600MB/s)(4026GiB/7200001msec)
    slat (usec): min=1, max=3888, avg= 3.28, stdev= 2.98
    clat (usec): min=0, max=17394, avg=23.32, stdev=37.95
     lat (usec): min=8, max=17398, avg=26.66, stdev=38.51
    clat percentiles (usec):
     |  1.00th=[    9],  5.00th=[   11], 10.00th=[   12], 20.00th=[   13],
     | 30.00th=[   14], 40.00th=[   16], 50.00th=[   18], 60.00th=[   21],
     | 70.00th=[   24], 80.00th=[   29], 90.00th=[   37], 95.00th=[   48],
     | 99.00th=[   84], 99.50th=[  110], 99.90th=[  306], 99.95th=[  502],
     | 99.99th=[ 1256]
    lat (usec) : 2=0.01%, 4=0.01%, 10=1.62%, 20=53.37%, 50=40.37%
    lat (usec) : 100=4.01%, 250=0.49%, 500=0.08%, 750=0.02%, 1000=0.01%
    lat (msec) : 2=0.01%, 4=0.01%, 10=0.01%, 20=0.01%
  cpu          : usr=15.46%, sys=64.58%, ctx=135565020, majf=0, minf=47020
  IO depths    : 1=0.1%, 2=0.1%, 4=100.0%, 8=0.0%, 16=0.0%, 32=0.0%, >=64=0.0%
     submit    : 0=0.0%, 4=100.0%, 8=0.0%, 16=0.0%, 32=0.0%, 64=0.0%, >=64=0.0%
     complete  : 0=0.0%, 4=100.0%, 8=0.0%, 16=0.0%, 32=0.0%, 64=0.0%, >=64=0.0%
     issued rwt: total=0,1055290115,0, short=0,0,0, dropped=0,0,0
     latency   : target=0, window=0, percentile=100.00%, depth=4
job3: (groupid=0, jobs=1): err= 0: pid=42701: Fri Jun 16 15:58:57 2017
  write: IOPS=136k, BW=531MiB/s (557MB/s)(3736GiB/7200001msec)
    slat (usec): min=1, max=2965, avg= 3.89, stdev= 3.75
    clat (usec): min=0, max=10776, avg=24.83, stdev=37.53
     lat (usec): min=8, max=10779, avg=28.78, stdev=38.57
    clat percentiles (usec):
     |  1.00th=[   10],  5.00th=[   12], 10.00th=[   13], 20.00th=[   14],
     | 30.00th=[   15], 40.00th=[   18], 50.00th=[   20], 60.00th=[   22],
     | 70.00th=[   26], 80.00th=[   31], 90.00th=[   39], 95.00th=[   51],
     | 99.00th=[   90], 99.50th=[  119], 99.90th=[  302], 99.95th=[  478],
     | 99.99th=[ 1224]
    lat (usec) : 2=0.01%, 4=0.01%, 10=0.93%, 20=47.87%, 50=45.88%
    lat (usec) : 100=4.54%, 250=0.64%, 500=0.08%, 750=0.02%, 1000=0.01%
    lat (msec) : 2=0.01%, 4=0.01%, 10=0.01%, 20=0.01%
  cpu          : usr=13.96%, sys=71.15%, ctx=92437919, majf=0, minf=46890
  IO depths    : 1=0.1%, 2=0.1%, 4=100.0%, 8=0.0%, 16=0.0%, 32=0.0%, >=64=0.0%
     submit    : 0=0.0%, 4=100.0%, 8=0.0%, 16=0.0%, 32=0.0%, 64=0.0%, >=64=0.0%
     complete  : 0=0.0%, 4=100.0%, 8=0.0%, 16=0.0%, 32=0.0%, 64=0.0%, >=64=0.0%
     issued rwt: total=0,979286532,0, short=0,0,0, dropped=0,0,0
     latency   : target=0, window=0, percentile=100.00%, depth=4
job4: (groupid=0, jobs=1): err= 0: pid=42702: Fri Jun 16 15:58:57 2017
  write: IOPS=152k, BW=592MiB/s (621MB/s)(4164GiB/7200001msec)
    slat (usec): min=1, max=4782, avg= 2.94, stdev= 2.40
    clat (usec): min=0, max=11763, avg=22.75, stdev=39.27
     lat (usec): min=8, max=12789, avg=25.75, stdev=39.55
    clat percentiles (usec):
     |  1.00th=[    9],  5.00th=[   10], 10.00th=[   11], 20.00th=[   13],
     | 30.00th=[   14], 40.00th=[   16], 50.00th=[   18], 60.00th=[   20],
     | 70.00th=[   23], 80.00th=[   28], 90.00th=[   36], 95.00th=[   47],
     | 99.00th=[   84], 99.50th=[  114], 99.90th=[  342], 99.95th=[  564],
     | 99.99th=[ 1336]
    lat (usec) : 2=0.01%, 4=0.01%, 10=2.00%, 20=56.61%, 50=36.85%
    lat (usec) : 100=3.89%, 250=0.50%, 500=0.09%, 750=0.03%, 1000=0.01%
    lat (msec) : 2=0.02%, 4=0.01%, 10=0.01%, 20=0.01%
  cpu          : usr=16.32%, sys=60.10%, ctx=158146078, majf=0, minf=28326
  IO depths    : 1=0.1%, 2=0.1%, 4=100.0%, 8=0.0%, 16=0.0%, 32=0.0%, >=64=0.0%
     submit    : 0=0.0%, 4=100.0%, 8=0.0%, 16=0.0%, 32=0.0%, 64=0.0%, >=64=0.0%
     complete  : 0=0.0%, 4=100.0%, 8=0.0%, 16=0.0%, 32=0.0%, 64=0.0%, >=64=0.0%
     issued rwt: total=0,1091476557,0, short=0,0,0, dropped=0,0,0
     latency   : target=0, window=0, percentile=100.00%, depth=4
job5: (groupid=0, jobs=1): err= 0: pid=42703: Fri Jun 16 15:58:57 2017
  write: IOPS=134k, BW=525MiB/s (551MB/s)(3693GiB/7200001msec)
    slat (usec): min=1, max=10165, avg= 3.98, stdev= 3.89
    clat (usec): min=0, max=42111, avg=25.10, stdev=38.66
     lat (usec): min=8, max=42619, avg=29.13, stdev=39.86
    clat percentiles (usec):
     |  1.00th=[   10],  5.00th=[   12], 10.00th=[   13], 20.00th=[   15],
     | 30.00th=[   16], 40.00th=[   18], 50.00th=[   20], 60.00th=[   23],
     | 70.00th=[   26], 80.00th=[   31], 90.00th=[   39], 95.00th=[   50],
     | 99.00th=[   87], 99.50th=[  114], 99.90th=[  294], 99.95th=[  478],
     | 99.99th=[ 1288]
    lat (usec) : 2=0.01%, 4=0.01%, 10=0.73%, 20=46.79%, 50=47.27%
    lat (usec) : 100=4.52%, 250=0.57%, 500=0.08%, 750=0.02%, 1000=0.01%
    lat (msec) : 2=0.01%, 4=0.01%, 10=0.01%, 20=0.01%, 50=0.01%
  cpu          : usr=13.68%, sys=72.31%, ctx=84030115, majf=0, minf=46886
  IO depths    : 1=0.1%, 2=0.1%, 4=100.0%, 8=0.0%, 16=0.0%, 32=0.0%, >=64=0.0%
     submit    : 0=0.0%, 4=100.0%, 8=0.0%, 16=0.0%, 32=0.0%, 64=0.0%, >=64=0.0%
     complete  : 0=0.0%, 4=100.0%, 8=0.0%, 16=0.0%, 32=0.0%, 64=0.0%, >=64=0.0%
     issued rwt: total=0,968226006,0, short=0,0,0, dropped=0,0,0
     latency   : target=0, window=0, percentile=100.00%, depth=4
job6: (groupid=0, jobs=1): err= 0: pid=42704: Fri Jun 16 15:58:57 2017
  write: IOPS=154k, BW=602MiB/s (631MB/s)(4233GiB/7200001msec)
    slat (usec): min=1, max=5236, avg= 2.97, stdev= 1.99
    clat (usec): min=0, max=10557, avg=22.39, stdev=37.95
     lat (usec): min=8, max=11682, avg=25.40, stdev=38.16
    clat percentiles (usec):
     |  1.00th=[    9],  5.00th=[   11], 10.00th=[   11], 20.00th=[   12],
     | 30.00th=[   14], 40.00th=[   15], 50.00th=[   17], 60.00th=[   20],
     | 70.00th=[   23], 80.00th=[   27], 90.00th=[   35], 95.00th=[   46],
     | 99.00th=[   82], 99.50th=[  107], 99.90th=[  330], 99.95th=[  540],
     | 99.99th=[ 1272]
    lat (usec) : 2=0.01%, 4=0.01%, 10=1.23%, 20=57.28%, 50=37.22%
    lat (usec) : 100=3.69%, 250=0.44%, 500=0.09%, 750=0.02%, 1000=0.01%
    lat (msec) : 2=0.02%, 4=0.01%, 10=0.01%, 20=0.01%
  cpu          : usr=14.44%, sys=61.85%, ctx=159978529, majf=0, minf=28317
  IO depths    : 1=0.1%, 2=0.1%, 4=100.0%, 8=0.0%, 16=0.0%, 32=0.0%, >=64=0.0%
     submit    : 0=0.0%, 4=100.0%, 8=0.0%, 16=0.0%, 32=0.0%, 64=0.0%, >=64=0.0%
     complete  : 0=0.0%, 4=100.0%, 8=0.0%, 16=0.0%, 32=0.0%, 64=0.0%, >=64=0.0%
     issued rwt: total=0,1109668910,0, short=0,0,0, dropped=0,0,0
     latency   : target=0, window=0, percentile=100.00%, depth=4
job7: (groupid=0, jobs=1): err= 0: pid=42705: Fri Jun 16 15:58:57 2017
  write: IOPS=141k, BW=550MiB/s (577MB/s)(3869GiB/7200001msec)
    slat (usec): min=1, max=8164, avg= 3.66, stdev= 2.85
    clat (usec): min=0, max=10459, avg=24.11, stdev=38.12
     lat (usec): min=8, max=12354, avg=27.82, stdev=38.67
    clat percentiles (usec):
     |  1.00th=[   10],  5.00th=[   12], 10.00th=[   13], 20.00th=[   14],
     | 30.00th=[   15], 40.00th=[   17], 50.00th=[   19], 60.00th=[   22],
     | 70.00th=[   25], 80.00th=[   29], 90.00th=[   37], 95.00th=[   48],
     | 99.00th=[   83], 99.50th=[  111], 99.90th=[  310], 99.95th=[  498],
     | 99.99th=[ 1288]
    lat (usec) : 2=0.01%, 4=0.01%, 10=0.88%, 20=51.01%, 50=43.48%
    lat (usec) : 100=4.00%, 250=0.49%, 500=0.09%, 750=0.02%, 1000=0.01%
    lat (msec) : 2=0.01%, 4=0.01%, 10=0.01%, 20=0.01%
  cpu          : usr=13.33%, sys=70.10%, ctx=100004783, majf=0, minf=46883
  IO depths    : 1=0.1%, 2=0.1%, 4=100.0%, 8=0.0%, 16=0.0%, 32=0.0%, >=64=0.0%
     submit    : 0=0.0%, 4=100.0%, 8=0.0%, 16=0.0%, 32=0.0%, 64=0.0%, >=64=0.0%
     complete  : 0=0.0%, 4=100.0%, 8=0.0%, 16=0.0%, 32=0.0%, 64=0.0%, >=64=0.0%
     issued rwt: total=0,1014349890,0, short=0,0,0, dropped=0,0,0
     latency   : target=0, window=0, percentile=100.00%, depth=4
job8: (groupid=0, jobs=1): err= 0: pid=42706: Fri Jun 16 15:58:57 2017
  write: IOPS=142k, BW=556MiB/s (583MB/s)(3909GiB/7200001msec)
    slat (usec): min=1, max=3111, avg= 3.58, stdev= 2.73
    clat (usec): min=0, max=10792, avg=23.87, stdev=38.22
     lat (usec): min=8, max=10796, avg=27.51, stdev=38.71
    clat percentiles (usec):
     |  1.00th=[   10],  5.00th=[   12], 10.00th=[   13], 20.00th=[   14],
     | 30.00th=[   15], 40.00th=[   17], 50.00th=[   19], 60.00th=[   21],
     | 70.00th=[   24], 80.00th=[   29], 90.00th=[   37], 95.00th=[   48],
     | 99.00th=[   83], 99.50th=[  109], 99.90th=[  306], 99.95th=[  498],
     | 99.99th=[ 1320]
    lat (usec) : 2=0.01%, 4=0.01%, 10=0.99%, 20=50.79%, 50=43.70%
    lat (usec) : 100=3.91%, 250=0.48%, 500=0.08%, 750=0.02%, 1000=0.01%
    lat (msec) : 2=0.02%, 4=0.01%, 10=0.01%, 20=0.01%
  cpu          : usr=14.20%, sys=68.39%, ctx=106833936, majf=0, minf=46902
  IO depths    : 1=0.1%, 2=0.1%, 4=100.0%, 8=0.0%, 16=0.0%, 32=0.0%, >=64=0.0%
     submit    : 0=0.0%, 4=100.0%, 8=0.0%, 16=0.0%, 32=0.0%, 64=0.0%, >=64=0.0%
     complete  : 0=0.0%, 4=100.0%, 8=0.0%, 16=0.0%, 32=0.0%, 64=0.0%, >=64=0.0%
     issued rwt: total=0,1024621952,0, short=0,0,0, dropped=0,0,0
     latency   : target=0, window=0, percentile=100.00%, depth=4
job9: (groupid=0, jobs=1): err= 0: pid=42707: Fri Jun 16 15:58:57 2017
  write: IOPS=152k, BW=594MiB/s (623MB/s)(4178GiB/7200001msec)
    slat (usec): min=1, max=7627, avg= 3.11, stdev= 2.42
    clat (usec): min=0, max=15763, avg=22.56, stdev=38.29
     lat (usec): min=8, max=17026, avg=25.72, stdev=38.60
    clat percentiles (usec):
     |  1.00th=[    9],  5.00th=[   10], 10.00th=[   11], 20.00th=[   12],
     | 30.00th=[   14], 40.00th=[   16], 50.00th=[   18], 60.00th=[   20],
     | 70.00th=[   23], 80.00th=[   27], 90.00th=[   35], 95.00th=[   47],
     | 99.00th=[   83], 99.50th=[  110], 99.90th=[  330], 99.95th=[  540],
     | 99.99th=[ 1272]
    lat (usec) : 2=0.01%, 4=0.01%, 10=2.00%, 20=57.76%, 50=35.84%
    lat (usec) : 100=3.79%, 250=0.47%, 500=0.09%, 750=0.03%, 1000=0.01%
    lat (msec) : 2=0.01%, 4=0.01%, 10=0.01%, 20=0.01%
  cpu          : usr=14.65%, sys=60.95%, ctx=165664993, majf=0, minf=48753
  IO depths    : 1=0.1%, 2=0.1%, 4=100.0%, 8=0.0%, 16=0.0%, 32=0.0%, >=64=0.0%
     submit    : 0=0.0%, 4=100.0%, 8=0.0%, 16=0.0%, 32=0.0%, 64=0.0%, >=64=0.0%
     complete  : 0=0.0%, 4=100.0%, 8=0.0%, 16=0.0%, 32=0.0%, 64=0.0%, >=64=0.0%
     issued rwt: total=0,1095309081,0, short=0,0,0, dropped=0,0,0
     latency   : target=0, window=0, percentile=100.00%, depth=4
job10: (groupid=0, jobs=1): err= 0: pid=42708: Fri Jun 16 15:58:57 2017
  write: IOPS=153k, BW=596MiB/s (625MB/s)(4194GiB/7200001msec)
    slat (usec): min=1, max=12142, avg= 2.98, stdev= 2.51
    clat (usec): min=0, max=34629, avg=22.59, stdev=38.59
     lat (usec): min=8, max=36605, avg=25.61, stdev=38.93
    clat percentiles (usec):
     |  1.00th=[    9],  5.00th=[   10], 10.00th=[   11], 20.00th=[   12],
     | 30.00th=[   14], 40.00th=[   16], 50.00th=[   18], 60.00th=[   20],
     | 70.00th=[   23], 80.00th=[   28], 90.00th=[   36], 95.00th=[   47],
     | 99.00th=[   84], 99.50th=[  111], 99.90th=[  330], 99.95th=[  540],
     | 99.99th=[ 1304]
    lat (usec) : 2=0.01%, 4=0.01%, 10=1.87%, 20=57.18%, 50=36.42%
    lat (usec) : 100=3.90%, 250=0.49%, 500=0.09%, 750=0.02%, 1000=0.01%
    lat (msec) : 2=0.02%, 4=0.01%, 10=0.01%, 20=0.01%, 50=0.01%
  cpu          : usr=15.12%, sys=60.17%, ctx=172917267, majf=0, minf=33467
  IO depths    : 1=0.1%, 2=0.1%, 4=100.0%, 8=0.0%, 16=0.0%, 32=0.0%, >=64=0.0%
     submit    : 0=0.0%, 4=100.0%, 8=0.0%, 16=0.0%, 32=0.0%, 64=0.0%, >=64=0.0%
     complete  : 0=0.0%, 4=100.0%, 8=0.0%, 16=0.0%, 32=0.0%, 64=0.0%, >=64=0.0%
     issued rwt: total=0,1099312182,0, short=0,0,0, dropped=0,0,0
     latency   : target=0, window=0, percentile=100.00%, depth=4
job11: (groupid=0, jobs=1): err= 0: pid=42709: Fri Jun 16 15:58:57 2017
  write: IOPS=156k, BW=611MiB/s (641MB/s)(4297GiB/7200000msec)
    slat (usec): min=1, max=2266, avg= 2.68, stdev= 2.20
    clat (usec): min=0, max=9904, avg=22.24, stdev=40.04
     lat (usec): min=8, max=9906, avg=24.97, stdev=40.26
    clat percentiles (usec):
     |  1.00th=[    9],  5.00th=[   10], 10.00th=[   10], 20.00th=[   12],
     | 30.00th=[   14], 40.00th=[   15], 50.00th=[   17], 60.00th=[   19],
     | 70.00th=[   22], 80.00th=[   27], 90.00th=[   35], 95.00th=[   47],
     | 99.00th=[   84], 99.50th=[  115], 99.90th=[  354], 99.95th=[  588],
     | 99.99th=[ 1368]
    lat (usec) : 2=0.01%, 4=0.01%, 10=4.36%, 20=57.44%, 50=33.68%
    lat (usec) : 100=3.87%, 250=0.49%, 500=0.10%, 750=0.03%, 1000=0.01%
    lat (msec) : 2=0.02%, 4=0.01%, 10=0.01%
  cpu          : usr=16.43%, sys=54.63%, ctx=207454312, majf=0, minf=28487
  IO depths    : 1=0.1%, 2=0.1%, 4=100.0%, 8=0.0%, 16=0.0%, 32=0.0%, >=64=0.0%
     submit    : 0=0.0%, 4=100.0%, 8=0.0%, 16=0.0%, 32=0.0%, 64=0.0%, >=64=0.0%
     complete  : 0=0.0%, 4=100.0%, 8=0.0%, 16=0.0%, 32=0.0%, 64=0.0%, >=64=0.0%
     issued rwt: total=0,1126307464,0, short=0,0,0, dropped=0,0,0
     latency   : target=0, window=0, percentile=100.00%, depth=4
job12: (groupid=0, jobs=1): err= 0: pid=42710: Fri Jun 16 15:58:57 2017
  write: IOPS=166k, BW=648MiB/s (680MB/s)(4560GiB/7200001msec)
    slat (usec): min=1, max=588, avg= 2.32, stdev= 0.83
    clat (usec): min=0, max=11344, avg=21.22, stdev=40.22
     lat (usec): min=8, max=11347, avg=23.58, stdev=40.19
    clat percentiles (usec):
     |  1.00th=[    8],  5.00th=[   10], 10.00th=[   11], 20.00th=[   12],
     | 30.00th=[   13], 40.00th=[   14], 50.00th=[   15], 60.00th=[   17],
     | 70.00th=[   21], 80.00th=[   25], 90.00th=[   33], 95.00th=[   46],
     | 99.00th=[   83], 99.50th=[  113], 99.90th=[  358], 99.95th=[  604],
     | 99.99th=[ 1416]
    lat (usec) : 2=0.01%, 4=0.01%, 10=4.77%, 20=62.64%, 50=28.31%
    lat (usec) : 100=3.65%, 250=0.47%, 500=0.10%, 750=0.03%, 1000=0.01%
    lat (msec) : 2=0.02%, 4=0.01%, 10=0.01%, 20=0.01%
  cpu          : usr=14.62%, sys=56.48%, ctx=178386745, majf=0, minf=29113
  IO depths    : 1=0.1%, 2=0.1%, 4=100.0%, 8=0.0%, 16=0.0%, 32=0.0%, >=64=0.0%
     submit    : 0=0.0%, 4=100.0%, 8=0.0%, 16=0.0%, 32=0.0%, 64=0.0%, >=64=0.0%
     complete  : 0=0.0%, 4=100.0%, 8=0.0%, 16=0.0%, 32=0.0%, 64=0.0%, >=64=0.0%
     issued rwt: total=0,1195259532,0, short=0,0,0, dropped=0,0,0
     latency   : target=0, window=0, percentile=100.00%, depth=4
job13: (groupid=0, jobs=1): err= 0: pid=42711: Fri Jun 16 15:58:57 2017
  write: IOPS=150k, BW=584MiB/s (613MB/s)(4109GiB/7200001msec)
    slat (usec): min=1, max=223, avg= 3.40, stdev= 1.80
    clat (usec): min=0, max=10953, avg=22.72, stdev=36.35
     lat (usec): min=8, max=10958, avg=26.17, stdev=36.51
    clat percentiles (usec):
     |  1.00th=[    9],  5.00th=[   11], 10.00th=[   12], 20.00th=[   13],
     | 30.00th=[   15], 40.00th=[   17], 50.00th=[   18], 60.00th=[   20],
     | 70.00th=[   23], 80.00th=[   28], 90.00th=[   36], 95.00th=[   47],
     | 99.00th=[   77], 99.50th=[   95], 99.90th=[  266], 99.95th=[  450],
     | 99.99th=[ 1160]
    lat (usec) : 2=0.01%, 4=0.01%, 10=1.31%, 20=55.59%, 50=38.83%
    lat (usec) : 100=3.83%, 250=0.34%, 500=0.07%, 750=0.02%, 1000=0.01%
    lat (msec) : 2=0.01%, 4=0.01%, 10=0.01%, 20=0.01%
  cpu          : usr=14.06%, sys=67.17%, ctx=118383779, majf=0, minf=28260
  IO depths    : 1=0.1%, 2=0.1%, 4=100.0%, 8=0.0%, 16=0.0%, 32=0.0%, >=64=0.0%
     submit    : 0=0.0%, 4=100.0%, 8=0.0%, 16=0.0%, 32=0.0%, 64=0.0%, >=64=0.0%
     complete  : 0=0.0%, 4=100.0%, 8=0.0%, 16=0.0%, 32=0.0%, 64=0.0%, >=64=0.0%
     issued rwt: total=0,1077191973,0, short=0,0,0, dropped=0,0,0
     latency   : target=0, window=0, percentile=100.00%, depth=4
job14: (groupid=0, jobs=1): err= 0: pid=42712: Fri Jun 16 15:58:57 2017
  write: IOPS=135k, BW=527MiB/s (552MB/s)(3704GiB/7200001msec)
    slat (usec): min=1, max=153, avg= 4.10, stdev= 2.37
    clat (usec): min=0, max=10432, avg=24.85, stdev=34.35
     lat (usec): min=8, max=10437, avg=29.01, stdev=34.68
    clat percentiles (usec):
     |  1.00th=[   10],  5.00th=[   12], 10.00th=[   14], 20.00th=[   15],
     | 30.00th=[   17], 40.00th=[   19], 50.00th=[   21], 60.00th=[   23],
     | 70.00th=[   26], 80.00th=[   31], 90.00th=[   38], 95.00th=[   48],
     | 99.00th=[   75], 99.50th=[   90], 99.90th=[  233], 99.95th=[  382],
     | 99.99th=[ 1096]
    lat (usec) : 2=0.01%, 4=0.01%, 10=0.64%, 20=43.34%, 50=51.36%
    lat (usec) : 100=4.29%, 250=0.28%, 500=0.05%, 750=0.02%, 1000=0.01%
    lat (msec) : 2=0.01%, 4=0.01%, 10=0.01%, 20=0.01%
  cpu          : usr=14.44%, sys=73.36%, ctx=72070304, majf=0, minf=28246
  IO depths    : 1=0.1%, 2=0.1%, 4=100.0%, 8=0.0%, 16=0.0%, 32=0.0%, >=64=0.0%
     submit    : 0=0.0%, 4=100.0%, 8=0.0%, 16=0.0%, 32=0.0%, 64=0.0%, >=64=0.0%
     complete  : 0=0.0%, 4=100.0%, 8=0.0%, 16=0.0%, 32=0.0%, 64=0.0%, >=64=0.0%
     issued rwt: total=0,971084814,0, short=0,0,0, dropped=0,0,0
     latency   : target=0, window=0, percentile=100.00%, depth=4
job15: (groupid=0, jobs=1): err= 0: pid=42713: Fri Jun 16 15:58:57 2017
  write: IOPS=88.4k, BW=345MiB/s (362MB/s)(2428GiB/7200000msec)
    slat (usec): min=1, max=1067, avg= 6.09, stdev= 4.28
    clat (usec): min=1, max=10194, avg=38.33, stdev=49.51
     lat (usec): min=9, max=10199, avg=44.49, stdev=50.46
    clat percentiles (usec):
     |  1.00th=[   11],  5.00th=[   16], 10.00th=[   18], 20.00th=[   21],
     | 30.00th=[   24], 40.00th=[   27], 50.00th=[   30], 60.00th=[   35],
     | 70.00th=[   41], 80.00th=[   50], 90.00th=[   64], 95.00th=[   75],
     | 99.00th=[  117], 99.50th=[  183], 99.90th=[  620], 99.95th=[  940],
     | 99.99th=[ 1640]
    lat (usec) : 2=0.01%, 4=0.01%, 10=0.11%, 20=16.29%, 50=62.79%
    lat (usec) : 100=19.13%, 250=1.39%, 500=0.17%, 750=0.06%, 1000=0.03%
    lat (msec) : 2=0.04%, 4=0.01%, 10=0.01%, 20=0.01%
  cpu          : usr=11.29%, sys=76.42%, ctx=45951394, majf=0, minf=120704
  IO depths    : 1=0.1%, 2=0.1%, 4=100.0%, 8=0.0%, 16=0.0%, 32=0.0%, >=64=0.0%
     submit    : 0=0.0%, 4=100.0%, 8=0.0%, 16=0.0%, 32=0.0%, 64=0.0%, >=64=0.0%
     complete  : 0=0.0%, 4=100.0%, 8=0.0%, 16=0.0%, 32=0.0%, 64=0.0%, >=64=0.0%
     issued rwt: total=0,636358972,0, short=0,0,0, dropped=0,0,0
     latency   : target=0, window=0, percentile=100.00%, depth=4

Run status group 0 (all jobs):
  WRITE: bw=8981MiB/s (9418MB/s), 345MiB/s-648MiB/s (362MB/s-680MB/s), io=61.7TiB (67.9TB), run=7200000-7200001msec

Disk stats (read/write):
  nvme0n1: ios=60/1077438360, merge=0/0, ticks=7/16657577, in_queue=16537922, util=92.89%
  nvme1n1: ios=60/1033028571, merge=0/0, ticks=5/15776037, in_queue=15647117, util=91.58%
  nvme2n1: ios=0/1055282210, merge=0/0, ticks=0/16282785, in_queue=16149954, util=92.44%
  nvme3n1: ios=0/979282032, merge=0/0, ticks=0/14736432, in_queue=14580992, util=90.04%
  nvme4n1: ios=0/1091472499, merge=0/0, ticks=0/17275531, in_queue=17159333, util=93.76%
  nvme5n1: ios=0/968221204, merge=0/0, ticks=0/14542032, in_queue=14389865, util=90.51%
  nvme6n1: ios=0/1109664673, merge=0/0, ticks=0/17788663, in_queue=17667587, util=93.62%
  nvme7n1: ios=0/1014343369, merge=0/0, ticks=0/15608060, in_queue=15469575, util=92.38%
  nvme8n1: ios=0/1024615137, merge=0/0, ticks=0/15873945, in_queue=15731628, util=92.91%
  nvme9n1: ios=0/1095304896, merge=0/0, ticks=0/17835270, in_queue=17701370, util=94.03%
  nvme10n1: ios=0/1099307786, merge=0/0, ticks=0/17745367, in_queue=17639895, util=93.45%
  nvme11n1: ios=0/1126303069, merge=0/0, ticks=0/18592332, in_queue=18479423, util=94.37%
  nvme12n1: ios=0/1195250738, merge=0/0, ticks=0/18795818, in_queue=18733046, util=96.16%
  nvme13n1: ios=0/1077187447, merge=0/0, ticks=0/16536994, in_queue=16408978, util=95.06%
  nvme14n1: ios=0/971081030, merge=0/0, ticks=0/14050546, in_queue=13903839, util=93.14%
  nvme15n1: ios=0/636356961, merge=0/0, ticks=0/11471258, in_queue=11312932, util=81.36%
fio: unable to open 'kernel_fio_job' job file
